<?xml version="1.0" encoding="UTF-8"?>
<testsuite xmlns:xsi="http://www.w3.org/2001/XMLSchema-instance" xsi:noNamespaceSchemaLocation="https://maven.apache.org/surefire/maven-surefire-plugin/xsd/surefire-test-report.xsd" version="3.0.2" name="com.example.WorkHub.controllers.TenantControllerTest" time="14.874" tests="5" errors="0" skipped="0" failures="0" flakes="0">
  <properties>
[...]
</properties>
  <testcase name="createTenant_ShouldReturnCreatedTenant" classname="com.example.WorkHub.controllers.TenantControllerTest" time="0.351">
    <system-out><![CDATA[13:04:49.510 [main] INFO org.springframework.test.context.support.AnnotationConfigContextLoaderUtils -- Could not detect default configuration classes for test class [com.example.WorkHub.controllers.TenantControllerTest]: TenantControllerTest does not declare any static, non-private, non-final, nested classes annotated with @Configuration.
13:04:49.714 [main] INFO org.springframework.boot.test.context.SpringBootTestContextBootstrapper -- Found @SpringBootConfiguration com.example.WorkHub.WorkHubApplication for test class com.example.WorkHub.controllers.TenantControllerTest
13:04:49.797 [main] INFO org.springframework.test.context.support.AnnotationConfigContextLoaderUtils -- Could not detect default configuration classes for test class [com.example.WorkHub.controllers.TenantControllerTest]: TenantControllerTest does not declare any static, non-private, non-final, nested classes annotated with @Configuration.
13:04:49.798 [main] INFO org.springframework.test.context.support.AnnotationConfigContextLoaderUtils -- Could not detect default configuration classes for test class [com.example.WorkHub.support.PostgresIntegrationTestBase]: PostgresIntegrationTestBase does not declare any static, non-private, non-final, nested classes annotated with @Configuration.
13:04:49.802 [main] INFO org.springframework.boot.test.context.SpringBootTestContextBootstrapper -- Found @SpringBootConfiguration com.example.WorkHub.WorkHubApplication for test class com.example.WorkHub.controllers.TenantControllerTest
13:04:50.080 [main] INFO org.springframework.boot.devtools.restart.RestartApplicationListener -- Restart disabled due to context in which it is running

  .   ____          _            __ _ _
 /\\ / ___'_ __ _ _(_)_ __  __ _ \ \ \ \
( ( )\___ | '_ | '_| | '_ \/ _` | \ \ \ \
 \\/  ___)| |_)| | | | | || (_| |  ) ) ) )
  '  |____| .__|_| |_|_| |_\__, | / / / /
 =========|_|==============|___/=/_/_/_/

 :: Spring Boot ::                (v4.0.4)

2026-05-18 13:04:50.590 [main] INFO  o.testcontainers.images.PullPolicy [] - Image pull policy will be performed by: DefaultPullPolicy()
2026-05-18 13:04:50.592 [main] INFO  o.t.utility.ImageNameSubstitutor [] - Image name substitution will be performed by: DefaultImageNameSubstitutor (composite of 'ConfigurationFileImageNameSubstitutor' and 'PrefixingImageNameSubstitutor')
2026-05-18 13:04:50.777 [background-preinit] INFO  o.h.validator.internal.util.Version [] - HV000001: Hibernate Validator 9.0.1.Final
2026-05-18 13:04:50.932 [main] INFO  o.t.d.DockerClientProviderStrategy [] - Loaded org.testcontainers.dockerclient.NpipeSocketClientProviderStrategy from ~/.testcontainers.properties, will try it first
2026-05-18 13:04:51.303 [main] INFO  o.t.d.DockerClientProviderStrategy [] - Found Docker environment with local Npipe socket (npipe:////./pipe/docker_engine)
2026-05-18 13:04:51.305 [main] INFO  o.testcontainers.DockerClientFactory [] - Docker host IP address is localhost
2026-05-18 13:04:51.329 [main] INFO  o.testcontainers.DockerClientFactory [] - Connected to docker: 
  Server Version: 28.0.4
  API Version: 1.48
  Operating System: Docker Desktop
  Total Memory: 7827 MB
2026-05-18 13:04:51.433 [main] INFO  tc.testcontainers/ryuk:0.7.0 [] - Creating container for image: testcontainers/ryuk:0.7.0
2026-05-18 13:04:51.675 [main] INFO  o.t.utility.RegistryAuthLocator [] - Credential helper/store (docker-credential-desktop) does not have credentials for https://index.docker.io/v1/
2026-05-18 13:04:51.832 [main] INFO  tc.testcontainers/ryuk:0.7.0 [] - Container testcontainers/ryuk:0.7.0 is starting: 1afc5d35489843028fa4b947ff8bb82c85a35f66c2d27b3dfc7d497fdea67ea5
2026-05-18 13:04:52.342 [main] INFO  tc.testcontainers/ryuk:0.7.0 [] - Container testcontainers/ryuk:0.7.0 started in PT0.9094609S
2026-05-18 13:04:52.351 [main] INFO  o.t.utility.RyukResourceReaper [] - Ryuk started - will monitor and terminate Testcontainers containers on JVM exit
2026-05-18 13:04:52.351 [main] INFO  o.testcontainers.DockerClientFactory [] - Checking the system...
2026-05-18 13:04:52.352 [main] INFO  o.testcontainers.DockerClientFactory [] - ✔︎ Docker server version should be at least 1.6.0
2026-05-18 13:04:52.352 [main] INFO  tc.postgres:16-alpine [] - Creating container for image: postgres:16-alpine
2026-05-18 13:04:52.432 [main] INFO  tc.postgres:16-alpine [] - Container postgres:16-alpine is starting: faf488e53f5c36a13b33028b08663c87f7f04927ccd61383625ee87bb5010b10
2026-05-18 13:04:54.484 [main] INFO  tc.postgres:16-alpine [] - Container postgres:16-alpine started in PT2.1314063S
2026-05-18 13:04:54.485 [main] INFO  tc.postgres:16-alpine [] - Container is started (JDBC URL: jdbc:postgresql://localhost:52596/workhub?loggerLevel=OFF)
2026-05-18 13:04:54.492 [main] INFO  c.e.W.c.TenantControllerTest [] - Starting TenantControllerTest using Java 21.0.11 with PID 1924 (started by ahmed in D:\down\WorkHub-2)
2026-05-18 13:04:54.492 [main] DEBUG c.e.W.c.TenantControllerTest [] - Running with Spring Boot v4.0.4, Spring v7.0.6
2026-05-18 13:04:54.493 [main] INFO  c.e.W.c.TenantControllerTest [] - No active profile set, falling back to 1 default profile: "default"
2026-05-18 13:04:55.780 [main] INFO  o.s.d.r.c.RepositoryConfigurationDelegate [] - Bootstrapping Spring Data JPA repositories in DEFAULT mode.
2026-05-18 13:04:55.879 [main] INFO  o.s.d.r.c.RepositoryConfigurationDelegate [] - Finished Spring Data repository scanning in 88 ms. Found 6 JPA repository interfaces.
2026-05-18 13:04:58.005 [main] DEBUG o.s.o.j.LocalContainerEntityManagerFactoryBean [] - Building JPA container EntityManagerFactory for persistence unit 'default'
2026-05-18 13:04:58.017 [main] INFO  org.hibernate.orm.jpa [] - HHH008540: Processing PersistenceUnitInfo [name: default]
2026-05-18 13:04:58.134 [main] INFO  org.hibernate.orm.core [] - HHH000001: Hibernate ORM core version 7.2.7.Final
2026-05-18 13:04:58.188 [main] DEBUG o.s.o.j.h.SpringBeanContainer [] - Falling back to Hibernate's default producer after bean creation failure for interface org.hibernate.engine.jdbc.connections.spi.MultiTenantConnectionProvider: org.springframework.beans.factory.BeanCreationException: Error creating bean with name 'org.hibernate.engine.jdbc.connections.spi.MultiTenantConnectionProvider': Failed to instantiate [org.hibernate.engine.jdbc.connections.spi.MultiTenantConnectionProvider]: Specified class is an interface
2026-05-18 13:04:58.740 [main] INFO  o.s.o.j.p.SpringPersistenceUnitInfo [] - No LoadTimeWeaver setup: ignoring JPA class transformer
2026-05-18 13:04:58.801 [main] INFO  com.zaxxer.hikari.HikariDataSource [] - HikariPool-1 - Starting...
2026-05-18 13:04:59.091 [main] INFO  com.zaxxer.hikari.pool.HikariPool [] - HikariPool-1 - Added connection org.postgresql.jdbc.PgConnection@28833fff
2026-05-18 13:04:59.094 [main] INFO  com.zaxxer.hikari.HikariDataSource [] - HikariPool-1 - Start completed.
2026-05-18 13:04:59.149 [main] WARN  org.hibernate.orm.deprecation [] - HHH90000025: PostgreSQLDialect does not need to be specified explicitly using 'hibernate.dialect' (remove the property setting and it will be selected by default)
2026-05-18 13:04:59.215 [main] INFO  o.hibernate.orm.connections.pooling [] - HHH10001005: Database info:
	Database JDBC URL [jdbc:postgresql://localhost:52596/workhub?loggerLevel=OFF]
	Database driver: PostgreSQL JDBC Driver
	Database dialect: PostgreSQLDialect
	Database version: 16.14
	Default catalog/schema: workhub/public
	Autocommit mode: undefined/unknown
	Isolation level: READ_COMMITTED [default READ_COMMITTED]
	JDBC fetch size: none
	Pool: DataSourceConnectionProvider
	Minimum pool size: undefined/unknown
	Maximum pool size: undefined/unknown
2026-05-18 13:04:59.679 [main] DEBUG o.s.o.j.h.SpringBeanContainer [] - Falling back to Hibernate's default producer after bean creation failure for interface org.hibernate.context.spi.CurrentTenantIdentifierResolver: org.springframework.beans.factory.NoSuchBeanDefinitionException: No qualifying bean of type 'org.hibernate.context.spi.CurrentTenantIdentifierResolver<?>' available
2026-05-18 13:04:59.681 [main] DEBUG o.s.o.j.h.SpringBeanContainer [] - Falling back to Hibernate's default producer after bean creation failure for interface org.hibernate.context.spi.TenantSchemaMapper: org.springframework.beans.factory.NoSuchBeanDefinitionException: No qualifying bean of type 'org.hibernate.context.spi.TenantSchemaMapper<?>' available
2026-05-18 13:05:00.714 [main] INFO  org.hibernate.orm.core [] - HHH000489: No JTA platform available (set 'hibernate.transaction.jta.platform' to enable JTA platform integration)
Hibernate: set client_min_messages = WARNING
Hibernate: alter table if exists tasks drop constraint if exists FKsfhn82y57i3k9uxww1s007acc
Hibernate: drop table if exists processed_messages cascade
Hibernate: drop table if exists projects cascade
Hibernate: drop table if exists report_jobs cascade
Hibernate: drop table if exists tasks cascade
Hibernate: drop table if exists tenant cascade
Hibernate: drop table if exists users cascade
Hibernate: drop sequence if exists users_seq
Hibernate: create sequence users_seq start with 1 increment by 50
Hibernate: create table processed_messages (id bigint generated by default as identity, processed_at timestamp(6) with time zone not null, consumer_name varchar(100) not null, message_id varchar(100) not null, primary key (id), unique (message_id, consumer_name))
Hibernate: create table projects (created_at timestamp(6) with time zone not null, id bigint generated by default as identity, tenant_id bigint not null, name varchar(255) not null, primary key (id), unique (name, tenant_id))
Hibernate: create table report_jobs (completed_at timestamp(6) with time zone, created_at timestamp(6) with time zone not null, id bigint generated by default as identity, started_at timestamp(6) with time zone, tenant_id bigint not null, result_message varchar(1000), failure_reason varchar(2000), report_type varchar(255) not null, status varchar(255) not null check ((status in ('QUEUED','PROCESSING','COMPLETED','FAILED'))), primary key (id))
Hibernate: create table tasks (created_at timestamp(6) with time zone not null, id bigint generated by default as identity, project_id bigint not null, tenant_id bigint not null, version bigint, status varchar(255) not null, title varchar(255) not null, primary key (id))
Hibernate: create table tenant (id bigint generated by default as identity, name varchar(255) unique, plan varchar(255), primary key (id))
Hibernate: create table users (id bigint not null, tenant_id bigint not null, email varchar(255), password varchar(255), role varchar(255), primary key (id))
Hibernate: alter table if exists tasks add constraint FKsfhn82y57i3k9uxww1s007acc foreign key (project_id) references projects
2026-05-18 13:05:00.800 [main] INFO  o.s.o.j.LocalContainerEntityManagerFactoryBean [] - Initialized JPA EntityManagerFactory for persistence unit 'default'
2026-05-18 13:05:00.936 [main] INFO  o.s.d.j.r.q.QueryEnhancerFactories [] - Hibernate is in classpath; If applicable, HQL parser will be used.
2026-05-18 13:05:01.239 [main] INFO  o.s.s.c.a.a.c.InitializeUserDetailsBeanManagerConfigurer$InitializeUserDetailsManagerConfigurer [] - Global AuthenticationManager configured with UserDetailsService bean with name customUserDetailsService
2026-05-18 13:05:01.320 [main] TRACE o.s.t.a.AnnotationTransactionAttributeSource [] - Adding transactional method 'com.example.WorkHub.services.ProjectService.createProjectWithInitialTask' with attribute: PROPAGATION_REQUIRED,ISOLATION_DEFAULT
2026-05-18 13:05:01.333 [main] TRACE o.s.t.a.AnnotationTransactionAttributeSource [] - Adding transactional method 'com.example.WorkHub.services.ProjectService.getProjectsByTenant' with attribute: PROPAGATION_REQUIRED,ISOLATION_DEFAULT,readOnly
2026-05-18 13:05:01.334 [main] TRACE o.s.t.a.AnnotationTransactionAttributeSource [] - Adding transactional method 'com.example.WorkHub.services.ProjectService.getProjectById' with attribute: PROPAGATION_REQUIRED,ISOLATION_DEFAULT,readOnly
2026-05-18 13:05:01.429 [main] TRACE o.s.t.a.AnnotationTransactionAttributeSource [] - Adding transactional method 'com.example.WorkHub.services.ReportService.getStatus' with attribute: PROPAGATION_REQUIRED,ISOLATION_DEFAULT,readOnly
2026-05-18 13:05:01.430 [main] TRACE o.s.t.a.AnnotationTransactionAttributeSource [] - Adding transactional method 'com.example.WorkHub.services.ReportService.markFailed' with attribute: PROPAGATION_REQUIRED,ISOLATION_DEFAULT
2026-05-18 13:05:01.431 [main] TRACE o.s.t.a.AnnotationTransactionAttributeSource [] - Adding transactional method 'com.example.WorkHub.services.ReportService.markProcessing' with attribute: PROPAGATION_REQUIRED,ISOLATION_DEFAULT
2026-05-18 13:05:01.431 [main] TRACE o.s.t.a.AnnotationTransactionAttributeSource [] - Adding transactional method 'com.example.WorkHub.services.ReportService.enqueueReport' with attribute: PROPAGATION_REQUIRED,ISOLATION_DEFAULT
2026-05-18 13:05:01.431 [main] TRACE o.s.t.a.AnnotationTransactionAttributeSource [] - Adding transactional method 'com.example.WorkHub.services.ReportService.markCompleted' with attribute: PROPAGATION_REQUIRED,ISOLATION_DEFAULT
2026-05-18 13:05:01.471 [main] TRACE o.s.t.a.AnnotationTransactionAttributeSource [] - Adding transactional method 'com.example.WorkHub.messaging.consumer.ReportRequestedConsumer.consume' with attribute: PROPAGATION_REQUIRED,ISOLATION_DEFAULT
2026-05-18 13:05:01.773 [main] WARN  o.s.b.j.a.JpaBaseConfiguration$JpaWebConfiguration [] - spring.jpa.open-in-view is enabled by default. Therefore, database queries may be performed during view rendering. Explicitly configure spring.jpa.open-in-view to disable this warning
2026-05-18 13:05:03.448 [main] DEBUG c.e.WorkHub.auth.CorrelationIdFilter [] - Filter 'correlationIdFilter' configured for use
2026-05-18 13:05:03.448 [main] DEBUG c.example.WorkHub.auth.JwtAuthFilter [] - Filter 'jwtAuthFilter' configured for use
2026-05-18 13:05:03.448 [main] DEBUG c.e.W.auth.TenantJwtAlignmentFilter [] - Filter 'tenantJwtAlignmentFilter' configured for use
2026-05-18 13:05:03.448 [main] DEBUG c.e.W.config.TenantRateLimitFilter [] - Filter 'tenantRateLimitFilter' configured for use
2026-05-18 13:05:03.449 [main] INFO  o.s.b.t.m.w.SpringBootMockServletContext [] - Initializing Spring TestDispatcherServlet ''
2026-05-18 13:05:03.449 [main] INFO  o.s.t.w.s.TestDispatcherServlet [] - Initializing Servlet ''
2026-05-18 13:05:03.454 [main] INFO  o.s.b.a.e.web.EndpointLinksResolver [] - Exposing 4 endpoints beneath base path '/actuator'
2026-05-18 13:05:03.462 [main] INFO  o.s.t.w.s.TestDispatcherServlet [] - Completed initialization in 13 ms
2026-05-18 13:05:03.629 [main] INFO  c.e.W.c.TenantControllerTest [] - Started TenantControllerTest in 13.559 seconds (process running for 15.281)
2026-05-18 13:05:03.790 [main] WARN  o.s.c.events.SpringDocAppInitializer [] - SpringDoc /v3/api-docs endpoint is enabled by default. To disable it in production, set the property 'springdoc.api-docs.enabled=false'
2026-05-18 13:05:03.790 [main] WARN  o.s.c.events.SpringDocAppInitializer [] - SpringDoc /swagger-ui.html endpoint is enabled by default. To disable it in production, set the property 'springdoc.swagger-ui.enabled=false'
2026-05-18 13:05:03.997 [main] DEBUG o.s.o.j.s.OpenEntityManagerInViewInterceptor [346a0e81-643e-4272-b57c-74bf025cdc0a] - Opening JPA EntityManager in OpenEntityManagerInViewInterceptor
2026-05-18 13:05:04.108 [main] DEBUG o.s.o.j.s.OpenEntityManagerInViewInterceptor [346a0e81-643e-4272-b57c-74bf025cdc0a] - Closing JPA EntityManager in OpenEntityManagerInViewInterceptor
]]></system-out>
    <system-err><![CDATA[13:04:50,450 |-WARN in ch.qos.logback.core.model.processor.AppenderRefModelHandler - Appender named [DEBUG_FILE] could not be found. Skipping attachment to Logger[ROOT].
13:04:50,451 |-WARN in ch.qos.logback.core.model.processor.AppenderRefModelHandler - Appender named [WARN_FILE] could not be found. Skipping attachment to Logger[ROOT].
13:04:50,451 |-WARN in ch.qos.logback.core.model.processor.AppenderRefModelHandler - Appender named [ERROR_FILE] could not be found. Skipping attachment to Logger[ROOT].
Mockito is currently self-attaching to enable the inline-mock-maker. This will no longer work in future releases of the JDK. Please add Mockito as an agent to your build as described in Mockito's documentation: https://javadoc.io/doc/org.mockito/mockito-core/latest/org.mockito/org/mockito/Mockito.html#0.3
WARNING: A Java agent has been loaded dynamically (C:\Users\ahmed\.m2\repository\net\bytebuddy\byte-buddy-agent\1.17.8\byte-buddy-agent-1.17.8.jar)
WARNING: If a serviceability tool is in use, please run with -XX:+EnableDynamicAgentLoading to hide this warning
WARNING: If a serviceability tool is not in use, please run with -Djdk.instrument.traceUsage for more information
WARNING: Dynamic loading of agents will be disallowed by default in a future release
]]></system-err>
  </testcase>
  <testcase name="getAllTenants_ShouldReturnList" classname="com.example.WorkHub.controllers.TenantControllerTest" time="0.023">
    <system-out><![CDATA[2026-05-18 13:05:04.168 [main] DEBUG o.s.o.j.s.OpenEntityManagerInViewInterceptor [92a5a3d0-d59d-46c1-b072-4414a77bac48] - Opening JPA EntityManager in OpenEntityManagerInViewInterceptor
2026-05-18 13:05:04.174 [main] DEBUG o.s.o.j.s.OpenEntityManagerInViewInterceptor [92a5a3d0-d59d-46c1-b072-4414a77bac48] - Closing JPA EntityManager in OpenEntityManagerInViewInterceptor
]]></system-out>
  </testcase>
  <testcase name="deleteTenant_ShouldReturnNoContent" classname="com.example.WorkHub.controllers.TenantControllerTest" time="0.017">
    <system-out><![CDATA[2026-05-18 13:05:04.191 [main] DEBUG o.s.o.j.s.OpenEntityManagerInViewInterceptor [ca8726ed-ef39-4ebb-b535-bf04e471b44d] - Opening JPA EntityManager in OpenEntityManagerInViewInterceptor
2026-05-18 13:05:04.193 [main] DEBUG o.s.o.j.s.OpenEntityManagerInViewInterceptor [ca8726ed-ef39-4ebb-b535-bf04e471b44d] - Closing JPA EntityManager in OpenEntityManagerInViewInterceptor
]]></system-out>
  </testcase>
  <testcase name="updateTenant_ShouldReturnUpdatedTenant" classname="com.example.WorkHub.controllers.TenantControllerTest" time="0.021">
    <system-out><![CDATA[2026-05-18 13:05:04.218 [main] DEBUG o.s.o.j.s.OpenEntityManagerInViewInterceptor [56134c6f-d5c6-456d-90b8-efb8b85e0162] - Opening JPA EntityManager in OpenEntityManagerInViewInterceptor
2026-05-18 13:05:04.222 [main] DEBUG o.s.o.j.s.OpenEntityManagerInViewInterceptor [56134c6f-d5c6-456d-90b8-efb8b85e0162] - Closing JPA EntityManager in OpenEntityManagerInViewInterceptor
]]></system-out>
  </testcase>
  <testcase name="getTenantById_ShouldReturnTenant" classname="com.example.WorkHub.controllers.TenantControllerTest" time="0.019">
    <system-out><![CDATA[2026-05-18 13:05:04.243 [main] DEBUG o.s.o.j.s.OpenEntityManagerInViewInterceptor [f8b34d7e-a15e-4745-8bcd-144c378c42cf] - Opening JPA EntityManager in OpenEntityManagerInViewInterceptor
2026-05-18 13:05:04.246 [main] DEBUG o.s.o.j.s.OpenEntityManagerInViewInterceptor [f8b34d7e-a15e-4745-8bcd-144c378c42cf] - Closing JPA EntityManager in OpenEntityManagerInViewInterceptor
]]></system-out>
  </testcase>
</testsuite>