<?xml version="1.0" encoding="UTF-8"?>
<testsuite xmlns:xsi="http://www.w3.org/2001/XMLSchema-instance" xsi:noNamespaceSchemaLocation="https://maven.apache.org/surefire/maven-surefire-plugin/xsd/surefire-test-report.xsd" version="3.0.2" name="com.example.WorkHub.MessagingReliabilityIntegrationTest" time="20.175" tests="2" errors="0" skipped="0" failures="0" flakes="0">
  <properties>
[...]
</properties>
  <testcase name="duplicateMessage_processedExactlyOnce" classname="com.example.WorkHub.MessagingReliabilityIntegrationTest" time="2.684">
    <system-out><![CDATA[2026-05-16 18:43:15.060 [main] INFO  o.s.b.t.c.SpringBootTestContextBootstrapper [] - Found @SpringBootConfiguration com.example.WorkHub.WorkHubApplication for test class com.example.WorkHub.MessagingReliabilityIntegrationTest
2026-05-16 18:43:15.069 [main] INFO  o.s.b.t.c.SpringBootTestContextBootstrapper [] - Found @SpringBootConfiguration com.example.WorkHub.WorkHubApplication for test class com.example.WorkHub.MessagingReliabilityIntegrationTest
2026-05-16 18:43:15.130 [main] INFO  o.testcontainers.images.PullPolicy [] - Image pull policy will be performed by: DefaultPullPolicy()
2026-05-16 18:43:15.135 [main] INFO  o.t.utility.ImageNameSubstitutor [] - Image name substitution will be performed by: DefaultImageNameSubstitutor (composite of 'ConfigurationFileImageNameSubstitutor' and 'PrefixingImageNameSubstitutor')
2026-05-16 18:43:15.453 [main] INFO  o.t.d.DockerClientProviderStrategy [] - Loaded org.testcontainers.dockerclient.NpipeSocketClientProviderStrategy from ~/.testcontainers.properties, will try it first
2026-05-16 18:43:15.855 [main] INFO  o.t.d.DockerClientProviderStrategy [] - Found Docker environment with local Npipe socket (npipe:////./pipe/docker_engine)
2026-05-16 18:43:15.859 [main] INFO  o.testcontainers.DockerClientFactory [] - Docker host IP address is localhost
2026-05-16 18:43:15.889 [main] INFO  o.testcontainers.DockerClientFactory [] - Connected to docker: 
  Server Version: 28.0.4
  API Version: 1.48
  Operating System: Docker Desktop
  Total Memory: 7827 MB
2026-05-16 18:43:15.894 [main] WARN  o.t.utility.ResourceReaper [] - 
********************************************************************************
Ryuk has been disabled. This can cause unexpected behavior in your environment.
********************************************************************************
2026-05-16 18:43:15.899 [main] INFO  o.testcontainers.DockerClientFactory [] - Checking the system...
2026-05-16 18:43:15.902 [main] INFO  o.testcontainers.DockerClientFactory [] - ✔︎ Docker server version should be at least 1.6.0
2026-05-16 18:43:15.982 [main] INFO  tc.confluentinc/cp-kafka:7.6.1 [] - Creating container for image: confluentinc/cp-kafka:7.6.1
2026-05-16 18:43:16.386 [main] INFO  o.t.utility.RegistryAuthLocator [] - Credential helper/store (docker-credential-desktop) does not have credentials for https://index.docker.io/v1/
2026-05-16 18:43:16.719 [main] INFO  tc.confluentinc/cp-kafka:7.6.1 [] - Container confluentinc/cp-kafka:7.6.1 is starting: 469f5869903e60f80f9473bdbef638841545a0bd460754ade8d267f593d84096
2026-05-16 18:43:25.749 [main] INFO  tc.confluentinc/cp-kafka:7.6.1 [] - Container confluentinc/cp-kafka:7.6.1 started in PT9.7671201S
2026-05-16 18:43:25.768 [main] INFO  o.s.b.d.r.RestartApplicationListener [] - Restart disabled due to context in which it is running

  .   ____          _            __ _ _
 /\\ / ___'_ __ _ _(_)_ __  __ _ \ \ \ \
( ( )\___ | '_ | '_| | '_ \/ _` | \ \ \ \
 \\/  ___)| |_)| | | | | || (_| |  ) ) ) )
  '  |____| .__|_| |_|_| |_\__, | / / / /
 =========|_|==============|___/=/_/_/_/

 :: Spring Boot ::                (v4.0.4)

2026-05-16 18:43:25.894 [main] INFO  c.e.W.MessagingReliabilityIntegrationTest [] - Starting MessagingReliabilityIntegrationTest using Java 21.0.11 with PID 26068 (started by ahmed in D:\down\WorkHub-2)
2026-05-16 18:43:25.898 [main] DEBUG c.e.W.MessagingReliabilityIntegrationTest [] - Running with Spring Boot v4.0.4, Spring v7.0.6
2026-05-16 18:43:25.898 [main] INFO  c.e.W.MessagingReliabilityIntegrationTest [] - No active profile set, falling back to 1 default profile: "default"
2026-05-16 18:43:26.940 [main] INFO  o.s.d.r.c.RepositoryConfigurationDelegate [] - Bootstrapping Spring Data JPA repositories in DEFAULT mode.
2026-05-16 18:43:27.000 [main] INFO  o.s.d.r.c.RepositoryConfigurationDelegate [] - Finished Spring Data repository scanning in 56 ms. Found 6 JPA repository interfaces.
2026-05-16 18:43:27.500 [main] DEBUG o.s.o.j.LocalContainerEntityManagerFactoryBean [] - Building JPA container EntityManagerFactory for persistence unit 'default'
2026-05-16 18:43:27.501 [main] INFO  org.hibernate.orm.jpa [] - HHH008540: Processing PersistenceUnitInfo [name: default]
2026-05-16 18:43:27.523 [main] DEBUG o.s.o.j.h.SpringBeanContainer [] - Falling back to Hibernate's default producer after bean creation failure for interface org.hibernate.engine.jdbc.connections.spi.MultiTenantConnectionProvider: org.springframework.beans.factory.BeanCreationException: Error creating bean with name 'org.hibernate.engine.jdbc.connections.spi.MultiTenantConnectionProvider': Failed to instantiate [org.hibernate.engine.jdbc.connections.spi.MultiTenantConnectionProvider]: Specified class is an interface
2026-05-16 18:43:27.609 [main] INFO  o.s.o.j.p.SpringPersistenceUnitInfo [] - No LoadTimeWeaver setup: ignoring JPA class transformer
2026-05-16 18:43:27.613 [main] INFO  com.zaxxer.hikari.HikariDataSource [] - HikariPool-2 - Starting...
2026-05-16 18:43:27.706 [main] INFO  com.zaxxer.hikari.pool.HikariPool [] - HikariPool-2 - Added connection org.postgresql.jdbc.PgConnection@4bcaa38c
2026-05-16 18:43:27.707 [main] INFO  com.zaxxer.hikari.HikariDataSource [] - HikariPool-2 - Start completed.
2026-05-16 18:43:27.717 [main] WARN  org.hibernate.orm.deprecation [] - HHH90000025: PostgreSQLDialect does not need to be specified explicitly using 'hibernate.dialect' (remove the property setting and it will be selected by default)
2026-05-16 18:43:27.725 [main] INFO  o.hibernate.orm.connections.pooling [] - HHH10001005: Database info:
	Database JDBC URL [jdbc:postgresql://127.0.0.1:5433/workhub]
	Database driver: PostgreSQL JDBC Driver
	Database dialect: PostgreSQLDialect
	Database version: 15.18
	Default catalog/schema: workhub/public
	Autocommit mode: undefined/unknown
	Isolation level: READ_COMMITTED [default READ_COMMITTED]
	JDBC fetch size: none
	Pool: DataSourceConnectionProvider
	Minimum pool size: undefined/unknown
	Maximum pool size: undefined/unknown
2026-05-16 18:43:27.803 [main] DEBUG o.s.o.j.h.SpringBeanContainer [] - Falling back to Hibernate's default producer after bean creation failure for interface org.hibernate.context.spi.CurrentTenantIdentifierResolver: org.springframework.beans.factory.NoSuchBeanDefinitionException: No qualifying bean of type 'org.hibernate.context.spi.CurrentTenantIdentifierResolver<?>' available
2026-05-16 18:43:27.807 [main] DEBUG o.s.o.j.h.SpringBeanContainer [] - Falling back to Hibernate's default producer after bean creation failure for interface org.hibernate.context.spi.TenantSchemaMapper: org.springframework.beans.factory.NoSuchBeanDefinitionException: No qualifying bean of type 'org.hibernate.context.spi.TenantSchemaMapper<?>' available
2026-05-16 18:43:27.933 [main] INFO  org.hibernate.orm.core [] - HHH000489: No JTA platform available (set 'hibernate.transaction.jta.platform' to enable JTA platform integration)
2026-05-16 18:43:28.014 [main] INFO  o.s.o.j.LocalContainerEntityManagerFactoryBean [] - Initialized JPA EntityManagerFactory for persistence unit 'default'
2026-05-16 18:43:28.104 [main] INFO  o.s.s.c.a.a.c.InitializeUserDetailsBeanManagerConfigurer$InitializeUserDetailsManagerConfigurer [] - Global AuthenticationManager configured with UserDetailsService bean with name customUserDetailsService
2026-05-16 18:43:28.156 [main] TRACE o.s.t.a.AnnotationTransactionAttributeSource [] - Adding transactional method 'com.example.WorkHub.services.ProjectService.createProjectWithInitialTask' with attribute: PROPAGATION_REQUIRED,ISOLATION_DEFAULT
2026-05-16 18:43:28.175 [main] TRACE o.s.t.a.AnnotationTransactionAttributeSource [] - Adding transactional method 'com.example.WorkHub.services.ReportService.getStatus' with attribute: PROPAGATION_REQUIRED,ISOLATION_DEFAULT,readOnly
2026-05-16 18:43:28.185 [main] TRACE o.s.t.a.AnnotationTransactionAttributeSource [] - Adding transactional method 'com.example.WorkHub.messaging.consumer.ReportRequestedConsumer.consume' with attribute: PROPAGATION_REQUIRED,ISOLATION_DEFAULT
2026-05-16 18:43:28.271 [main] WARN  o.s.b.j.a.JpaBaseConfiguration$JpaWebConfiguration [] - spring.jpa.open-in-view is enabled by default. Therefore, database queries may be performed during view rendering. Explicitly configure spring.jpa.open-in-view to disable this warning
2026-05-16 18:43:28.884 [main] DEBUG c.e.WorkHub.auth.CorrelationIdFilter [] - Filter 'correlationIdFilter' configured for use
2026-05-16 18:43:28.885 [main] DEBUG c.example.WorkHub.auth.JwtAuthFilter [] - Filter 'jwtAuthFilter' configured for use
2026-05-16 18:43:28.885 [main] DEBUG c.e.W.auth.TenantJwtAlignmentFilter [] - Filter 'tenantJwtAlignmentFilter' configured for use
2026-05-16 18:43:28.885 [main] INFO  o.s.b.t.m.w.SpringBootMockServletContext [] - Initializing Spring TestDispatcherServlet ''
2026-05-16 18:43:28.886 [main] INFO  o.s.t.w.s.TestDispatcherServlet [] - Initializing Servlet ''
2026-05-16 18:43:28.888 [main] INFO  o.s.b.a.e.web.EndpointLinksResolver [] - Exposing 4 endpoints beneath base path '/actuator'
2026-05-16 18:43:28.891 [main] INFO  o.s.t.w.s.TestDispatcherServlet [] - Completed initialization in 5 ms
2026-05-16 18:43:28.944 [main] INFO  o.a.k.common.config.AbstractConfig [] - AdminClientConfig values: 
	bootstrap.controllers = []
	bootstrap.servers = [PLAINTEXT://localhost:55338]
	client.dns.lookup = use_all_dns_ips
	client.id = WorkHub-admin-0
	connections.max.idle.ms = 300000
	default.api.timeout.ms = 60000
	enable.metrics.push = false
	metadata.max.age.ms = 300000
	metadata.recovery.rebootstrap.trigger.ms = 300000
	metadata.recovery.strategy = rebootstrap
	metric.reporters = [org.apache.kafka.common.metrics.JmxReporter]
	metrics.num.samples = 2
	metrics.recording.level = INFO
	metrics.sample.window.ms = 30000
	receive.buffer.bytes = 65536
	reconnect.backoff.max.ms = 1000
	reconnect.backoff.ms = 50
	request.timeout.ms = 30000
	retries = 2147483647
	retry.backoff.max.ms = 1000
	retry.backoff.ms = 100
	sasl.client.callback.handler.class = null
	sasl.jaas.config = null
	sasl.kerberos.kinit.cmd = /usr/bin/kinit
	sasl.kerberos.min.time.before.relogin = 60000
	sasl.kerberos.service.name = null
	sasl.kerberos.ticket.renew.jitter = 0.05
	sasl.kerberos.ticket.renew.window.factor = 0.8
	sasl.login.callback.handler.class = null
	sasl.login.class = null
	sasl.login.connect.timeout.ms = null
	sasl.login.read.timeout.ms = null
	sasl.login.refresh.buffer.seconds = 300
	sasl.login.refresh.min.period.seconds = 60
	sasl.login.refresh.window.factor = 0.8
	sasl.login.refresh.window.jitter = 0.05
	sasl.login.retry.backoff.max.ms = 10000
	sasl.login.retry.backoff.ms = 100
	sasl.mechanism = GSSAPI
	sasl.oauthbearer.assertion.algorithm = RS256
	sasl.oauthbearer.assertion.claim.aud = null
	sasl.oauthbearer.assertion.claim.exp.seconds = 300
	sasl.oauthbearer.assertion.claim.iss = null
	sasl.oauthbearer.assertion.claim.jti.include = false
	sasl.oauthbearer.assertion.claim.nbf.seconds = 60
	sasl.oauthbearer.assertion.claim.sub = null
	sasl.oauthbearer.assertion.file = null
	sasl.oauthbearer.assertion.private.key.file = null
	sasl.oauthbearer.assertion.private.key.passphrase = null
	sasl.oauthbearer.assertion.template.file = null
	sasl.oauthbearer.client.credentials.client.id = null
	sasl.oauthbearer.client.credentials.client.secret = null
	sasl.oauthbearer.clock.skew.seconds = 30
	sasl.oauthbearer.expected.audience = null
	sasl.oauthbearer.expected.issuer = null
	sasl.oauthbearer.header.urlencode = false
	sasl.oauthbearer.jwks.endpoint.refresh.ms = 3600000
	sasl.oauthbearer.jwks.endpoint.retry.backoff.max.ms = 10000
	sasl.oauthbearer.jwks.endpoint.retry.backoff.ms = 100
	sasl.oauthbearer.jwks.endpoint.url = null
	sasl.oauthbearer.jwt.retriever.class = class org.apache.kafka.common.security.oauthbearer.DefaultJwtRetriever
	sasl.oauthbearer.jwt.validator.class = class org.apache.kafka.common.security.oauthbearer.DefaultJwtValidator
	sasl.oauthbearer.scope = null
	sasl.oauthbearer.scope.claim.name = scope
	sasl.oauthbearer.sub.claim.name = sub
	sasl.oauthbearer.token.endpoint.url = null
	security.protocol = PLAINTEXT
	security.providers = null
	send.buffer.bytes = 131072
	socket.connection.setup.timeout.max.ms = 30000
	socket.connection.setup.timeout.ms = 10000
	ssl.cipher.suites = null
	ssl.enabled.protocols = [TLSv1.2, TLSv1.3]
	ssl.endpoint.identification.algorithm = https
	ssl.engine.factory.class = null
	ssl.key.password = null
	ssl.keymanager.algorithm = SunX509
	ssl.keystore.certificate.chain = null
	ssl.keystore.key = null
	ssl.keystore.location = null
	ssl.keystore.password = null
	ssl.keystore.type = JKS
	ssl.protocol = TLSv1.3
	ssl.provider = null
	ssl.secure.random.implementation = null
	ssl.trustmanager.algorithm = PKIX
	ssl.truststore.certificates = null
	ssl.truststore.location = null
	ssl.truststore.password = null
	ssl.truststore.type = JKS

2026-05-16 18:43:29.066 [main] INFO  o.a.kafka.common.utils.AppInfoParser [] - Kafka version: 4.1.2
2026-05-16 18:43:29.068 [main] INFO  o.a.kafka.common.utils.AppInfoParser [] - Kafka commitId: c82fd9b934b4c1e6
2026-05-16 18:43:29.068 [main] INFO  o.a.kafka.common.utils.AppInfoParser [] - Kafka startTimeMs: 1778946209064
2026-05-16 18:43:30.423 [main] INFO  o.a.kafka.common.metrics.Metrics [] - Metrics scheduler closed
2026-05-16 18:43:30.424 [main] INFO  o.a.kafka.common.metrics.Metrics [] - Closing reporter org.apache.kafka.common.metrics.JmxReporter
2026-05-16 18:43:30.424 [main] INFO  o.a.kafka.common.metrics.Metrics [] - Metrics reporters closed
2026-05-16 18:43:30.426 [kafka-admin-client-thread | WorkHub-admin-0] INFO  o.a.kafka.common.utils.AppInfoParser [] - App info kafka.admin.client for WorkHub-admin-0 unregistered
2026-05-16 18:43:30.437 [kafka-admin-client-thread | WorkHub-admin-0] INFO  o.a.kafka.common.metrics.Metrics [] - Metrics scheduler closed
2026-05-16 18:43:30.438 [kafka-admin-client-thread | WorkHub-admin-0] INFO  o.a.kafka.common.metrics.Metrics [] - Closing reporter org.apache.kafka.common.metrics.JmxReporter
2026-05-16 18:43:30.438 [kafka-admin-client-thread | WorkHub-admin-0] INFO  o.a.kafka.common.metrics.Metrics [] - Metrics reporters closed
2026-05-16 18:43:30.505 [main] INFO  o.a.k.common.config.AbstractConfig [] - ConsumerConfig values: 
	allow.auto.create.topics = true
	auto.commit.interval.ms = 5000
	auto.offset.reset = earliest
	bootstrap.servers = [PLAINTEXT://localhost:55338]
	check.crcs = true
	client.dns.lookup = use_all_dns_ips
	client.id = consumer-workhub-report-consumers-1
	client.rack = 
	connections.max.idle.ms = 540000
	default.api.timeout.ms = 60000
	enable.auto.commit = false
	enable.metrics.push = true
	exclude.internal.topics = true
	fetch.max.bytes = 52428800
	fetch.max.wait.ms = 500
	fetch.min.bytes = 1
	group.id = workhub-report-consumers
	group.instance.id = null
	group.protocol = classic
	group.remote.assignor = null
	heartbeat.interval.ms = 3000
	interceptor.classes = []
	internal.leave.group.on.close = true
	internal.throw.on.fetch.stable.offset.unsupported = false
	isolation.level = read_uncommitted
	key.deserializer = class org.apache.kafka.common.serialization.StringDeserializer
	max.partition.fetch.bytes = 1048576
	max.poll.interval.ms = 300000
	max.poll.records = 500
	metadata.max.age.ms = 300000
	metadata.recovery.rebootstrap.trigger.ms = 300000
	metadata.recovery.strategy = rebootstrap
	metric.reporters = [org.apache.kafka.common.metrics.JmxReporter]
	metrics.num.samples = 2
	metrics.recording.level = INFO
	metrics.sample.window.ms = 30000
	partition.assignment.strategy = [class org.apache.kafka.clients.consumer.RangeAssignor, class org.apache.kafka.clients.consumer.CooperativeStickyAssignor]
	receive.buffer.bytes = 65536
	reconnect.backoff.max.ms = 1000
	reconnect.backoff.ms = 50
	request.timeout.ms = 30000
	retry.backoff.max.ms = 1000
	retry.backoff.ms = 100
	sasl.client.callback.handler.class = null
	sasl.jaas.config = null
	sasl.kerberos.kinit.cmd = /usr/bin/kinit
	sasl.kerberos.min.time.before.relogin = 60000
	sasl.kerberos.service.name = null
	sasl.kerberos.ticket.renew.jitter = 0.05
	sasl.kerberos.ticket.renew.window.factor = 0.8
	sasl.login.callback.handler.class = null
	sasl.login.class = null
	sasl.login.connect.timeout.ms = null
	sasl.login.read.timeout.ms = null
	sasl.login.refresh.buffer.seconds = 300
	sasl.login.refresh.min.period.seconds = 60
	sasl.login.refresh.window.factor = 0.8
	sasl.login.refresh.window.jitter = 0.05
	sasl.login.retry.backoff.max.ms = 10000
	sasl.login.retry.backoff.ms = 100
	sasl.mechanism = GSSAPI
	sasl.oauthbearer.assertion.algorithm = RS256
	sasl.oauthbearer.assertion.claim.aud = null
	sasl.oauthbearer.assertion.claim.exp.seconds = 300
	sasl.oauthbearer.assertion.claim.iss = null
	sasl.oauthbearer.assertion.claim.jti.include = false
	sasl.oauthbearer.assertion.claim.nbf.seconds = 60
	sasl.oauthbearer.assertion.claim.sub = null
	sasl.oauthbearer.assertion.file = null
	sasl.oauthbearer.assertion.private.key.file = null
	sasl.oauthbearer.assertion.private.key.passphrase = null
	sasl.oauthbearer.assertion.template.file = null
	sasl.oauthbearer.client.credentials.client.id = null
	sasl.oauthbearer.client.credentials.client.secret = null
	sasl.oauthbearer.clock.skew.seconds = 30
	sasl.oauthbearer.expected.audience = null
	sasl.oauthbearer.expected.issuer = null
	sasl.oauthbearer.header.urlencode = false
	sasl.oauthbearer.jwks.endpoint.refresh.ms = 3600000
	sasl.oauthbearer.jwks.endpoint.retry.backoff.max.ms = 10000
	sasl.oauthbearer.jwks.endpoint.retry.backoff.ms = 100
	sasl.oauthbearer.jwks.endpoint.url = null
	sasl.oauthbearer.jwt.retriever.class = class org.apache.kafka.common.security.oauthbearer.DefaultJwtRetriever
	sasl.oauthbearer.jwt.validator.class = class org.apache.kafka.common.security.oauthbearer.DefaultJwtValidator
	sasl.oauthbearer.scope = null
	sasl.oauthbearer.scope.claim.name = scope
	sasl.oauthbearer.sub.claim.name = sub
	sasl.oauthbearer.token.endpoint.url = null
	security.protocol = PLAINTEXT
	security.providers = null
	send.buffer.bytes = 131072
	session.timeout.ms = 45000
	share.acknowledgement.mode = implicit
	socket.connection.setup.timeout.max.ms = 30000
	socket.connection.setup.timeout.ms = 10000
	ssl.cipher.suites = null
	ssl.enabled.protocols = [TLSv1.2, TLSv1.3]
	ssl.endpoint.identification.algorithm = https
	ssl.engine.factory.class = null
	ssl.key.password = null
	ssl.keymanager.algorithm = SunX509
	ssl.keystore.certificate.chain = null
	ssl.keystore.key = null
	ssl.keystore.location = null
	ssl.keystore.password = null
	ssl.keystore.type = JKS
	ssl.protocol = TLSv1.3
	ssl.provider = null
	ssl.secure.random.implementation = null
	ssl.trustmanager.algorithm = PKIX
	ssl.truststore.certificates = null
	ssl.truststore.location = null
	ssl.truststore.password = null
	ssl.truststore.type = JKS
	value.deserializer = class org.springframework.kafka.support.serializer.JsonDeserializer

2026-05-16 18:43:30.581 [main] INFO  o.a.k.c.t.i.KafkaMetricsCollector [] - initializing Kafka metrics collector
2026-05-16 18:43:30.693 [main] INFO  o.a.kafka.common.utils.AppInfoParser [] - Kafka version: 4.1.2
2026-05-16 18:43:30.694 [main] INFO  o.a.kafka.common.utils.AppInfoParser [] - Kafka commitId: c82fd9b934b4c1e6
2026-05-16 18:43:30.694 [main] INFO  o.a.kafka.common.utils.AppInfoParser [] - Kafka startTimeMs: 1778946210693
2026-05-16 18:43:30.705 [main] INFO  o.a.k.c.c.i.ClassicKafkaConsumer [] - [Consumer clientId=consumer-workhub-report-consumers-1, groupId=workhub-report-consumers] Subscribed to topic(s): workhub.report.requested.v1
2026-05-16 18:43:30.731 [main] INFO  c.e.W.MessagingReliabilityIntegrationTest [] - Started MessagingReliabilityIntegrationTest in 4.963 seconds (process running for 35.772)
2026-05-16 18:43:30.735 [main] WARN  o.s.c.events.SpringDocAppInitializer [] - SpringDoc /v3/api-docs endpoint is enabled by default. To disable it in production, set the property 'springdoc.api-docs.enabled=false'
2026-05-16 18:43:30.736 [main] WARN  o.s.c.events.SpringDocAppInitializer [] - SpringDoc /swagger-ui.html endpoint is enabled by default. To disable it in production, set the property 'springdoc.swagger-ui.enabled=false'
2026-05-16 18:43:30.797 [main] DEBUG o.s.orm.jpa.JpaTransactionManager [] - Creating new transaction with name [org.springframework.data.jpa.repository.support.SimpleJpaRepository.save]: PROPAGATION_REQUIRED,ISOLATION_DEFAULT
2026-05-16 18:43:30.802 [main] DEBUG o.s.orm.jpa.JpaTransactionManager [] - Opened new EntityManager [SessionImpl(681091664<open>)] for JPA transaction
2026-05-16 18:43:30.820 [org.springframework.kafka.KafkaListenerEndpointContainer#0-0-C-1] INFO  org.apache.kafka.clients.Metadata [] - [Consumer clientId=consumer-workhub-report-consumers-1, groupId=workhub-report-consumers] Cluster ID: xr9W5-icRaafi9Y003HJfg
2026-05-16 18:43:30.822 [main] DEBUG o.s.orm.jpa.JpaTransactionManager [] - Exposing JPA transaction as JDBC [org.springframework.orm.jpa.vendor.HibernateJpaDialect$HibernateConnectionHandle@654b7497]
2026-05-16 18:43:30.823 [main] TRACE o.s.t.i.TransactionInterceptor [] - Getting transaction for [org.springframework.data.jpa.repository.support.SimpleJpaRepository.save]
Hibernate: insert into tenant (name,plan) values (?,?)
2026-05-16 18:43:31.051 [org.springframework.kafka.KafkaListenerEndpointContainer#0-0-C-1] INFO  o.a.k.c.c.i.ConsumerCoordinator [] - [Consumer clientId=consumer-workhub-report-consumers-1, groupId=workhub-report-consumers] Discovered group coordinator localhost:55338 (id: 2147483646 rack: null isFenced: false)
2026-05-16 18:43:31.060 [org.springframework.kafka.KafkaListenerEndpointContainer#0-0-C-1] INFO  o.a.k.c.c.i.ConsumerCoordinator [] - [Consumer clientId=consumer-workhub-report-consumers-1, groupId=workhub-report-consumers] (Re-)joining group
2026-05-16 18:43:31.064 [main] TRACE o.s.t.i.TransactionInterceptor [] - Completing transaction for [org.springframework.data.jpa.repository.support.SimpleJpaRepository.save]
2026-05-16 18:43:31.064 [main] DEBUG o.s.orm.jpa.JpaTransactionManager [] - Initiating transaction commit
2026-05-16 18:43:31.065 [main] DEBUG o.s.orm.jpa.JpaTransactionManager [] - Committing JPA transaction on EntityManager [SessionImpl(681091664<open>)]
2026-05-16 18:43:31.094 [main] DEBUG o.s.orm.jpa.JpaTransactionManager [] - Closing JPA EntityManager after transaction
2026-05-16 18:43:31.150 [org.springframework.kafka.KafkaListenerEndpointContainer#0-0-C-1] INFO  o.a.k.c.c.i.ConsumerCoordinator [] - [Consumer clientId=consumer-workhub-report-consumers-1, groupId=workhub-report-consumers] Request joining group due to: need to re-join with the given member-id: consumer-workhub-report-consumers-1-fe1abc38-9849-4ece-b4b0-1a52df66e76c
2026-05-16 18:43:31.152 [org.springframework.kafka.KafkaListenerEndpointContainer#0-0-C-1] INFO  o.a.k.c.c.i.ConsumerCoordinator [] - [Consumer clientId=consumer-workhub-report-consumers-1, groupId=workhub-report-consumers] (Re-)joining group
2026-05-16 18:43:31.193 [main] DEBUG o.s.orm.jpa.JpaTransactionManager [] - Creating new transaction with name [org.springframework.data.jpa.repository.support.SimpleJpaRepository.save]: PROPAGATION_REQUIRED,ISOLATION_DEFAULT
2026-05-16 18:43:31.193 [main] DEBUG o.s.orm.jpa.JpaTransactionManager [] - Opened new EntityManager [SessionImpl(1917017583<open>)] for JPA transaction
2026-05-16 18:43:31.194 [main] DEBUG o.s.orm.jpa.JpaTransactionManager [] - Exposing JPA transaction as JDBC [org.springframework.orm.jpa.vendor.HibernateJpaDialect$HibernateConnectionHandle@34289e5f]
2026-05-16 18:43:31.194 [main] TRACE o.s.t.i.TransactionInterceptor [] - Getting transaction for [org.springframework.data.jpa.repository.support.SimpleJpaRepository.save]
Hibernate: select nextval('users_seq')
2026-05-16 18:43:31.202 [org.springframework.kafka.KafkaListenerEndpointContainer#0-0-C-1] INFO  o.a.k.c.c.i.ConsumerCoordinator [] - [Consumer clientId=consumer-workhub-report-consumers-1, groupId=workhub-report-consumers] Successfully joined group with generation Generation{generationId=1, memberId='consumer-workhub-report-consumers-1-fe1abc38-9849-4ece-b4b0-1a52df66e76c', protocol='range'}
2026-05-16 18:43:31.213 [main] TRACE o.s.t.i.TransactionInterceptor [] - Completing transaction for [org.springframework.data.jpa.repository.support.SimpleJpaRepository.save]
2026-05-16 18:43:31.213 [main] DEBUG o.s.orm.jpa.JpaTransactionManager [] - Initiating transaction commit
2026-05-16 18:43:31.213 [main] DEBUG o.s.orm.jpa.JpaTransactionManager [] - Committing JPA transaction on EntityManager [SessionImpl(1917017583<open>)]
Hibernate: insert into users (email,password,role,tenant_id,id) values (?,?,?,?,?)
2026-05-16 18:43:31.225 [org.springframework.kafka.KafkaListenerEndpointContainer#0-0-C-1] INFO  o.a.k.c.c.i.ConsumerCoordinator [] - [Consumer clientId=consumer-workhub-report-consumers-1, groupId=workhub-report-consumers] Finished assignment for group at generation 1: {consumer-workhub-report-consumers-1-fe1abc38-9849-4ece-b4b0-1a52df66e76c=Assignment(partitions=[workhub.report.requested.v1-0])}
2026-05-16 18:43:31.231 [main] DEBUG o.s.orm.jpa.JpaTransactionManager [] - Closing JPA EntityManager after transaction
2026-05-16 18:43:31.335 [org.springframework.kafka.KafkaListenerEndpointContainer#0-0-C-1] INFO  o.a.k.c.c.i.ConsumerCoordinator [] - [Consumer clientId=consumer-workhub-report-consumers-1, groupId=workhub-report-consumers] Successfully synced group in generation Generation{generationId=1, memberId='consumer-workhub-report-consumers-1-fe1abc38-9849-4ece-b4b0-1a52df66e76c', protocol='range'}
2026-05-16 18:43:31.337 [org.springframework.kafka.KafkaListenerEndpointContainer#0-0-C-1] INFO  o.a.k.c.c.i.ConsumerCoordinator [] - [Consumer clientId=consumer-workhub-report-consumers-1, groupId=workhub-report-consumers] Notifying assignor about the new Assignment(partitions=[workhub.report.requested.v1-0])
2026-05-16 18:43:31.341 [org.springframework.kafka.KafkaListenerEndpointContainer#0-0-C-1] INFO  o.a.k.c.c.i.ConsumerRebalanceListenerInvoker [] - [Consumer clientId=consumer-workhub-report-consumers-1, groupId=workhub-report-consumers] Adding newly assigned partitions: [workhub.report.requested.v1-0]
2026-05-16 18:43:31.369 [org.springframework.kafka.KafkaListenerEndpointContainer#0-0-C-1] INFO  o.a.k.c.c.i.ConsumerCoordinator [] - [Consumer clientId=consumer-workhub-report-consumers-1, groupId=workhub-report-consumers] Found no committed offset for partition workhub.report.requested.v1-0
2026-05-16 18:43:31.375 [main] TRACE o.s.t.i.TransactionInterceptor [d166033e-c58e-4871-9adf-bc8a30a60138] - No need to create transaction for [org.springframework.data.jpa.repository.support.SimpleJpaRepository.findByEmailAndTenantId]: This method is not transactional.
2026-05-16 18:43:31.409 [org.springframework.kafka.KafkaListenerEndpointContainer#0-0-C-1] INFO  o.a.k.c.c.i.SubscriptionState [] - [Consumer clientId=consumer-workhub-report-consumers-1, groupId=workhub-report-consumers] Resetting offset for partition workhub.report.requested.v1-0 to position FetchPosition{offset=0, offsetEpoch=Optional.empty, currentLeader=LeaderAndEpoch{leader=Optional[localhost:55338 (id: 1 rack: null isFenced: false)], epoch=0}}.
2026-05-16 18:43:31.411 [org.springframework.kafka.KafkaListenerEndpointContainer#0-0-C-1] INFO  o.s.k.l.KafkaMessageListenerContainer [] - workhub-report-consumers: partitions assigned: [workhub.report.requested.v1-0]
2026-05-16 18:43:31.433 [main] DEBUG o.s.o.j.SharedEntityManagerCreator$SharedEntityManagerInvocationHandler [d166033e-c58e-4871-9adf-bc8a30a60138] - Creating new EntityManager for shared EntityManager invocation
Hibernate: select u1_0.id,u1_0.email,u1_0.password,u1_0.role,u1_0.tenant_id from users u1_0 where u1_0.email=? and u1_0.tenant_id=?
2026-05-16 18:43:32.319 [main] DEBUG o.s.o.j.s.OpenEntityManagerInViewInterceptor [d166033e-c58e-4871-9adf-bc8a30a60138] - Opening JPA EntityManager in OpenEntityManagerInViewInterceptor
2026-05-16 18:43:32.452 [main] TRACE o.s.t.a.AnnotationTransactionAttributeSource [d166033e-c58e-4871-9adf-bc8a30a60138] - Adding transactional method 'com.example.WorkHub.services.ReportService.enqueueReport' with attribute: PROPAGATION_REQUIRED,ISOLATION_DEFAULT
2026-05-16 18:43:32.453 [main] DEBUG o.s.orm.jpa.JpaTransactionManager [d166033e-c58e-4871-9adf-bc8a30a60138] - Found thread-bound EntityManager [SessionImpl(261770869<open>)] for JPA transaction
2026-05-16 18:43:32.453 [main] DEBUG o.s.orm.jpa.JpaTransactionManager [d166033e-c58e-4871-9adf-bc8a30a60138] - Creating new transaction with name [com.example.WorkHub.services.ReportService.enqueueReport]: PROPAGATION_REQUIRED,ISOLATION_DEFAULT
2026-05-16 18:43:32.453 [main] DEBUG o.s.orm.jpa.JpaTransactionManager [d166033e-c58e-4871-9adf-bc8a30a60138] - Exposing JPA transaction as JDBC [org.springframework.orm.jpa.vendor.HibernateJpaDialect$HibernateConnectionHandle@2720786f]
2026-05-16 18:43:32.453 [main] TRACE o.s.t.i.TransactionInterceptor [d166033e-c58e-4871-9adf-bc8a30a60138] - Getting transaction for [com.example.WorkHub.services.ReportService.enqueueReport]
2026-05-16 18:43:32.454 [main] DEBUG o.s.orm.jpa.JpaTransactionManager [d166033e-c58e-4871-9adf-bc8a30a60138] - Found thread-bound EntityManager [SessionImpl(261770869<open>)] for JPA transaction
2026-05-16 18:43:32.454 [main] DEBUG o.s.orm.jpa.JpaTransactionManager [d166033e-c58e-4871-9adf-bc8a30a60138] - Participating in existing transaction
2026-05-16 18:43:32.454 [main] TRACE o.s.t.i.TransactionInterceptor [d166033e-c58e-4871-9adf-bc8a30a60138] - Getting transaction for [org.springframework.data.jpa.repository.support.SimpleJpaRepository.save]
Hibernate: insert into report_jobs (completed_at,created_at,failure_reason,report_type,result_message,started_at,status,tenant_id) values (?,?,?,?,?,?,?,?)
2026-05-16 18:43:32.460 [main] TRACE o.s.t.i.TransactionInterceptor [d166033e-c58e-4871-9adf-bc8a30a60138] - Completing transaction for [org.springframework.data.jpa.repository.support.SimpleJpaRepository.save]
2026-05-16 18:43:32.486 [main] INFO  o.a.k.common.config.AbstractConfig [d166033e-c58e-4871-9adf-bc8a30a60138] - ProducerConfig values: 
	acks = -1
	batch.size = 16384
	bootstrap.servers = [PLAINTEXT://localhost:55338]
	buffer.memory = 33554432
	client.dns.lookup = use_all_dns_ips
	client.id = WorkHub-producer-1
	compression.gzip.level = -1
	compression.lz4.level = 9
	compression.type = none
	compression.zstd.level = 3
	connections.max.idle.ms = 540000
	delivery.timeout.ms = 120000
	enable.idempotence = true
	enable.metrics.push = true
	interceptor.classes = []
	key.serializer = class org.apache.kafka.common.serialization.StringSerializer
	linger.ms = 5
	max.block.ms = 60000
	max.in.flight.requests.per.connection = 5
	max.request.size = 1048576
	metadata.max.age.ms = 300000
	metadata.max.idle.ms = 300000
	metadata.recovery.rebootstrap.trigger.ms = 300000
	metadata.recovery.strategy = rebootstrap
	metric.reporters = [org.apache.kafka.common.metrics.JmxReporter]
	metrics.num.samples = 2
	metrics.recording.level = INFO
	metrics.sample.window.ms = 30000
	partitioner.adaptive.partitioning.enable = true
	partitioner.availability.timeout.ms = 0
	partitioner.class = null
	partitioner.ignore.keys = false
	receive.buffer.bytes = 32768
	reconnect.backoff.max.ms = 1000
	reconnect.backoff.ms = 50
	request.timeout.ms = 30000
	retries = 2147483647
	retry.backoff.max.ms = 1000
	retry.backoff.ms = 100
	sasl.client.callback.handler.class = null
	sasl.jaas.config = null
	sasl.kerberos.kinit.cmd = /usr/bin/kinit
	sasl.kerberos.min.time.before.relogin = 60000
	sasl.kerberos.service.name = null
	sasl.kerberos.ticket.renew.jitter = 0.05
	sasl.kerberos.ticket.renew.window.factor = 0.8
	sasl.login.callback.handler.class = null
	sasl.login.class = null
	sasl.login.connect.timeout.ms = null
	sasl.login.read.timeout.ms = null
	sasl.login.refresh.buffer.seconds = 300
	sasl.login.refresh.min.period.seconds = 60
	sasl.login.refresh.window.factor = 0.8
	sasl.login.refresh.window.jitter = 0.05
	sasl.login.retry.backoff.max.ms = 10000
	sasl.login.retry.backoff.ms = 100
	sasl.mechanism = GSSAPI
	sasl.oauthbearer.assertion.algorithm = RS256
	sasl.oauthbearer.assertion.claim.aud = null
	sasl.oauthbearer.assertion.claim.exp.seconds = 300
	sasl.oauthbearer.assertion.claim.iss = null
	sasl.oauthbearer.assertion.claim.jti.include = false
	sasl.oauthbearer.assertion.claim.nbf.seconds = 60
	sasl.oauthbearer.assertion.claim.sub = null
	sasl.oauthbearer.assertion.file = null
	sasl.oauthbearer.assertion.private.key.file = null
	sasl.oauthbearer.assertion.private.key.passphrase = null
	sasl.oauthbearer.assertion.template.file = null
	sasl.oauthbearer.client.credentials.client.id = null
	sasl.oauthbearer.client.credentials.client.secret = null
	sasl.oauthbearer.clock.skew.seconds = 30
	sasl.oauthbearer.expected.audience = null
	sasl.oauthbearer.expected.issuer = null
	sasl.oauthbearer.header.urlencode = false
	sasl.oauthbearer.jwks.endpoint.refresh.ms = 3600000
	sasl.oauthbearer.jwks.endpoint.retry.backoff.max.ms = 10000
	sasl.oauthbearer.jwks.endpoint.retry.backoff.ms = 100
	sasl.oauthbearer.jwks.endpoint.url = null
	sasl.oauthbearer.jwt.retriever.class = class org.apache.kafka.common.security.oauthbearer.DefaultJwtRetriever
	sasl.oauthbearer.jwt.validator.class = class org.apache.kafka.common.security.oauthbearer.DefaultJwtValidator
	sasl.oauthbearer.scope = null
	sasl.oauthbearer.scope.claim.name = scope
	sasl.oauthbearer.sub.claim.name = sub
	sasl.oauthbearer.token.endpoint.url = null
	security.protocol = PLAINTEXT
	security.providers = null
	send.buffer.bytes = 131072
	socket.connection.setup.timeout.max.ms = 30000
	socket.connection.setup.timeout.ms = 10000
	ssl.cipher.suites = null
	ssl.enabled.protocols = [TLSv1.2, TLSv1.3]
	ssl.endpoint.identification.algorithm = https
	ssl.engine.factory.class = null
	ssl.key.password = null
	ssl.keymanager.algorithm = SunX509
	ssl.keystore.certificate.chain = null
	ssl.keystore.key = null
	ssl.keystore.location = null
	ssl.keystore.password = null
	ssl.keystore.type = JKS
	ssl.protocol = TLSv1.3
	ssl.provider = null
	ssl.secure.random.implementation = null
	ssl.trustmanager.algorithm = PKIX
	ssl.truststore.certificates = null
	ssl.truststore.location = null
	ssl.truststore.password = null
	ssl.truststore.type = JKS
	transaction.timeout.ms = 60000
	transaction.two.phase.commit.enable = false
	transactional.id = null
	value.serializer = class org.springframework.kafka.support.serializer.JsonSerializer

2026-05-16 18:43:32.488 [main] INFO  o.a.k.c.t.i.KafkaMetricsCollector [d166033e-c58e-4871-9adf-bc8a30a60138] - initializing Kafka metrics collector
2026-05-16 18:43:32.515 [main] INFO  o.a.k.clients.producer.KafkaProducer [d166033e-c58e-4871-9adf-bc8a30a60138] - [Producer clientId=WorkHub-producer-1] Instantiated an idempotent producer.
2026-05-16 18:43:32.553 [main] INFO  o.a.kafka.common.utils.AppInfoParser [d166033e-c58e-4871-9adf-bc8a30a60138] - Kafka version: 4.1.2
2026-05-16 18:43:32.553 [main] INFO  o.a.kafka.common.utils.AppInfoParser [d166033e-c58e-4871-9adf-bc8a30a60138] - Kafka commitId: c82fd9b934b4c1e6
2026-05-16 18:43:32.554 [main] INFO  o.a.kafka.common.utils.AppInfoParser [d166033e-c58e-4871-9adf-bc8a30a60138] - Kafka startTimeMs: 1778946212553
2026-05-16 18:43:32.572 [kafka-producer-network-thread | WorkHub-producer-1] INFO  org.apache.kafka.clients.Metadata [] - [Producer clientId=WorkHub-producer-1] Cluster ID: xr9W5-icRaafi9Y003HJfg
2026-05-16 18:43:32.603 [main] INFO  c.e.W.m.producer.ReportEventProducer [d166033e-c58e-4871-9adf-bc8a30a60138] - Published report event messageId=4f793e57-37d6-45eb-86d2-6e856751f57b jobId=9
2026-05-16 18:43:32.605 [main] TRACE o.s.t.i.TransactionInterceptor [d166033e-c58e-4871-9adf-bc8a30a60138] - Completing transaction for [com.example.WorkHub.services.ReportService.enqueueReport]
2026-05-16 18:43:32.605 [main] DEBUG o.s.orm.jpa.JpaTransactionManager [d166033e-c58e-4871-9adf-bc8a30a60138] - Initiating transaction commit
2026-05-16 18:43:32.605 [main] DEBUG o.s.orm.jpa.JpaTransactionManager [d166033e-c58e-4871-9adf-bc8a30a60138] - Committing JPA transaction on EntityManager [SessionImpl(261770869<open>)]
2026-05-16 18:43:32.612 [main] DEBUG o.s.orm.jpa.JpaTransactionManager [d166033e-c58e-4871-9adf-bc8a30a60138] - Not closing pre-bound JPA EntityManager after transaction
2026-05-16 18:43:32.632 [main] DEBUG o.s.o.j.s.OpenEntityManagerInViewInterceptor [d166033e-c58e-4871-9adf-bc8a30a60138] - Closing JPA EntityManager in OpenEntityManagerInViewInterceptor
2026-05-16 18:43:32.704 [kafka-producer-network-thread | WorkHub-producer-1] INFO  o.a.k.c.p.i.TransactionManager [] - [Producer clientId=WorkHub-producer-1] ProducerId set to 0 with epoch 0
2026-05-16 18:43:32.788 [org.springframework.kafka.KafkaListenerEndpointContainer#0-0-C-1] DEBUG o.s.orm.jpa.JpaTransactionManager [] - Creating new transaction with name [com.example.WorkHub.messaging.consumer.ReportRequestedConsumer.consume]: PROPAGATION_REQUIRED,ISOLATION_DEFAULT
2026-05-16 18:43:32.789 [org.springframework.kafka.KafkaListenerEndpointContainer#0-0-C-1] DEBUG o.s.orm.jpa.JpaTransactionManager [] - Opened new EntityManager [SessionImpl(6955591<open>)] for JPA transaction
2026-05-16 18:43:32.789 [org.springframework.kafka.KafkaListenerEndpointContainer#0-0-C-1] DEBUG o.s.orm.jpa.JpaTransactionManager [] - Exposing JPA transaction as JDBC [org.springframework.orm.jpa.vendor.HibernateJpaDialect$HibernateConnectionHandle@43e445f8]
2026-05-16 18:43:32.789 [org.springframework.kafka.KafkaListenerEndpointContainer#0-0-C-1] TRACE o.s.t.i.TransactionInterceptor [] - Getting transaction for [com.example.WorkHub.messaging.consumer.ReportRequestedConsumer.consume]
2026-05-16 18:43:32.789 [org.springframework.kafka.KafkaListenerEndpointContainer#0-0-C-1] TRACE o.s.t.i.TransactionInterceptor [] - No need to create transaction for [org.springframework.data.jpa.repository.support.SimpleJpaRepository.existsByMessageIdAndConsumerName]: This method is not transactional.
Hibernate: select pm1_0.id from processed_messages pm1_0 where pm1_0.message_id=? and pm1_0.consumer_name=? fetch first ? rows only
2026-05-16 18:43:32.819 [org.springframework.kafka.KafkaListenerEndpointContainer#0-0-C-1] DEBUG o.s.orm.jpa.JpaTransactionManager [] - Found thread-bound EntityManager [SessionImpl(6955591<open>)] for JPA transaction
2026-05-16 18:43:32.819 [org.springframework.kafka.KafkaListenerEndpointContainer#0-0-C-1] DEBUG o.s.orm.jpa.JpaTransactionManager [] - Participating in existing transaction
2026-05-16 18:43:32.819 [org.springframework.kafka.KafkaListenerEndpointContainer#0-0-C-1] TRACE o.s.t.i.TransactionInterceptor [] - Getting transaction for [org.springframework.data.jpa.repository.support.SimpleJpaRepository.saveAndFlush]
Hibernate: insert into processed_messages (consumer_name,message_id,processed_at) values (?,?,?)
2026-05-16 18:43:32.827 [org.springframework.kafka.KafkaListenerEndpointContainer#0-0-C-1] TRACE o.s.t.i.TransactionInterceptor [] - Completing transaction for [org.springframework.data.jpa.repository.support.SimpleJpaRepository.saveAndFlush]
2026-05-16 18:43:32.827 [org.springframework.kafka.KafkaListenerEndpointContainer#0-0-C-1] TRACE o.s.t.a.AnnotationTransactionAttributeSource [] - Adding transactional method 'com.example.WorkHub.services.ReportService.markProcessing' with attribute: PROPAGATION_REQUIRED,ISOLATION_DEFAULT
2026-05-16 18:43:32.827 [org.springframework.kafka.KafkaListenerEndpointContainer#0-0-C-1] DEBUG o.s.orm.jpa.JpaTransactionManager [] - Found thread-bound EntityManager [SessionImpl(6955591<open>)] for JPA transaction
2026-05-16 18:43:32.828 [org.springframework.kafka.KafkaListenerEndpointContainer#0-0-C-1] DEBUG o.s.orm.jpa.JpaTransactionManager [] - Participating in existing transaction
2026-05-16 18:43:32.828 [org.springframework.kafka.KafkaListenerEndpointContainer#0-0-C-1] TRACE o.s.t.i.TransactionInterceptor [] - Getting transaction for [com.example.WorkHub.services.ReportService.markProcessing]
2026-05-16 18:43:32.828 [org.springframework.kafka.KafkaListenerEndpointContainer#0-0-C-1] DEBUG o.s.orm.jpa.JpaTransactionManager [] - Found thread-bound EntityManager [SessionImpl(6955591<open>)] for JPA transaction
2026-05-16 18:43:32.828 [org.springframework.kafka.KafkaListenerEndpointContainer#0-0-C-1] DEBUG o.s.orm.jpa.JpaTransactionManager [] - Participating in existing transaction
2026-05-16 18:43:32.828 [org.springframework.kafka.KafkaListenerEndpointContainer#0-0-C-1] TRACE o.s.t.i.TransactionInterceptor [] - Getting transaction for [org.springframework.data.jpa.repository.support.SimpleJpaRepository.findById]
Hibernate: select rj1_0.id,rj1_0.completed_at,rj1_0.created_at,rj1_0.failure_reason,rj1_0.report_type,rj1_0.result_message,rj1_0.started_at,rj1_0.status,rj1_0.tenant_id from report_jobs rj1_0 where rj1_0.id=?
2026-05-16 18:43:32.853 [org.springframework.kafka.KafkaListenerEndpointContainer#0-0-C-1] TRACE o.s.t.i.TransactionInterceptor [] - Completing transaction for [org.springframework.data.jpa.repository.support.SimpleJpaRepository.findById]
2026-05-16 18:43:32.854 [org.springframework.kafka.KafkaListenerEndpointContainer#0-0-C-1] TRACE o.s.t.i.TransactionInterceptor [] - Completing transaction for [com.example.WorkHub.services.ReportService.markProcessing]
2026-05-16 18:43:33.057 [org.springframework.kafka.KafkaListenerEndpointContainer#0-0-C-1] TRACE o.s.t.a.AnnotationTransactionAttributeSource [] - Adding transactional method 'com.example.WorkHub.services.ReportService.markCompleted' with attribute: PROPAGATION_REQUIRED,ISOLATION_DEFAULT
2026-05-16 18:43:33.057 [org.springframework.kafka.KafkaListenerEndpointContainer#0-0-C-1] DEBUG o.s.orm.jpa.JpaTransactionManager [] - Found thread-bound EntityManager [SessionImpl(6955591<open>)] for JPA transaction
2026-05-16 18:43:33.058 [org.springframework.kafka.KafkaListenerEndpointContainer#0-0-C-1] DEBUG o.s.orm.jpa.JpaTransactionManager [] - Participating in existing transaction
2026-05-16 18:43:33.058 [org.springframework.kafka.KafkaListenerEndpointContainer#0-0-C-1] TRACE o.s.t.i.TransactionInterceptor [] - Getting transaction for [com.example.WorkHub.services.ReportService.markCompleted]
2026-05-16 18:43:33.059 [org.springframework.kafka.KafkaListenerEndpointContainer#0-0-C-1] DEBUG o.s.orm.jpa.JpaTransactionManager [] - Found thread-bound EntityManager [SessionImpl(6955591<open>)] for JPA transaction
2026-05-16 18:43:33.060 [org.springframework.kafka.KafkaListenerEndpointContainer#0-0-C-1] DEBUG o.s.orm.jpa.JpaTransactionManager [] - Participating in existing transaction
2026-05-16 18:43:33.060 [org.springframework.kafka.KafkaListenerEndpointContainer#0-0-C-1] TRACE o.s.t.i.TransactionInterceptor [] - Getting transaction for [org.springframework.data.jpa.repository.support.SimpleJpaRepository.findById]
2026-05-16 18:43:33.062 [org.springframework.kafka.KafkaListenerEndpointContainer#0-0-C-1] TRACE o.s.t.i.TransactionInterceptor [] - Completing transaction for [org.springframework.data.jpa.repository.support.SimpleJpaRepository.findById]
2026-05-16 18:43:33.062 [org.springframework.kafka.KafkaListenerEndpointContainer#0-0-C-1] TRACE o.s.t.i.TransactionInterceptor [] - Completing transaction for [com.example.WorkHub.services.ReportService.markCompleted]
2026-05-16 18:43:33.062 [org.springframework.kafka.KafkaListenerEndpointContainer#0-0-C-1] INFO  c.e.W.m.c.ReportRequestedConsumer [] - Processed report event messageId=4f793e57-37d6-45eb-86d2-6e856751f57b jobId=9
2026-05-16 18:43:33.062 [org.springframework.kafka.KafkaListenerEndpointContainer#0-0-C-1] TRACE o.s.t.i.TransactionInterceptor [] - Completing transaction for [com.example.WorkHub.messaging.consumer.ReportRequestedConsumer.consume]
2026-05-16 18:43:33.062 [org.springframework.kafka.KafkaListenerEndpointContainer#0-0-C-1] DEBUG o.s.orm.jpa.JpaTransactionManager [] - Initiating transaction commit
2026-05-16 18:43:33.062 [org.springframework.kafka.KafkaListenerEndpointContainer#0-0-C-1] DEBUG o.s.orm.jpa.JpaTransactionManager [] - Committing JPA transaction on EntityManager [SessionImpl(6955591<open>)]
Hibernate: update report_jobs set completed_at=?,failure_reason=?,report_type=?,result_message=?,started_at=?,status=?,tenant_id=? where id=?
2026-05-16 18:43:33.081 [org.springframework.kafka.KafkaListenerEndpointContainer#0-0-C-1] DEBUG o.s.orm.jpa.JpaTransactionManager [] - Closing JPA EntityManager after transaction
2026-05-16 18:43:33.206 [awaitility-thread] DEBUG o.s.orm.jpa.JpaTransactionManager [] - Creating new transaction with name [com.example.WorkHub.services.ReportService.getStatus]: PROPAGATION_REQUIRED,ISOLATION_DEFAULT,readOnly
2026-05-16 18:43:33.206 [awaitility-thread] DEBUG o.s.orm.jpa.JpaTransactionManager [] - Opened new EntityManager [SessionImpl(1101529085<open>)] for JPA transaction
2026-05-16 18:43:33.209 [awaitility-thread] DEBUG o.s.orm.jpa.JpaTransactionManager [] - Exposing JPA transaction as JDBC [org.springframework.orm.jpa.vendor.HibernateJpaDialect$HibernateConnectionHandle@8552f46]
2026-05-16 18:43:33.209 [awaitility-thread] TRACE o.s.t.i.TransactionInterceptor [] - Getting transaction for [com.example.WorkHub.services.ReportService.getStatus]
2026-05-16 18:43:33.210 [awaitility-thread] DEBUG o.s.orm.jpa.JpaTransactionManager [] - Found thread-bound EntityManager [SessionImpl(1101529085<open>)] for JPA transaction
2026-05-16 18:43:33.210 [awaitility-thread] DEBUG o.s.orm.jpa.JpaTransactionManager [] - Participating in existing transaction
2026-05-16 18:43:33.210 [awaitility-thread] TRACE o.s.t.i.TransactionInterceptor [] - Getting transaction for [org.springframework.data.jpa.repository.support.SimpleJpaRepository.findById]
Hibernate: select rj1_0.id,rj1_0.completed_at,rj1_0.created_at,rj1_0.failure_reason,rj1_0.report_type,rj1_0.result_message,rj1_0.started_at,rj1_0.status,rj1_0.tenant_id from report_jobs rj1_0 where rj1_0.id=?
2026-05-16 18:43:33.214 [awaitility-thread] TRACE o.s.t.i.TransactionInterceptor [] - Completing transaction for [org.springframework.data.jpa.repository.support.SimpleJpaRepository.findById]
2026-05-16 18:43:33.216 [awaitility-thread] TRACE o.s.t.i.TransactionInterceptor [] - Completing transaction for [com.example.WorkHub.services.ReportService.getStatus]
2026-05-16 18:43:33.217 [awaitility-thread] DEBUG o.s.orm.jpa.JpaTransactionManager [] - Initiating transaction commit
2026-05-16 18:43:33.217 [awaitility-thread] DEBUG o.s.orm.jpa.JpaTransactionManager [] - Committing JPA transaction on EntityManager [SessionImpl(1101529085<open>)]
2026-05-16 18:43:33.220 [awaitility-thread] DEBUG o.s.orm.jpa.JpaTransactionManager [] - Closing JPA EntityManager after transaction
2026-05-16 18:43:33.329 [main] DEBUG o.s.orm.jpa.JpaTransactionManager [] - Creating new transaction with name [org.springframework.data.jpa.repository.support.SimpleJpaRepository.count]: PROPAGATION_REQUIRED,ISOLATION_DEFAULT,readOnly
2026-05-16 18:43:33.329 [main] DEBUG o.s.orm.jpa.JpaTransactionManager [] - Opened new EntityManager [SessionImpl(1356624790<open>)] for JPA transaction
2026-05-16 18:43:33.331 [main] DEBUG o.s.orm.jpa.JpaTransactionManager [] - Exposing JPA transaction as JDBC [org.springframework.orm.jpa.vendor.HibernateJpaDialect$HibernateConnectionHandle@4a0abf27]
2026-05-16 18:43:33.331 [main] TRACE o.s.t.i.TransactionInterceptor [] - Getting transaction for [org.springframework.data.jpa.repository.support.SimpleJpaRepository.count]
Hibernate: select count(*) from processed_messages pm1_0
2026-05-16 18:43:33.367 [main] TRACE o.s.t.i.TransactionInterceptor [] - Completing transaction for [org.springframework.data.jpa.repository.support.SimpleJpaRepository.count]
2026-05-16 18:43:33.368 [main] DEBUG o.s.orm.jpa.JpaTransactionManager [] - Initiating transaction commit
2026-05-16 18:43:33.368 [main] DEBUG o.s.orm.jpa.JpaTransactionManager [] - Committing JPA transaction on EntityManager [SessionImpl(1356624790<open>)]
2026-05-16 18:43:33.369 [main] DEBUG o.s.orm.jpa.JpaTransactionManager [] - Closing JPA EntityManager after transaction
2026-05-16 18:43:33.375 [main] DEBUG o.s.orm.jpa.JpaTransactionManager [] - Creating new transaction with name [org.springframework.data.jpa.repository.support.SimpleJpaRepository.findAll]: PROPAGATION_REQUIRED,ISOLATION_DEFAULT,readOnly
2026-05-16 18:43:33.375 [main] DEBUG o.s.orm.jpa.JpaTransactionManager [] - Opened new EntityManager [SessionImpl(1215910112<open>)] for JPA transaction
2026-05-16 18:43:33.376 [main] DEBUG o.s.orm.jpa.JpaTransactionManager [] - Exposing JPA transaction as JDBC [org.springframework.orm.jpa.vendor.HibernateJpaDialect$HibernateConnectionHandle@71efa55d]
2026-05-16 18:43:33.376 [main] TRACE o.s.t.i.TransactionInterceptor [] - Getting transaction for [org.springframework.data.jpa.repository.support.SimpleJpaRepository.findAll]
Hibernate: select pm1_0.id,pm1_0.consumer_name,pm1_0.message_id,pm1_0.processed_at from processed_messages pm1_0
2026-05-16 18:43:33.394 [main] TRACE o.s.t.i.TransactionInterceptor [] - Completing transaction for [org.springframework.data.jpa.repository.support.SimpleJpaRepository.findAll]
2026-05-16 18:43:33.394 [main] DEBUG o.s.orm.jpa.JpaTransactionManager [] - Initiating transaction commit
2026-05-16 18:43:33.395 [main] DEBUG o.s.orm.jpa.JpaTransactionManager [] - Committing JPA transaction on EntityManager [SessionImpl(1215910112<open>)]
2026-05-16 18:43:33.402 [main] DEBUG o.s.orm.jpa.JpaTransactionManager [] - Closing JPA EntityManager after transaction
2026-05-16 18:43:33.410 [main] DEBUG o.s.orm.jpa.JpaTransactionManager [] - Creating new transaction with name [org.springframework.data.jpa.repository.support.SimpleJpaRepository.count]: PROPAGATION_REQUIRED,ISOLATION_DEFAULT,readOnly
2026-05-16 18:43:33.411 [main] DEBUG o.s.orm.jpa.JpaTransactionManager [] - Opened new EntityManager [SessionImpl(996871156<open>)] for JPA transaction
2026-05-16 18:43:33.411 [main] DEBUG o.s.orm.jpa.JpaTransactionManager [] - Exposing JPA transaction as JDBC [org.springframework.orm.jpa.vendor.HibernateJpaDialect$HibernateConnectionHandle@3c419521]
2026-05-16 18:43:33.411 [main] TRACE o.s.t.i.TransactionInterceptor [] - Getting transaction for [org.springframework.data.jpa.repository.support.SimpleJpaRepository.count]
Hibernate: select count(*) from processed_messages pm1_0
2026-05-16 18:43:33.417 [main] TRACE o.s.t.i.TransactionInterceptor [] - Completing transaction for [org.springframework.data.jpa.repository.support.SimpleJpaRepository.count]
2026-05-16 18:43:33.417 [main] DEBUG o.s.orm.jpa.JpaTransactionManager [] - Initiating transaction commit
2026-05-16 18:43:33.417 [main] DEBUG o.s.orm.jpa.JpaTransactionManager [] - Committing JPA transaction on EntityManager [SessionImpl(996871156<open>)]
2026-05-16 18:43:33.419 [main] DEBUG o.s.orm.jpa.JpaTransactionManager [] - Closing JPA EntityManager after transaction
2026-05-16 18:43:33.420 [main] DEBUG o.s.orm.jpa.JpaTransactionManager [] - Creating new transaction with name [com.example.WorkHub.services.ReportService.getStatus]: PROPAGATION_REQUIRED,ISOLATION_DEFAULT,readOnly
2026-05-16 18:43:33.420 [main] DEBUG o.s.orm.jpa.JpaTransactionManager [] - Opened new EntityManager [SessionImpl(1903341753<open>)] for JPA transaction
2026-05-16 18:43:33.421 [main] DEBUG o.s.orm.jpa.JpaTransactionManager [] - Exposing JPA transaction as JDBC [org.springframework.orm.jpa.vendor.HibernateJpaDialect$HibernateConnectionHandle@3beead8d]
2026-05-16 18:43:33.421 [main] TRACE o.s.t.i.TransactionInterceptor [] - Getting transaction for [com.example.WorkHub.services.ReportService.getStatus]
2026-05-16 18:43:33.421 [main] DEBUG o.s.orm.jpa.JpaTransactionManager [] - Found thread-bound EntityManager [SessionImpl(1903341753<open>)] for JPA transaction
2026-05-16 18:43:33.421 [main] DEBUG o.s.orm.jpa.JpaTransactionManager [] - Participating in existing transaction
2026-05-16 18:43:33.421 [main] TRACE o.s.t.i.TransactionInterceptor [] - Getting transaction for [org.springframework.data.jpa.repository.support.SimpleJpaRepository.findById]
Hibernate: select rj1_0.id,rj1_0.completed_at,rj1_0.created_at,rj1_0.failure_reason,rj1_0.report_type,rj1_0.result_message,rj1_0.started_at,rj1_0.status,rj1_0.tenant_id from report_jobs rj1_0 where rj1_0.id=?
2026-05-16 18:43:33.425 [main] TRACE o.s.t.i.TransactionInterceptor [] - Completing transaction for [org.springframework.data.jpa.repository.support.SimpleJpaRepository.findById]
2026-05-16 18:43:33.425 [main] TRACE o.s.t.i.TransactionInterceptor [] - Completing transaction for [com.example.WorkHub.services.ReportService.getStatus]
2026-05-16 18:43:33.425 [main] DEBUG o.s.orm.jpa.JpaTransactionManager [] - Initiating transaction commit
2026-05-16 18:43:33.425 [main] DEBUG o.s.orm.jpa.JpaTransactionManager [] - Committing JPA transaction on EntityManager [SessionImpl(1903341753<open>)]
2026-05-16 18:43:33.427 [main] DEBUG o.s.orm.jpa.JpaTransactionManager [] - Closing JPA EntityManager after transaction
]]></system-out>
    <system-err><![CDATA[18:43:25,860 |-WARN in ch.qos.logback.core.model.processor.AppenderRefModelHandler - Appender named [DEBUG_FILE] could not be found. Skipping attachment to Logger[ROOT].
18:43:25,860 |-WARN in ch.qos.logback.core.model.processor.AppenderRefModelHandler - Appender named [WARN_FILE] could not be found. Skipping attachment to Logger[ROOT].
18:43:25,860 |-WARN in ch.qos.logback.core.model.processor.AppenderRefModelHandler - Appender named [ERROR_FILE] could not be found. Skipping attachment to Logger[ROOT].
]]></system-err>
  </testcase>
  <testcase name="enqueueReport_consumerProcesses_dbReachesCompleted" classname="com.example.WorkHub.MessagingReliabilityIntegrationTest" time="0.654">
    <system-out><![CDATA[2026-05-16 18:43:33.436 [main] DEBUG o.s.orm.jpa.JpaTransactionManager [] - Creating new transaction with name [org.springframework.data.jpa.repository.support.SimpleJpaRepository.save]: PROPAGATION_REQUIRED,ISOLATION_DEFAULT
2026-05-16 18:43:33.436 [main] DEBUG o.s.orm.jpa.JpaTransactionManager [] - Opened new EntityManager [SessionImpl(1969238697<open>)] for JPA transaction
2026-05-16 18:43:33.436 [main] DEBUG o.s.orm.jpa.JpaTransactionManager [] - Exposing JPA transaction as JDBC [org.springframework.orm.jpa.vendor.HibernateJpaDialect$HibernateConnectionHandle@32a66b4e]
2026-05-16 18:43:33.436 [main] TRACE o.s.t.i.TransactionInterceptor [] - Getting transaction for [org.springframework.data.jpa.repository.support.SimpleJpaRepository.save]
Hibernate: insert into tenant (name,plan) values (?,?)
2026-05-16 18:43:33.439 [main] TRACE o.s.t.i.TransactionInterceptor [] - Completing transaction for [org.springframework.data.jpa.repository.support.SimpleJpaRepository.save]
2026-05-16 18:43:33.439 [main] DEBUG o.s.orm.jpa.JpaTransactionManager [] - Initiating transaction commit
2026-05-16 18:43:33.439 [main] DEBUG o.s.orm.jpa.JpaTransactionManager [] - Committing JPA transaction on EntityManager [SessionImpl(1969238697<open>)]
2026-05-16 18:43:33.443 [main] DEBUG o.s.orm.jpa.JpaTransactionManager [] - Closing JPA EntityManager after transaction
2026-05-16 18:43:33.517 [main] DEBUG o.s.orm.jpa.JpaTransactionManager [] - Creating new transaction with name [org.springframework.data.jpa.repository.support.SimpleJpaRepository.save]: PROPAGATION_REQUIRED,ISOLATION_DEFAULT
2026-05-16 18:43:33.517 [main] DEBUG o.s.orm.jpa.JpaTransactionManager [] - Opened new EntityManager [SessionImpl(1093176739<open>)] for JPA transaction
2026-05-16 18:43:33.517 [main] DEBUG o.s.orm.jpa.JpaTransactionManager [] - Exposing JPA transaction as JDBC [org.springframework.orm.jpa.vendor.HibernateJpaDialect$HibernateConnectionHandle@40d572d3]
2026-05-16 18:43:33.517 [main] TRACE o.s.t.i.TransactionInterceptor [] - Getting transaction for [org.springframework.data.jpa.repository.support.SimpleJpaRepository.save]
2026-05-16 18:43:33.518 [main] TRACE o.s.t.i.TransactionInterceptor [] - Completing transaction for [org.springframework.data.jpa.repository.support.SimpleJpaRepository.save]
2026-05-16 18:43:33.518 [main] DEBUG o.s.orm.jpa.JpaTransactionManager [] - Initiating transaction commit
2026-05-16 18:43:33.518 [main] DEBUG o.s.orm.jpa.JpaTransactionManager [] - Committing JPA transaction on EntityManager [SessionImpl(1093176739<open>)]
Hibernate: insert into users (email,password,role,tenant_id,id) values (?,?,?,?,?)
2026-05-16 18:43:33.522 [main] DEBUG o.s.orm.jpa.JpaTransactionManager [] - Closing JPA EntityManager after transaction
2026-05-16 18:43:33.527 [main] TRACE o.s.t.i.TransactionInterceptor [008c6015-985d-4492-9d58-763c99a9b57b] - No need to create transaction for [org.springframework.data.jpa.repository.support.SimpleJpaRepository.findByEmailAndTenantId]: This method is not transactional.
2026-05-16 18:43:33.527 [main] DEBUG o.s.o.j.SharedEntityManagerCreator$SharedEntityManagerInvocationHandler [008c6015-985d-4492-9d58-763c99a9b57b] - Creating new EntityManager for shared EntityManager invocation
Hibernate: select u1_0.id,u1_0.email,u1_0.password,u1_0.role,u1_0.tenant_id from users u1_0 where u1_0.email=? and u1_0.tenant_id=?
2026-05-16 18:43:33.538 [main] DEBUG o.s.o.j.s.OpenEntityManagerInViewInterceptor [008c6015-985d-4492-9d58-763c99a9b57b] - Opening JPA EntityManager in OpenEntityManagerInViewInterceptor
2026-05-16 18:43:33.540 [main] DEBUG o.s.orm.jpa.JpaTransactionManager [008c6015-985d-4492-9d58-763c99a9b57b] - Found thread-bound EntityManager [SessionImpl(635385661<open>)] for JPA transaction
2026-05-16 18:43:33.540 [main] DEBUG o.s.orm.jpa.JpaTransactionManager [008c6015-985d-4492-9d58-763c99a9b57b] - Creating new transaction with name [com.example.WorkHub.services.ReportService.enqueueReport]: PROPAGATION_REQUIRED,ISOLATION_DEFAULT
2026-05-16 18:43:33.540 [main] DEBUG o.s.orm.jpa.JpaTransactionManager [008c6015-985d-4492-9d58-763c99a9b57b] - Exposing JPA transaction as JDBC [org.springframework.orm.jpa.vendor.HibernateJpaDialect$HibernateConnectionHandle@36806af3]
2026-05-16 18:43:33.541 [main] TRACE o.s.t.i.TransactionInterceptor [008c6015-985d-4492-9d58-763c99a9b57b] - Getting transaction for [com.example.WorkHub.services.ReportService.enqueueReport]
2026-05-16 18:43:33.541 [main] DEBUG o.s.orm.jpa.JpaTransactionManager [008c6015-985d-4492-9d58-763c99a9b57b] - Found thread-bound EntityManager [SessionImpl(635385661<open>)] for JPA transaction
2026-05-16 18:43:33.541 [main] DEBUG o.s.orm.jpa.JpaTransactionManager [008c6015-985d-4492-9d58-763c99a9b57b] - Participating in existing transaction
2026-05-16 18:43:33.541 [main] TRACE o.s.t.i.TransactionInterceptor [008c6015-985d-4492-9d58-763c99a9b57b] - Getting transaction for [org.springframework.data.jpa.repository.support.SimpleJpaRepository.save]
Hibernate: insert into report_jobs (completed_at,created_at,failure_reason,report_type,result_message,started_at,status,tenant_id) values (?,?,?,?,?,?,?,?)
2026-05-16 18:43:33.548 [main] TRACE o.s.t.i.TransactionInterceptor [008c6015-985d-4492-9d58-763c99a9b57b] - Completing transaction for [org.springframework.data.jpa.repository.support.SimpleJpaRepository.save]
2026-05-16 18:43:33.550 [main] INFO  c.e.W.m.producer.ReportEventProducer [008c6015-985d-4492-9d58-763c99a9b57b] - Published report event messageId=bb8a16b9-4c21-424a-97cb-1ce3f0063fb2 jobId=10
2026-05-16 18:43:33.550 [main] TRACE o.s.t.i.TransactionInterceptor [008c6015-985d-4492-9d58-763c99a9b57b] - Completing transaction for [com.example.WorkHub.services.ReportService.enqueueReport]
2026-05-16 18:43:33.551 [main] DEBUG o.s.orm.jpa.JpaTransactionManager [008c6015-985d-4492-9d58-763c99a9b57b] - Initiating transaction commit
2026-05-16 18:43:33.551 [main] DEBUG o.s.orm.jpa.JpaTransactionManager [008c6015-985d-4492-9d58-763c99a9b57b] - Committing JPA transaction on EntityManager [SessionImpl(635385661<open>)]
2026-05-16 18:43:33.556 [main] DEBUG o.s.orm.jpa.JpaTransactionManager [008c6015-985d-4492-9d58-763c99a9b57b] - Not closing pre-bound JPA EntityManager after transaction
2026-05-16 18:43:33.558 [main] DEBUG o.s.o.j.s.OpenEntityManagerInViewInterceptor [008c6015-985d-4492-9d58-763c99a9b57b] - Closing JPA EntityManager in OpenEntityManagerInViewInterceptor
2026-05-16 18:43:33.564 [org.springframework.kafka.KafkaListenerEndpointContainer#0-0-C-1] DEBUG o.s.orm.jpa.JpaTransactionManager [] - Creating new transaction with name [com.example.WorkHub.messaging.consumer.ReportRequestedConsumer.consume]: PROPAGATION_REQUIRED,ISOLATION_DEFAULT
2026-05-16 18:43:33.564 [org.springframework.kafka.KafkaListenerEndpointContainer#0-0-C-1] DEBUG o.s.orm.jpa.JpaTransactionManager [] - Opened new EntityManager [SessionImpl(1730612753<open>)] for JPA transaction
2026-05-16 18:43:33.565 [org.springframework.kafka.KafkaListenerEndpointContainer#0-0-C-1] DEBUG o.s.orm.jpa.JpaTransactionManager [] - Exposing JPA transaction as JDBC [org.springframework.orm.jpa.vendor.HibernateJpaDialect$HibernateConnectionHandle@50cfa3a7]
2026-05-16 18:43:33.565 [org.springframework.kafka.KafkaListenerEndpointContainer#0-0-C-1] TRACE o.s.t.i.TransactionInterceptor [] - Getting transaction for [com.example.WorkHub.messaging.consumer.ReportRequestedConsumer.consume]
2026-05-16 18:43:33.565 [org.springframework.kafka.KafkaListenerEndpointContainer#0-0-C-1] TRACE o.s.t.i.TransactionInterceptor [] - No need to create transaction for [org.springframework.data.jpa.repository.support.SimpleJpaRepository.existsByMessageIdAndConsumerName]: This method is not transactional.
Hibernate: select pm1_0.id from processed_messages pm1_0 where pm1_0.message_id=? and pm1_0.consumer_name=? fetch first ? rows only
2026-05-16 18:43:33.568 [org.springframework.kafka.KafkaListenerEndpointContainer#0-0-C-1] DEBUG o.s.orm.jpa.JpaTransactionManager [] - Found thread-bound EntityManager [SessionImpl(1730612753<open>)] for JPA transaction
2026-05-16 18:43:33.569 [org.springframework.kafka.KafkaListenerEndpointContainer#0-0-C-1] DEBUG o.s.orm.jpa.JpaTransactionManager [] - Participating in existing transaction
2026-05-16 18:43:33.569 [org.springframework.kafka.KafkaListenerEndpointContainer#0-0-C-1] TRACE o.s.t.i.TransactionInterceptor [] - Getting transaction for [org.springframework.data.jpa.repository.support.SimpleJpaRepository.saveAndFlush]
Hibernate: insert into processed_messages (consumer_name,message_id,processed_at) values (?,?,?)
2026-05-16 18:43:33.574 [org.springframework.kafka.KafkaListenerEndpointContainer#0-0-C-1] TRACE o.s.t.i.TransactionInterceptor [] - Completing transaction for [org.springframework.data.jpa.repository.support.SimpleJpaRepository.saveAndFlush]
2026-05-16 18:43:33.574 [org.springframework.kafka.KafkaListenerEndpointContainer#0-0-C-1] DEBUG o.s.orm.jpa.JpaTransactionManager [] - Found thread-bound EntityManager [SessionImpl(1730612753<open>)] for JPA transaction
2026-05-16 18:43:33.574 [org.springframework.kafka.KafkaListenerEndpointContainer#0-0-C-1] DEBUG o.s.orm.jpa.JpaTransactionManager [] - Participating in existing transaction
2026-05-16 18:43:33.574 [org.springframework.kafka.KafkaListenerEndpointContainer#0-0-C-1] TRACE o.s.t.i.TransactionInterceptor [] - Getting transaction for [com.example.WorkHub.services.ReportService.markProcessing]
2026-05-16 18:43:33.574 [org.springframework.kafka.KafkaListenerEndpointContainer#0-0-C-1] DEBUG o.s.orm.jpa.JpaTransactionManager [] - Found thread-bound EntityManager [SessionImpl(1730612753<open>)] for JPA transaction
2026-05-16 18:43:33.574 [org.springframework.kafka.KafkaListenerEndpointContainer#0-0-C-1] DEBUG o.s.orm.jpa.JpaTransactionManager [] - Participating in existing transaction
2026-05-16 18:43:33.574 [org.springframework.kafka.KafkaListenerEndpointContainer#0-0-C-1] TRACE o.s.t.i.TransactionInterceptor [] - Getting transaction for [org.springframework.data.jpa.repository.support.SimpleJpaRepository.findById]
Hibernate: select rj1_0.id,rj1_0.completed_at,rj1_0.created_at,rj1_0.failure_reason,rj1_0.report_type,rj1_0.result_message,rj1_0.started_at,rj1_0.status,rj1_0.tenant_id from report_jobs rj1_0 where rj1_0.id=?
2026-05-16 18:43:33.577 [org.springframework.kafka.KafkaListenerEndpointContainer#0-0-C-1] TRACE o.s.t.i.TransactionInterceptor [] - Completing transaction for [org.springframework.data.jpa.repository.support.SimpleJpaRepository.findById]
2026-05-16 18:43:33.577 [org.springframework.kafka.KafkaListenerEndpointContainer#0-0-C-1] TRACE o.s.t.i.TransactionInterceptor [] - Completing transaction for [com.example.WorkHub.services.ReportService.markProcessing]
2026-05-16 18:43:33.777 [org.springframework.kafka.KafkaListenerEndpointContainer#0-0-C-1] DEBUG o.s.orm.jpa.JpaTransactionManager [] - Found thread-bound EntityManager [SessionImpl(1730612753<open>)] for JPA transaction
2026-05-16 18:43:33.777 [org.springframework.kafka.KafkaListenerEndpointContainer#0-0-C-1] DEBUG o.s.orm.jpa.JpaTransactionManager [] - Participating in existing transaction
2026-05-16 18:43:33.777 [org.springframework.kafka.KafkaListenerEndpointContainer#0-0-C-1] TRACE o.s.t.i.TransactionInterceptor [] - Getting transaction for [com.example.WorkHub.services.ReportService.markCompleted]
2026-05-16 18:43:33.777 [org.springframework.kafka.KafkaListenerEndpointContainer#0-0-C-1] DEBUG o.s.orm.jpa.JpaTransactionManager [] - Found thread-bound EntityManager [SessionImpl(1730612753<open>)] for JPA transaction
2026-05-16 18:43:33.777 [org.springframework.kafka.KafkaListenerEndpointContainer#0-0-C-1] DEBUG o.s.orm.jpa.JpaTransactionManager [] - Participating in existing transaction
2026-05-16 18:43:33.777 [org.springframework.kafka.KafkaListenerEndpointContainer#0-0-C-1] TRACE o.s.t.i.TransactionInterceptor [] - Getting transaction for [org.springframework.data.jpa.repository.support.SimpleJpaRepository.findById]
2026-05-16 18:43:33.777 [org.springframework.kafka.KafkaListenerEndpointContainer#0-0-C-1] TRACE o.s.t.i.TransactionInterceptor [] - Completing transaction for [org.springframework.data.jpa.repository.support.SimpleJpaRepository.findById]
2026-05-16 18:43:33.777 [org.springframework.kafka.KafkaListenerEndpointContainer#0-0-C-1] TRACE o.s.t.i.TransactionInterceptor [] - Completing transaction for [com.example.WorkHub.services.ReportService.markCompleted]
2026-05-16 18:43:33.777 [org.springframework.kafka.KafkaListenerEndpointContainer#0-0-C-1] INFO  c.e.W.m.c.ReportRequestedConsumer [] - Processed report event messageId=bb8a16b9-4c21-424a-97cb-1ce3f0063fb2 jobId=10
2026-05-16 18:43:33.778 [org.springframework.kafka.KafkaListenerEndpointContainer#0-0-C-1] TRACE o.s.t.i.TransactionInterceptor [] - Completing transaction for [com.example.WorkHub.messaging.consumer.ReportRequestedConsumer.consume]
2026-05-16 18:43:33.778 [org.springframework.kafka.KafkaListenerEndpointContainer#0-0-C-1] DEBUG o.s.orm.jpa.JpaTransactionManager [] - Initiating transaction commit
2026-05-16 18:43:33.778 [org.springframework.kafka.KafkaListenerEndpointContainer#0-0-C-1] DEBUG o.s.orm.jpa.JpaTransactionManager [] - Committing JPA transaction on EntityManager [SessionImpl(1730612753<open>)]
Hibernate: update report_jobs set completed_at=?,failure_reason=?,report_type=?,result_message=?,started_at=?,status=?,tenant_id=? where id=?
2026-05-16 18:43:33.788 [org.springframework.kafka.KafkaListenerEndpointContainer#0-0-C-1] DEBUG o.s.orm.jpa.JpaTransactionManager [] - Closing JPA EntityManager after transaction
2026-05-16 18:43:34.064 [awaitility-thread] DEBUG o.s.orm.jpa.JpaTransactionManager [] - Creating new transaction with name [com.example.WorkHub.services.ReportService.getStatus]: PROPAGATION_REQUIRED,ISOLATION_DEFAULT,readOnly
2026-05-16 18:43:34.065 [awaitility-thread] DEBUG o.s.orm.jpa.JpaTransactionManager [] - Opened new EntityManager [SessionImpl(170718716<open>)] for JPA transaction
2026-05-16 18:43:34.065 [awaitility-thread] DEBUG o.s.orm.jpa.JpaTransactionManager [] - Exposing JPA transaction as JDBC [org.springframework.orm.jpa.vendor.HibernateJpaDialect$HibernateConnectionHandle@4eb0ac9]
2026-05-16 18:43:34.065 [awaitility-thread] TRACE o.s.t.i.TransactionInterceptor [] - Getting transaction for [com.example.WorkHub.services.ReportService.getStatus]
2026-05-16 18:43:34.065 [awaitility-thread] DEBUG o.s.orm.jpa.JpaTransactionManager [] - Found thread-bound EntityManager [SessionImpl(170718716<open>)] for JPA transaction
2026-05-16 18:43:34.065 [awaitility-thread] DEBUG o.s.orm.jpa.JpaTransactionManager [] - Participating in existing transaction
2026-05-16 18:43:34.065 [awaitility-thread] TRACE o.s.t.i.TransactionInterceptor [] - Getting transaction for [org.springframework.data.jpa.repository.support.SimpleJpaRepository.findById]
Hibernate: select rj1_0.id,rj1_0.completed_at,rj1_0.created_at,rj1_0.failure_reason,rj1_0.report_type,rj1_0.result_message,rj1_0.started_at,rj1_0.status,rj1_0.tenant_id from report_jobs rj1_0 where rj1_0.id=?
2026-05-16 18:43:34.069 [awaitility-thread] TRACE o.s.t.i.TransactionInterceptor [] - Completing transaction for [org.springframework.data.jpa.repository.support.SimpleJpaRepository.findById]
2026-05-16 18:43:34.069 [awaitility-thread] TRACE o.s.t.i.TransactionInterceptor [] - Completing transaction for [com.example.WorkHub.services.ReportService.getStatus]
2026-05-16 18:43:34.069 [awaitility-thread] DEBUG o.s.orm.jpa.JpaTransactionManager [] - Initiating transaction commit
2026-05-16 18:43:34.069 [awaitility-thread] DEBUG o.s.orm.jpa.JpaTransactionManager [] - Committing JPA transaction on EntityManager [SessionImpl(170718716<open>)]
2026-05-16 18:43:34.073 [awaitility-thread] DEBUG o.s.orm.jpa.JpaTransactionManager [] - Closing JPA EntityManager after transaction
2026-05-16 18:43:34.074 [main] DEBUG o.s.orm.jpa.JpaTransactionManager [] - Creating new transaction with name [com.example.WorkHub.services.ReportService.getStatus]: PROPAGATION_REQUIRED,ISOLATION_DEFAULT,readOnly
2026-05-16 18:43:34.074 [main] DEBUG o.s.orm.jpa.JpaTransactionManager [] - Opened new EntityManager [SessionImpl(844932193<open>)] for JPA transaction
2026-05-16 18:43:34.074 [main] DEBUG o.s.orm.jpa.JpaTransactionManager [] - Exposing JPA transaction as JDBC [org.springframework.orm.jpa.vendor.HibernateJpaDialect$HibernateConnectionHandle@3e028c16]
2026-05-16 18:43:34.074 [main] TRACE o.s.t.i.TransactionInterceptor [] - Getting transaction for [com.example.WorkHub.services.ReportService.getStatus]
2026-05-16 18:43:34.074 [main] DEBUG o.s.orm.jpa.JpaTransactionManager [] - Found thread-bound EntityManager [SessionImpl(844932193<open>)] for JPA transaction
2026-05-16 18:43:34.074 [main] DEBUG o.s.orm.jpa.JpaTransactionManager [] - Participating in existing transaction
2026-05-16 18:43:34.074 [main] TRACE o.s.t.i.TransactionInterceptor [] - Getting transaction for [org.springframework.data.jpa.repository.support.SimpleJpaRepository.findById]
Hibernate: select rj1_0.id,rj1_0.completed_at,rj1_0.created_at,rj1_0.failure_reason,rj1_0.report_type,rj1_0.result_message,rj1_0.started_at,rj1_0.status,rj1_0.tenant_id from report_jobs rj1_0 where rj1_0.id=?
2026-05-16 18:43:34.080 [main] TRACE o.s.t.i.TransactionInterceptor [] - Completing transaction for [org.springframework.data.jpa.repository.support.SimpleJpaRepository.findById]
2026-05-16 18:43:34.080 [main] TRACE o.s.t.i.TransactionInterceptor [] - Completing transaction for [com.example.WorkHub.services.ReportService.getStatus]
2026-05-16 18:43:34.081 [main] DEBUG o.s.orm.jpa.JpaTransactionManager [] - Initiating transaction commit
2026-05-16 18:43:34.082 [main] DEBUG o.s.orm.jpa.JpaTransactionManager [] - Committing JPA transaction on EntityManager [SessionImpl(844932193<open>)]
2026-05-16 18:43:34.084 [main] DEBUG o.s.orm.jpa.JpaTransactionManager [] - Closing JPA EntityManager after transaction
]]></system-out>
  </testcase>
</testsuite>