<?xml version="1.0" encoding="UTF-8"?>
<testsuite xmlns:xsi="http://www.w3.org/2001/XMLSchema-instance" xsi:noNamespaceSchemaLocation="https://maven.apache.org/surefire/maven-surefire-plugin/xsd/surefire-test-report.xsd" version="3.0.2" name="com.example.WorkHub.MessagingReliabilityIntegrationTest" time="12.07" tests="2" errors="0" skipped="0" failures="0" flakes="0">
  <properties>
[...]
</properties>
  <testcase name="duplicateMessage_processedExactlyOnce" classname="com.example.WorkHub.MessagingReliabilityIntegrationTest" time="1.758">
    <system-out><![CDATA[2026-05-18 13:05:04.321 [main] INFO  o.s.b.t.c.SpringBootTestContextBootstrapper [] - Found @SpringBootConfiguration com.example.WorkHub.WorkHubApplication for test class com.example.WorkHub.MessagingReliabilityIntegrationTest
2026-05-18 13:05:04.324 [main] INFO  o.s.t.c.s.AnnotationConfigContextLoaderUtils [] - Could not detect default configuration classes for test class [com.example.WorkHub.support.PostgresIntegrationTestBase]: PostgresIntegrationTestBase does not declare any static, non-private, non-final, nested classes annotated with @Configuration.
2026-05-18 13:05:04.330 [main] INFO  o.s.b.t.c.SpringBootTestContextBootstrapper [] - Found @SpringBootConfiguration com.example.WorkHub.WorkHubApplication for test class com.example.WorkHub.MessagingReliabilityIntegrationTest
2026-05-18 13:05:04.340 [main] INFO  tc.confluentinc/cp-kafka:7.6.1 [] - Creating container for image: confluentinc/cp-kafka:7.6.1
2026-05-18 13:05:04.446 [main] INFO  tc.confluentinc/cp-kafka:7.6.1 [] - Container confluentinc/cp-kafka:7.6.1 is starting: 0e5672bd1c4698a2bc499495615c4d42aab62ab2940428176bfaaf23461094fe
2026-05-18 13:05:10.234 [main] INFO  tc.confluentinc/cp-kafka:7.6.1 [] - Container confluentinc/cp-kafka:7.6.1 started in PT5.8941631S
2026-05-18 13:05:10.249 [main] INFO  o.s.b.d.r.RestartApplicationListener [] - Restart disabled due to context in which it is running

  .   ____          _            __ _ _
 /\\ / ___'_ __ _ _(_)_ __  __ _ \ \ \ \
( ( )\___ | '_ | '_| | '_ \/ _` | \ \ \ \
 \\/  ___)| |_)| | | | | || (_| |  ) ) ) )
  '  |____| .__|_| |_|_| |_\__, | / / / /
 =========|_|==============|___/=/_/_/_/

 :: Spring Boot ::                (v4.0.4)

2026-05-18 13:05:10.341 [main] INFO  c.e.W.MessagingReliabilityIntegrationTest [] - Starting MessagingReliabilityIntegrationTest using Java 21.0.11 with PID 1924 (started by ahmed in D:\down\WorkHub-2)
2026-05-18 13:05:10.342 [main] DEBUG c.e.W.MessagingReliabilityIntegrationTest [] - Running with Spring Boot v4.0.4, Spring v7.0.6
2026-05-18 13:05:10.342 [main] INFO  c.e.W.MessagingReliabilityIntegrationTest [] - No active profile set, falling back to 1 default profile: "default"
2026-05-18 13:05:10.864 [main] INFO  o.s.d.r.c.RepositoryConfigurationDelegate [] - Bootstrapping Spring Data JPA repositories in DEFAULT mode.
2026-05-18 13:05:10.908 [main] INFO  o.s.d.r.c.RepositoryConfigurationDelegate [] - Finished Spring Data repository scanning in 40 ms. Found 6 JPA repository interfaces.
2026-05-18 13:05:11.074 [main] DEBUG o.s.o.j.LocalContainerEntityManagerFactoryBean [] - Building JPA container EntityManagerFactory for persistence unit 'default'
2026-05-18 13:05:11.074 [main] INFO  org.hibernate.orm.jpa [] - HHH008540: Processing PersistenceUnitInfo [name: default]
2026-05-18 13:05:11.078 [main] DEBUG o.s.o.j.h.SpringBeanContainer [] - Falling back to Hibernate's default producer after bean creation failure for interface org.hibernate.engine.jdbc.connections.spi.MultiTenantConnectionProvider: org.springframework.beans.factory.BeanCreationException: Error creating bean with name 'org.hibernate.engine.jdbc.connections.spi.MultiTenantConnectionProvider': Failed to instantiate [org.hibernate.engine.jdbc.connections.spi.MultiTenantConnectionProvider]: Specified class is an interface
2026-05-18 13:05:11.113 [main] INFO  o.s.o.j.p.SpringPersistenceUnitInfo [] - No LoadTimeWeaver setup: ignoring JPA class transformer
2026-05-18 13:05:11.115 [main] INFO  com.zaxxer.hikari.HikariDataSource [] - HikariPool-2 - Starting...
2026-05-18 13:05:11.143 [main] INFO  com.zaxxer.hikari.pool.HikariPool [] - HikariPool-2 - Added connection org.postgresql.jdbc.PgConnection@21bbc452
2026-05-18 13:05:11.144 [main] INFO  com.zaxxer.hikari.HikariDataSource [] - HikariPool-2 - Start completed.
2026-05-18 13:05:11.148 [main] WARN  org.hibernate.orm.deprecation [] - HHH90000025: PostgreSQLDialect does not need to be specified explicitly using 'hibernate.dialect' (remove the property setting and it will be selected by default)
2026-05-18 13:05:11.155 [main] INFO  o.hibernate.orm.connections.pooling [] - HHH10001005: Database info:
	Database JDBC URL [jdbc:postgresql://localhost:52596/workhub?loggerLevel=OFF]
	Database driver: PostgreSQL JDBC Driver
	Database dialect: PostgreSQLDialect
	Database version: 16.14
	Default catalog/schema: workhub/public
	Autocommit mode: undefined/unknown
	Isolation level: READ_COMMITTED [default READ_COMMITTED]
	JDBC fetch size: none
	Pool: DataSourceConnectionProvider
	Minimum pool size: undefined/unknown
	Maximum pool size: undefined/unknown
2026-05-18 13:05:11.180 [main] DEBUG o.s.o.j.h.SpringBeanContainer [] - Falling back to Hibernate's default producer after bean creation failure for interface org.hibernate.context.spi.CurrentTenantIdentifierResolver: org.springframework.beans.factory.NoSuchBeanDefinitionException: No qualifying bean of type 'org.hibernate.context.spi.CurrentTenantIdentifierResolver<?>' available
2026-05-18 13:05:11.181 [main] DEBUG o.s.o.j.h.SpringBeanContainer [] - Falling back to Hibernate's default producer after bean creation failure for interface org.hibernate.context.spi.TenantSchemaMapper: org.springframework.beans.factory.NoSuchBeanDefinitionException: No qualifying bean of type 'org.hibernate.context.spi.TenantSchemaMapper<?>' available
2026-05-18 13:05:11.262 [main] INFO  org.hibernate.orm.core [] - HHH000489: No JTA platform available (set 'hibernate.transaction.jta.platform' to enable JTA platform integration)
Hibernate: set client_min_messages = WARNING
Hibernate: alter table if exists tasks drop constraint if exists FKsfhn82y57i3k9uxww1s007acc
Hibernate: drop table if exists processed_messages cascade
Hibernate: drop table if exists projects cascade
Hibernate: drop table if exists report_jobs cascade
Hibernate: drop table if exists tasks cascade
Hibernate: drop table if exists tenant cascade
Hibernate: drop table if exists users cascade
Hibernate: drop sequence if exists users_seq
Hibernate: create sequence users_seq start with 1 increment by 50
Hibernate: create table processed_messages (id bigint generated by default as identity, processed_at timestamp(6) with time zone not null, consumer_name varchar(100) not null, message_id varchar(100) not null, primary key (id), unique (message_id, consumer_name))
Hibernate: create table projects (created_at timestamp(6) with time zone not null, id bigint generated by default as identity, tenant_id bigint not null, name varchar(255) not null, primary key (id), unique (name, tenant_id))
Hibernate: create table report_jobs (completed_at timestamp(6) with time zone, created_at timestamp(6) with time zone not null, id bigint generated by default as identity, started_at timestamp(6) with time zone, tenant_id bigint not null, result_message varchar(1000), failure_reason varchar(2000), report_type varchar(255) not null, status varchar(255) not null check ((status in ('QUEUED','PROCESSING','COMPLETED','FAILED'))), primary key (id))
Hibernate: create table tasks (created_at timestamp(6) with time zone not null, id bigint generated by default as identity, project_id bigint not null, tenant_id bigint not null, version bigint, status varchar(255) not null, title varchar(255) not null, primary key (id))
Hibernate: create table tenant (id bigint generated by default as identity, name varchar(255) unique, plan varchar(255), primary key (id))
Hibernate: create table users (id bigint not null, tenant_id bigint not null, email varchar(255), password varchar(255), role varchar(255), primary key (id))
Hibernate: alter table if exists tasks add constraint FKsfhn82y57i3k9uxww1s007acc foreign key (project_id) references projects
2026-05-18 13:05:11.329 [main] INFO  o.s.o.j.LocalContainerEntityManagerFactoryBean [] - Initialized JPA EntityManagerFactory for persistence unit 'default'
2026-05-18 13:05:11.383 [main] INFO  o.s.s.c.a.a.c.InitializeUserDetailsBeanManagerConfigurer$InitializeUserDetailsManagerConfigurer [] - Global AuthenticationManager configured with UserDetailsService bean with name customUserDetailsService
2026-05-18 13:05:11.420 [main] TRACE o.s.t.a.AnnotationTransactionAttributeSource [] - Adding transactional method 'com.example.WorkHub.services.ProjectService.createProjectWithInitialTask' with attribute: PROPAGATION_REQUIRED,ISOLATION_DEFAULT
2026-05-18 13:05:11.444 [main] TRACE o.s.t.a.AnnotationTransactionAttributeSource [] - Adding transactional method 'com.example.WorkHub.services.ReportService.getStatus' with attribute: PROPAGATION_REQUIRED,ISOLATION_DEFAULT,readOnly
2026-05-18 13:05:11.455 [main] TRACE o.s.t.a.AnnotationTransactionAttributeSource [] - Adding transactional method 'com.example.WorkHub.messaging.consumer.ReportRequestedConsumer.consume' with attribute: PROPAGATION_REQUIRED,ISOLATION_DEFAULT
2026-05-18 13:05:11.554 [main] WARN  o.s.b.j.a.JpaBaseConfiguration$JpaWebConfiguration [] - spring.jpa.open-in-view is enabled by default. Therefore, database queries may be performed during view rendering. Explicitly configure spring.jpa.open-in-view to disable this warning
2026-05-18 13:05:12.055 [main] DEBUG c.e.WorkHub.auth.CorrelationIdFilter [] - Filter 'correlationIdFilter' configured for use
2026-05-18 13:05:12.055 [main] DEBUG c.example.WorkHub.auth.JwtAuthFilter [] - Filter 'jwtAuthFilter' configured for use
2026-05-18 13:05:12.055 [main] DEBUG c.e.W.auth.TenantJwtAlignmentFilter [] - Filter 'tenantJwtAlignmentFilter' configured for use
2026-05-18 13:05:12.056 [main] DEBUG c.e.W.config.TenantRateLimitFilter [] - Filter 'tenantRateLimitFilter' configured for use
2026-05-18 13:05:12.056 [main] INFO  o.s.b.t.m.w.SpringBootMockServletContext [] - Initializing Spring TestDispatcherServlet ''
2026-05-18 13:05:12.056 [main] INFO  o.s.t.w.s.TestDispatcherServlet [] - Initializing Servlet ''
2026-05-18 13:05:12.058 [main] INFO  o.s.b.a.e.web.EndpointLinksResolver [] - Exposing 4 endpoints beneath base path '/actuator'
2026-05-18 13:05:12.065 [main] INFO  o.s.t.w.s.TestDispatcherServlet [] - Completed initialization in 9 ms
2026-05-18 13:05:12.143 [main] INFO  o.a.k.common.config.AbstractConfig [] - AdminClientConfig values: 
	bootstrap.controllers = []
	bootstrap.servers = [PLAINTEXT://localhost:52636]
	client.dns.lookup = use_all_dns_ips
	client.id = WorkHub-admin-0
	connections.max.idle.ms = 300000
	default.api.timeout.ms = 60000
	enable.metrics.push = false
	metadata.max.age.ms = 300000
	metadata.recovery.rebootstrap.trigger.ms = 300000
	metadata.recovery.strategy = rebootstrap
	metric.reporters = [org.apache.kafka.common.metrics.JmxReporter]
	metrics.num.samples = 2
	metrics.recording.level = INFO
	metrics.sample.window.ms = 30000
	receive.buffer.bytes = 65536
	reconnect.backoff.max.ms = 1000
	reconnect.backoff.ms = 50
	request.timeout.ms = 30000
	retries = 2147483647
	retry.backoff.max.ms = 1000
	retry.backoff.ms = 100
	sasl.client.callback.handler.class = null
	sasl.jaas.config = null
	sasl.kerberos.kinit.cmd = /usr/bin/kinit
	sasl.kerberos.min.time.before.relogin = 60000
	sasl.kerberos.service.name = null
	sasl.kerberos.ticket.renew.jitter = 0.05
	sasl.kerberos.ticket.renew.window.factor = 0.8
	sasl.login.callback.handler.class = null
	sasl.login.class = null
	sasl.login.connect.timeout.ms = null
	sasl.login.read.timeout.ms = null
	sasl.login.refresh.buffer.seconds = 300
	sasl.login.refresh.min.period.seconds = 60
	sasl.login.refresh.window.factor = 0.8
	sasl.login.refresh.window.jitter = 0.05
	sasl.login.retry.backoff.max.ms = 10000
	sasl.login.retry.backoff.ms = 100
	sasl.mechanism = GSSAPI
	sasl.oauthbearer.assertion.algorithm = RS256
	sasl.oauthbearer.assertion.claim.aud = null
	sasl.oauthbearer.assertion.claim.exp.seconds = 300
	sasl.oauthbearer.assertion.claim.iss = null
	sasl.oauthbearer.assertion.claim.jti.include = false
	sasl.oauthbearer.assertion.claim.nbf.seconds = 60
	sasl.oauthbearer.assertion.claim.sub = null
	sasl.oauthbearer.assertion.file = null
	sasl.oauthbearer.assertion.private.key.file = null
	sasl.oauthbearer.assertion.private.key.passphrase = null
	sasl.oauthbearer.assertion.template.file = null
	sasl.oauthbearer.client.credentials.client.id = null
	sasl.oauthbearer.client.credentials.client.secret = null
	sasl.oauthbearer.clock.skew.seconds = 30
	sasl.oauthbearer.expected.audience = null
	sasl.oauthbearer.expected.issuer = null
	sasl.oauthbearer.header.urlencode = false
	sasl.oauthbearer.jwks.endpoint.refresh.ms = 3600000
	sasl.oauthbearer.jwks.endpoint.retry.backoff.max.ms = 10000
	sasl.oauthbearer.jwks.endpoint.retry.backoff.ms = 100
	sasl.oauthbearer.jwks.endpoint.url = null
	sasl.oauthbearer.jwt.retriever.class = class org.apache.kafka.common.security.oauthbearer.DefaultJwtRetriever
	sasl.oauthbearer.jwt.validator.class = class org.apache.kafka.common.security.oauthbearer.DefaultJwtValidator
	sasl.oauthbearer.scope = null
	sasl.oauthbearer.scope.claim.name = scope
	sasl.oauthbearer.sub.claim.name = sub
	sasl.oauthbearer.token.endpoint.url = null
	security.protocol = PLAINTEXT
	security.providers = null
	send.buffer.bytes = 131072
	socket.connection.setup.timeout.max.ms = 30000
	socket.connection.setup.timeout.ms = 10000
	ssl.cipher.suites = null
	ssl.enabled.protocols = [TLSv1.2, TLSv1.3]
	ssl.endpoint.identification.algorithm = https
	ssl.engine.factory.class = null
	ssl.key.password = null
	ssl.keymanager.algorithm = SunX509
	ssl.keystore.certificate.chain = null
	ssl.keystore.key = null
	ssl.keystore.location = null
	ssl.keystore.password = null
	ssl.keystore.type = JKS
	ssl.protocol = TLSv1.3
	ssl.provider = null
	ssl.secure.random.implementation = null
	ssl.trustmanager.algorithm = PKIX
	ssl.truststore.certificates = null
	ssl.truststore.location = null
	ssl.truststore.password = null
	ssl.truststore.type = JKS

2026-05-18 13:05:12.209 [main] INFO  o.a.kafka.common.utils.AppInfoParser [] - Kafka version: 4.1.2
2026-05-18 13:05:12.210 [main] INFO  o.a.kafka.common.utils.AppInfoParser [] - Kafka commitId: c82fd9b934b4c1e6
2026-05-18 13:05:12.210 [main] INFO  o.a.kafka.common.utils.AppInfoParser [] - Kafka startTimeMs: 1779098712207
2026-05-18 13:05:12.879 [main] INFO  o.a.kafka.common.metrics.Metrics [] - Metrics scheduler closed
2026-05-18 13:05:12.879 [main] INFO  o.a.kafka.common.metrics.Metrics [] - Closing reporter org.apache.kafka.common.metrics.JmxReporter
2026-05-18 13:05:12.879 [main] INFO  o.a.kafka.common.metrics.Metrics [] - Metrics reporters closed
2026-05-18 13:05:12.879 [kafka-admin-client-thread | WorkHub-admin-0] INFO  o.a.kafka.common.utils.AppInfoParser [] - App info kafka.admin.client for WorkHub-admin-0 unregistered
2026-05-18 13:05:12.886 [kafka-admin-client-thread | WorkHub-admin-0] INFO  o.a.kafka.common.metrics.Metrics [] - Metrics scheduler closed
2026-05-18 13:05:12.887 [kafka-admin-client-thread | WorkHub-admin-0] INFO  o.a.kafka.common.metrics.Metrics [] - Closing reporter org.apache.kafka.common.metrics.JmxReporter
2026-05-18 13:05:12.887 [kafka-admin-client-thread | WorkHub-admin-0] INFO  o.a.kafka.common.metrics.Metrics [] - Metrics reporters closed
2026-05-18 13:05:12.938 [main] INFO  o.a.k.common.config.AbstractConfig [] - ConsumerConfig values: 
	allow.auto.create.topics = true
	auto.commit.interval.ms = 5000
	auto.offset.reset = earliest
	bootstrap.servers = [PLAINTEXT://localhost:52636]
	check.crcs = true
	client.dns.lookup = use_all_dns_ips
	client.id = consumer-workhub-report-consumers-1
	client.rack = 
	connections.max.idle.ms = 540000
	default.api.timeout.ms = 60000
	enable.auto.commit = false
	enable.metrics.push = true
	exclude.internal.topics = true
	fetch.max.bytes = 52428800
	fetch.max.wait.ms = 500
	fetch.min.bytes = 1
	group.id = workhub-report-consumers
	group.instance.id = null
	group.protocol = classic
	group.remote.assignor = null
	heartbeat.interval.ms = 3000
	interceptor.classes = []
	internal.leave.group.on.close = true
	internal.throw.on.fetch.stable.offset.unsupported = false
	isolation.level = read_uncommitted
	key.deserializer = class org.apache.kafka.common.serialization.StringDeserializer
	max.partition.fetch.bytes = 1048576
	max.poll.interval.ms = 300000
	max.poll.records = 500
	metadata.max.age.ms = 300000
	metadata.recovery.rebootstrap.trigger.ms = 300000
	metadata.recovery.strategy = rebootstrap
	metric.reporters = [org.apache.kafka.common.metrics.JmxReporter]
	metrics.num.samples = 2
	metrics.recording.level = INFO
	metrics.sample.window.ms = 30000
	partition.assignment.strategy = [class org.apache.kafka.clients.consumer.RangeAssignor, class org.apache.kafka.clients.consumer.CooperativeStickyAssignor]
	receive.buffer.bytes = 65536
	reconnect.backoff.max.ms = 1000
	reconnect.backoff.ms = 50
	request.timeout.ms = 30000
	retry.backoff.max.ms = 1000
	retry.backoff.ms = 100
	sasl.client.callback.handler.class = null
	sasl.jaas.config = null
	sasl.kerberos.kinit.cmd = /usr/bin/kinit
	sasl.kerberos.min.time.before.relogin = 60000
	sasl.kerberos.service.name = null
	sasl.kerberos.ticket.renew.jitter = 0.05
	sasl.kerberos.ticket.renew.window.factor = 0.8
	sasl.login.callback.handler.class = null
	sasl.login.class = null
	sasl.login.connect.timeout.ms = null
	sasl.login.read.timeout.ms = null
	sasl.login.refresh.buffer.seconds = 300
	sasl.login.refresh.min.period.seconds = 60
	sasl.login.refresh.window.factor = 0.8
	sasl.login.refresh.window.jitter = 0.05
	sasl.login.retry.backoff.max.ms = 10000
	sasl.login.retry.backoff.ms = 100
	sasl.mechanism = GSSAPI
	sasl.oauthbearer.assertion.algorithm = RS256
	sasl.oauthbearer.assertion.claim.aud = null
	sasl.oauthbearer.assertion.claim.exp.seconds = 300
	sasl.oauthbearer.assertion.claim.iss = null
	sasl.oauthbearer.assertion.claim.jti.include = false
	sasl.oauthbearer.assertion.claim.nbf.seconds = 60
	sasl.oauthbearer.assertion.claim.sub = null
	sasl.oauthbearer.assertion.file = null
	sasl.oauthbearer.assertion.private.key.file = null
	sasl.oauthbearer.assertion.private.key.passphrase = null
	sasl.oauthbearer.assertion.template.file = null
	sasl.oauthbearer.client.credentials.client.id = null
	sasl.oauthbearer.client.credentials.client.secret = null
	sasl.oauthbearer.clock.skew.seconds = 30
	sasl.oauthbearer.expected.audience = null
	sasl.oauthbearer.expected.issuer = null
	sasl.oauthbearer.header.urlencode = false
	sasl.oauthbearer.jwks.endpoint.refresh.ms = 3600000
	sasl.oauthbearer.jwks.endpoint.retry.backoff.max.ms = 10000
	sasl.oauthbearer.jwks.endpoint.retry.backoff.ms = 100
	sasl.oauthbearer.jwks.endpoint.url = null
	sasl.oauthbearer.jwt.retriever.class = class org.apache.kafka.common.security.oauthbearer.DefaultJwtRetriever
	sasl.oauthbearer.jwt.validator.class = class org.apache.kafka.common.security.oauthbearer.DefaultJwtValidator
	sasl.oauthbearer.scope = null
	sasl.oauthbearer.scope.claim.name = scope
	sasl.oauthbearer.sub.claim.name = sub
	sasl.oauthbearer.token.endpoint.url = null
	security.protocol = PLAINTEXT
	security.providers = null
	send.buffer.bytes = 131072
	session.timeout.ms = 45000
	share.acknowledgement.mode = implicit
	socket.connection.setup.timeout.max.ms = 30000
	socket.connection.setup.timeout.ms = 10000
	ssl.cipher.suites = null
	ssl.enabled.protocols = [TLSv1.2, TLSv1.3]
	ssl.endpoint.identification.algorithm = https
	ssl.engine.factory.class = null
	ssl.key.password = null
	ssl.keymanager.algorithm = SunX509
	ssl.keystore.certificate.chain = null
	ssl.keystore.key = null
	ssl.keystore.location = null
	ssl.keystore.password = null
	ssl.keystore.type = JKS
	ssl.protocol = TLSv1.3
	ssl.provider = null
	ssl.secure.random.implementation = null
	ssl.trustmanager.algorithm = PKIX
	ssl.truststore.certificates = null
	ssl.truststore.location = null
	ssl.truststore.password = null
	ssl.truststore.type = JKS
	value.deserializer = class org.springframework.kafka.support.serializer.JsonDeserializer

2026-05-18 13:05:12.975 [main] INFO  o.a.k.c.t.i.KafkaMetricsCollector [] - initializing Kafka metrics collector
2026-05-18 13:05:13.052 [main] INFO  o.a.kafka.common.utils.AppInfoParser [] - Kafka version: 4.1.2
2026-05-18 13:05:13.053 [main] INFO  o.a.kafka.common.utils.AppInfoParser [] - Kafka commitId: c82fd9b934b4c1e6
2026-05-18 13:05:13.053 [main] INFO  o.a.kafka.common.utils.AppInfoParser [] - Kafka startTimeMs: 1779098713052
2026-05-18 13:05:13.065 [main] INFO  o.a.k.c.c.i.ClassicKafkaConsumer [] - [Consumer clientId=consumer-workhub-report-consumers-1, groupId=workhub-report-consumers] Subscribed to topic(s): workhub.report.requested.v1
2026-05-18 13:05:13.085 [main] INFO  c.e.W.MessagingReliabilityIntegrationTest [] - Started MessagingReliabilityIntegrationTest in 2.836 seconds (process running for 24.738)
2026-05-18 13:05:13.088 [main] WARN  o.s.c.events.SpringDocAppInitializer [] - SpringDoc /v3/api-docs endpoint is enabled by default. To disable it in production, set the property 'springdoc.api-docs.enabled=false'
2026-05-18 13:05:13.088 [main] WARN  o.s.c.events.SpringDocAppInitializer [] - SpringDoc /swagger-ui.html endpoint is enabled by default. To disable it in production, set the property 'springdoc.swagger-ui.enabled=false'
2026-05-18 13:05:13.114 [main] DEBUG o.s.orm.jpa.JpaTransactionManager [] - Creating new transaction with name [org.springframework.data.jpa.repository.support.SimpleJpaRepository.save]: PROPAGATION_REQUIRED,ISOLATION_DEFAULT
2026-05-18 13:05:13.117 [main] DEBUG o.s.orm.jpa.JpaTransactionManager [] - Opened new EntityManager [SessionImpl(1366214116<open>)] for JPA transaction
2026-05-18 13:05:13.123 [org.springframework.kafka.KafkaListenerEndpointContainer#0-0-C-1] INFO  org.apache.kafka.clients.Metadata [] - [Consumer clientId=consumer-workhub-report-consumers-1, groupId=workhub-report-consumers] Cluster ID: 4Wx2pAhgQW2LLOAoaD-ADQ
2026-05-18 13:05:13.131 [main] DEBUG o.s.orm.jpa.JpaTransactionManager [] - Exposing JPA transaction as JDBC [org.springframework.orm.jpa.vendor.HibernateJpaDialect$HibernateConnectionHandle@c27ea94]
2026-05-18 13:05:13.132 [main] TRACE o.s.t.i.TransactionInterceptor [] - Getting transaction for [org.springframework.data.jpa.repository.support.SimpleJpaRepository.save]
Hibernate: insert into tenant (name,plan) values (?,?)
2026-05-18 13:05:13.237 [main] TRACE o.s.t.i.TransactionInterceptor [] - Completing transaction for [org.springframework.data.jpa.repository.support.SimpleJpaRepository.save]
2026-05-18 13:05:13.237 [main] DEBUG o.s.orm.jpa.JpaTransactionManager [] - Initiating transaction commit
2026-05-18 13:05:13.238 [main] DEBUG o.s.orm.jpa.JpaTransactionManager [] - Committing JPA transaction on EntityManager [SessionImpl(1366214116<open>)]
2026-05-18 13:05:13.252 [main] DEBUG o.s.orm.jpa.JpaTransactionManager [] - Closing JPA EntityManager after transaction
2026-05-18 13:05:13.283 [org.springframework.kafka.KafkaListenerEndpointContainer#0-0-C-1] INFO  o.a.k.c.c.i.ConsumerCoordinator [] - [Consumer clientId=consumer-workhub-report-consumers-1, groupId=workhub-report-consumers] Discovered group coordinator localhost:52636 (id: 2147483646 rack: null isFenced: false)
2026-05-18 13:05:13.285 [org.springframework.kafka.KafkaListenerEndpointContainer#0-0-C-1] INFO  o.a.k.c.c.i.ConsumerCoordinator [] - [Consumer clientId=consumer-workhub-report-consumers-1, groupId=workhub-report-consumers] (Re-)joining group
2026-05-18 13:05:13.318 [org.springframework.kafka.KafkaListenerEndpointContainer#0-0-C-1] INFO  o.a.k.c.c.i.ConsumerCoordinator [] - [Consumer clientId=consumer-workhub-report-consumers-1, groupId=workhub-report-consumers] Request joining group due to: need to re-join with the given member-id: consumer-workhub-report-consumers-1-e18e30bd-6eee-4cd6-995e-785bd27e3afa
2026-05-18 13:05:13.318 [org.springframework.kafka.KafkaListenerEndpointContainer#0-0-C-1] INFO  o.a.k.c.c.i.ConsumerCoordinator [] - [Consumer clientId=consumer-workhub-report-consumers-1, groupId=workhub-report-consumers] (Re-)joining group
2026-05-18 13:05:13.329 [main] DEBUG o.s.orm.jpa.JpaTransactionManager [] - Creating new transaction with name [org.springframework.data.jpa.repository.support.SimpleJpaRepository.save]: PROPAGATION_REQUIRED,ISOLATION_DEFAULT
2026-05-18 13:05:13.330 [main] DEBUG o.s.orm.jpa.JpaTransactionManager [] - Opened new EntityManager [SessionImpl(515036952<open>)] for JPA transaction
2026-05-18 13:05:13.330 [main] DEBUG o.s.orm.jpa.JpaTransactionManager [] - Exposing JPA transaction as JDBC [org.springframework.orm.jpa.vendor.HibernateJpaDialect$HibernateConnectionHandle@41a0df66]
2026-05-18 13:05:13.331 [main] TRACE o.s.t.i.TransactionInterceptor [] - Getting transaction for [org.springframework.data.jpa.repository.support.SimpleJpaRepository.save]
Hibernate: select nextval('users_seq')
2026-05-18 13:05:13.345 [main] TRACE o.s.t.i.TransactionInterceptor [] - Completing transaction for [org.springframework.data.jpa.repository.support.SimpleJpaRepository.save]
2026-05-18 13:05:13.345 [main] DEBUG o.s.orm.jpa.JpaTransactionManager [] - Initiating transaction commit
2026-05-18 13:05:13.345 [main] DEBUG o.s.orm.jpa.JpaTransactionManager [] - Committing JPA transaction on EntityManager [SessionImpl(515036952<open>)]
Hibernate: insert into users (email,password,role,tenant_id,id) values (?,?,?,?,?)
2026-05-18 13:05:13.353 [main] DEBUG o.s.orm.jpa.JpaTransactionManager [] - Closing JPA EntityManager after transaction
2026-05-18 13:05:13.358 [org.springframework.kafka.KafkaListenerEndpointContainer#0-0-C-1] INFO  o.a.k.c.c.i.ConsumerCoordinator [] - [Consumer clientId=consumer-workhub-report-consumers-1, groupId=workhub-report-consumers] Successfully joined group with generation Generation{generationId=1, memberId='consumer-workhub-report-consumers-1-e18e30bd-6eee-4cd6-995e-785bd27e3afa', protocol='range'}
2026-05-18 13:05:13.366 [org.springframework.kafka.KafkaListenerEndpointContainer#0-0-C-1] INFO  o.a.k.c.c.i.ConsumerCoordinator [] - [Consumer clientId=consumer-workhub-report-consumers-1, groupId=workhub-report-consumers] Finished assignment for group at generation 1: {consumer-workhub-report-consumers-1-e18e30bd-6eee-4cd6-995e-785bd27e3afa=Assignment(partitions=[workhub.report.requested.v1-0])}
2026-05-18 13:05:13.462 [org.springframework.kafka.KafkaListenerEndpointContainer#0-0-C-1] INFO  o.a.k.c.c.i.ConsumerCoordinator [] - [Consumer clientId=consumer-workhub-report-consumers-1, groupId=workhub-report-consumers] Successfully synced group in generation Generation{generationId=1, memberId='consumer-workhub-report-consumers-1-e18e30bd-6eee-4cd6-995e-785bd27e3afa', protocol='range'}
2026-05-18 13:05:13.463 [org.springframework.kafka.KafkaListenerEndpointContainer#0-0-C-1] INFO  o.a.k.c.c.i.ConsumerCoordinator [] - [Consumer clientId=consumer-workhub-report-consumers-1, groupId=workhub-report-consumers] Notifying assignor about the new Assignment(partitions=[workhub.report.requested.v1-0])
2026-05-18 13:05:13.467 [org.springframework.kafka.KafkaListenerEndpointContainer#0-0-C-1] INFO  o.a.k.c.c.i.ConsumerRebalanceListenerInvoker [] - [Consumer clientId=consumer-workhub-report-consumers-1, groupId=workhub-report-consumers] Adding newly assigned partitions: [workhub.report.requested.v1-0]
2026-05-18 13:05:13.468 [main] TRACE o.s.t.i.TransactionInterceptor [2de03915-1a2d-4044-a5cf-3250d11cef15] - No need to create transaction for [org.springframework.data.jpa.repository.support.SimpleJpaRepository.findByEmailAndTenantId]: This method is not transactional.
2026-05-18 13:05:13.490 [org.springframework.kafka.KafkaListenerEndpointContainer#0-0-C-1] INFO  o.a.k.c.c.i.ConsumerCoordinator [] - [Consumer clientId=consumer-workhub-report-consumers-1, groupId=workhub-report-consumers] Found no committed offset for partition workhub.report.requested.v1-0
2026-05-18 13:05:13.505 [main] DEBUG o.s.o.j.SharedEntityManagerCreator$SharedEntityManagerInvocationHandler [2de03915-1a2d-4044-a5cf-3250d11cef15] - Creating new EntityManager for shared EntityManager invocation
2026-05-18 13:05:13.512 [org.springframework.kafka.KafkaListenerEndpointContainer#0-0-C-1] INFO  o.a.k.c.c.i.SubscriptionState [] - [Consumer clientId=consumer-workhub-report-consumers-1, groupId=workhub-report-consumers] Resetting offset for partition workhub.report.requested.v1-0 to position FetchPosition{offset=0, offsetEpoch=Optional.empty, currentLeader=LeaderAndEpoch{leader=Optional[localhost:52636 (id: 1 rack: null isFenced: false)], epoch=0}}.
2026-05-18 13:05:13.514 [org.springframework.kafka.KafkaListenerEndpointContainer#0-0-C-1] INFO  o.s.k.l.KafkaMessageListenerContainer [] - workhub-report-consumers: partitions assigned: [workhub.report.requested.v1-0]
Hibernate: select u1_0.id,u1_0.email,u1_0.password,u1_0.role,u1_0.tenant_id from users u1_0 where u1_0.email=? and u1_0.tenant_id=?
2026-05-18 13:05:13.986 [main] DEBUG o.s.o.j.s.OpenEntityManagerInViewInterceptor [2de03915-1a2d-4044-a5cf-3250d11cef15] - Opening JPA EntityManager in OpenEntityManagerInViewInterceptor
2026-05-18 13:05:14.030 [main] TRACE o.s.t.a.AnnotationTransactionAttributeSource [2de03915-1a2d-4044-a5cf-3250d11cef15] - Adding transactional method 'com.example.WorkHub.services.ReportService.enqueueReport' with attribute: PROPAGATION_REQUIRED,ISOLATION_DEFAULT
2026-05-18 13:05:14.031 [main] DEBUG o.s.orm.jpa.JpaTransactionManager [2de03915-1a2d-4044-a5cf-3250d11cef15] - Found thread-bound EntityManager [SessionImpl(1560118505<open>)] for JPA transaction
2026-05-18 13:05:14.031 [main] DEBUG o.s.orm.jpa.JpaTransactionManager [2de03915-1a2d-4044-a5cf-3250d11cef15] - Creating new transaction with name [com.example.WorkHub.services.ReportService.enqueueReport]: PROPAGATION_REQUIRED,ISOLATION_DEFAULT
2026-05-18 13:05:14.032 [main] DEBUG o.s.orm.jpa.JpaTransactionManager [2de03915-1a2d-4044-a5cf-3250d11cef15] - Exposing JPA transaction as JDBC [org.springframework.orm.jpa.vendor.HibernateJpaDialect$HibernateConnectionHandle@b76a0f6]
2026-05-18 13:05:14.033 [main] TRACE o.s.t.i.TransactionInterceptor [2de03915-1a2d-4044-a5cf-3250d11cef15] - Getting transaction for [com.example.WorkHub.services.ReportService.enqueueReport]
2026-05-18 13:05:14.033 [main] DEBUG o.s.orm.jpa.JpaTransactionManager [2de03915-1a2d-4044-a5cf-3250d11cef15] - Found thread-bound EntityManager [SessionImpl(1560118505<open>)] for JPA transaction
2026-05-18 13:05:14.033 [main] DEBUG o.s.orm.jpa.JpaTransactionManager [2de03915-1a2d-4044-a5cf-3250d11cef15] - Participating in existing transaction
2026-05-18 13:05:14.034 [main] TRACE o.s.t.i.TransactionInterceptor [2de03915-1a2d-4044-a5cf-3250d11cef15] - Getting transaction for [org.springframework.data.jpa.repository.support.SimpleJpaRepository.save]
Hibernate: insert into report_jobs (completed_at,created_at,failure_reason,report_type,result_message,started_at,status,tenant_id) values (?,?,?,?,?,?,?,?)
2026-05-18 13:05:14.042 [main] TRACE o.s.t.i.TransactionInterceptor [2de03915-1a2d-4044-a5cf-3250d11cef15] - Completing transaction for [org.springframework.data.jpa.repository.support.SimpleJpaRepository.save]
2026-05-18 13:05:14.060 [main] INFO  o.a.k.common.config.AbstractConfig [2de03915-1a2d-4044-a5cf-3250d11cef15] - ProducerConfig values: 
	acks = -1
	batch.size = 16384
	bootstrap.servers = [PLAINTEXT://localhost:52636]
	buffer.memory = 33554432
	client.dns.lookup = use_all_dns_ips
	client.id = WorkHub-producer-1
	compression.gzip.level = -1
	compression.lz4.level = 9
	compression.type = none
	compression.zstd.level = 3
	connections.max.idle.ms = 540000
	delivery.timeout.ms = 120000
	enable.idempotence = true
	enable.metrics.push = true
	interceptor.classes = []
	key.serializer = class org.apache.kafka.common.serialization.StringSerializer
	linger.ms = 5
	max.block.ms = 60000
	max.in.flight.requests.per.connection = 5
	max.request.size = 1048576
	metadata.max.age.ms = 300000
	metadata.max.idle.ms = 300000
	metadata.recovery.rebootstrap.trigger.ms = 300000
	metadata.recovery.strategy = rebootstrap
	metric.reporters = [org.apache.kafka.common.metrics.JmxReporter]
	metrics.num.samples = 2
	metrics.recording.level = INFO
	metrics.sample.window.ms = 30000
	partitioner.adaptive.partitioning.enable = true
	partitioner.availability.timeout.ms = 0
	partitioner.class = null
	partitioner.ignore.keys = false
	receive.buffer.bytes = 32768
	reconnect.backoff.max.ms = 1000
	reconnect.backoff.ms = 50
	request.timeout.ms = 30000
	retries = 2147483647
	retry.backoff.max.ms = 1000
	retry.backoff.ms = 100
	sasl.client.callback.handler.class = null
	sasl.jaas.config = null
	sasl.kerberos.kinit.cmd = /usr/bin/kinit
	sasl.kerberos.min.time.before.relogin = 60000
	sasl.kerberos.service.name = null
	sasl.kerberos.ticket.renew.jitter = 0.05
	sasl.kerberos.ticket.renew.window.factor = 0.8
	sasl.login.callback.handler.class = null
	sasl.login.class = null
	sasl.login.connect.timeout.ms = null
	sasl.login.read.timeout.ms = null
	sasl.login.refresh.buffer.seconds = 300
	sasl.login.refresh.min.period.seconds = 60
	sasl.login.refresh.window.factor = 0.8
	sasl.login.refresh.window.jitter = 0.05
	sasl.login.retry.backoff.max.ms = 10000
	sasl.login.retry.backoff.ms = 100
	sasl.mechanism = GSSAPI
	sasl.oauthbearer.assertion.algorithm = RS256
	sasl.oauthbearer.assertion.claim.aud = null
	sasl.oauthbearer.assertion.claim.exp.seconds = 300
	sasl.oauthbearer.assertion.claim.iss = null
	sasl.oauthbearer.assertion.claim.jti.include = false
	sasl.oauthbearer.assertion.claim.nbf.seconds = 60
	sasl.oauthbearer.assertion.claim.sub = null
	sasl.oauthbearer.assertion.file = null
	sasl.oauthbearer.assertion.private.key.file = null
	sasl.oauthbearer.assertion.private.key.passphrase = null
	sasl.oauthbearer.assertion.template.file = null
	sasl.oauthbearer.client.credentials.client.id = null
	sasl.oauthbearer.client.credentials.client.secret = null
	sasl.oauthbearer.clock.skew.seconds = 30
	sasl.oauthbearer.expected.audience = null
	sasl.oauthbearer.expected.issuer = null
	sasl.oauthbearer.header.urlencode = false
	sasl.oauthbearer.jwks.endpoint.refresh.ms = 3600000
	sasl.oauthbearer.jwks.endpoint.retry.backoff.max.ms = 10000
	sasl.oauthbearer.jwks.endpoint.retry.backoff.ms = 100
	sasl.oauthbearer.jwks.endpoint.url = null
	sasl.oauthbearer.jwt.retriever.class = class org.apache.kafka.common.security.oauthbearer.DefaultJwtRetriever
	sasl.oauthbearer.jwt.validator.class = class org.apache.kafka.common.security.oauthbearer.DefaultJwtValidator
	sasl.oauthbearer.scope = null
	sasl.oauthbearer.scope.claim.name = scope
	sasl.oauthbearer.sub.claim.name = sub
	sasl.oauthbearer.token.endpoint.url = null
	security.protocol = PLAINTEXT
	security.providers = null
	send.buffer.bytes = 131072
	socket.connection.setup.timeout.max.ms = 30000
	socket.connection.setup.timeout.ms = 10000
	ssl.cipher.suites = null
	ssl.enabled.protocols = [TLSv1.2, TLSv1.3]
	ssl.endpoint.identification.algorithm = https
	ssl.engine.factory.class = null
	ssl.key.password = null
	ssl.keymanager.algorithm = SunX509
	ssl.keystore.certificate.chain = null
	ssl.keystore.key = null
	ssl.keystore.location = null
	ssl.keystore.password = null
	ssl.keystore.type = JKS
	ssl.protocol = TLSv1.3
	ssl.provider = null
	ssl.secure.random.implementation = null
	ssl.trustmanager.algorithm = PKIX
	ssl.truststore.certificates = null
	ssl.truststore.location = null
	ssl.truststore.password = null
	ssl.truststore.type = JKS
	transaction.timeout.ms = 60000
	transaction.two.phase.commit.enable = false
	transactional.id = null
	value.serializer = class org.springframework.kafka.support.serializer.JsonSerializer

2026-05-18 13:05:14.061 [main] INFO  o.a.k.c.t.i.KafkaMetricsCollector [2de03915-1a2d-4044-a5cf-3250d11cef15] - initializing Kafka metrics collector
2026-05-18 13:05:14.086 [main] INFO  o.a.k.clients.producer.KafkaProducer [2de03915-1a2d-4044-a5cf-3250d11cef15] - [Producer clientId=WorkHub-producer-1] Instantiated an idempotent producer.
2026-05-18 13:05:14.115 [main] INFO  o.a.kafka.common.utils.AppInfoParser [2de03915-1a2d-4044-a5cf-3250d11cef15] - Kafka version: 4.1.2
2026-05-18 13:05:14.115 [main] INFO  o.a.kafka.common.utils.AppInfoParser [2de03915-1a2d-4044-a5cf-3250d11cef15] - Kafka commitId: c82fd9b934b4c1e6
2026-05-18 13:05:14.115 [main] INFO  o.a.kafka.common.utils.AppInfoParser [2de03915-1a2d-4044-a5cf-3250d11cef15] - Kafka startTimeMs: 1779098714115
2026-05-18 13:05:14.136 [kafka-producer-network-thread | WorkHub-producer-1] INFO  org.apache.kafka.clients.Metadata [] - [Producer clientId=WorkHub-producer-1] Cluster ID: 4Wx2pAhgQW2LLOAoaD-ADQ
2026-05-18 13:05:14.163 [main] INFO  c.e.W.m.producer.ReportEventProducer [2de03915-1a2d-4044-a5cf-3250d11cef15] - Published report event messageId=3cac4b28-0860-4c3a-8ea2-5cc524bcee67 jobId=1
2026-05-18 13:05:14.163 [main] TRACE o.s.t.i.TransactionInterceptor [2de03915-1a2d-4044-a5cf-3250d11cef15] - Completing transaction for [com.example.WorkHub.services.ReportService.enqueueReport]
2026-05-18 13:05:14.163 [main] DEBUG o.s.orm.jpa.JpaTransactionManager [2de03915-1a2d-4044-a5cf-3250d11cef15] - Initiating transaction commit
2026-05-18 13:05:14.164 [main] DEBUG o.s.orm.jpa.JpaTransactionManager [2de03915-1a2d-4044-a5cf-3250d11cef15] - Committing JPA transaction on EntityManager [SessionImpl(1560118505<open>)]
2026-05-18 13:05:14.167 [main] DEBUG o.s.orm.jpa.JpaTransactionManager [2de03915-1a2d-4044-a5cf-3250d11cef15] - Not closing pre-bound JPA EntityManager after transaction
2026-05-18 13:05:14.185 [main] DEBUG o.s.o.j.s.OpenEntityManagerInViewInterceptor [2de03915-1a2d-4044-a5cf-3250d11cef15] - Closing JPA EntityManager in OpenEntityManagerInViewInterceptor
2026-05-18 13:05:14.261 [kafka-producer-network-thread | WorkHub-producer-1] INFO  o.a.k.c.p.i.TransactionManager [] - [Producer clientId=WorkHub-producer-1] ProducerId set to 0 with epoch 0
2026-05-18 13:05:14.333 [org.springframework.kafka.KafkaListenerEndpointContainer#0-0-C-1] DEBUG o.s.orm.jpa.JpaTransactionManager [] - Creating new transaction with name [com.example.WorkHub.messaging.consumer.ReportRequestedConsumer.consume]: PROPAGATION_REQUIRED,ISOLATION_DEFAULT
2026-05-18 13:05:14.334 [org.springframework.kafka.KafkaListenerEndpointContainer#0-0-C-1] DEBUG o.s.orm.jpa.JpaTransactionManager [] - Opened new EntityManager [SessionImpl(805750425<open>)] for JPA transaction
2026-05-18 13:05:14.334 [org.springframework.kafka.KafkaListenerEndpointContainer#0-0-C-1] DEBUG o.s.orm.jpa.JpaTransactionManager [] - Exposing JPA transaction as JDBC [org.springframework.orm.jpa.vendor.HibernateJpaDialect$HibernateConnectionHandle@76c452f3]
2026-05-18 13:05:14.334 [org.springframework.kafka.KafkaListenerEndpointContainer#0-0-C-1] TRACE o.s.t.i.TransactionInterceptor [] - Getting transaction for [com.example.WorkHub.messaging.consumer.ReportRequestedConsumer.consume]
2026-05-18 13:05:14.335 [org.springframework.kafka.KafkaListenerEndpointContainer#0-0-C-1] TRACE o.s.t.i.TransactionInterceptor [] - No need to create transaction for [org.springframework.data.jpa.repository.support.SimpleJpaRepository.existsByMessageIdAndConsumerName]: This method is not transactional.
Hibernate: select pm1_0.id from processed_messages pm1_0 where pm1_0.message_id=? and pm1_0.consumer_name=? fetch first ? rows only
2026-05-18 13:05:14.356 [org.springframework.kafka.KafkaListenerEndpointContainer#0-0-C-1] DEBUG o.s.orm.jpa.JpaTransactionManager [] - Found thread-bound EntityManager [SessionImpl(805750425<open>)] for JPA transaction
2026-05-18 13:05:14.356 [org.springframework.kafka.KafkaListenerEndpointContainer#0-0-C-1] DEBUG o.s.orm.jpa.JpaTransactionManager [] - Participating in existing transaction
2026-05-18 13:05:14.356 [org.springframework.kafka.KafkaListenerEndpointContainer#0-0-C-1] TRACE o.s.t.i.TransactionInterceptor [] - Getting transaction for [org.springframework.data.jpa.repository.support.SimpleJpaRepository.saveAndFlush]
Hibernate: insert into processed_messages (consumer_name,message_id,processed_at) values (?,?,?)
2026-05-18 13:05:14.361 [org.springframework.kafka.KafkaListenerEndpointContainer#0-0-C-1] TRACE o.s.t.i.TransactionInterceptor [] - Completing transaction for [org.springframework.data.jpa.repository.support.SimpleJpaRepository.saveAndFlush]
2026-05-18 13:05:14.361 [org.springframework.kafka.KafkaListenerEndpointContainer#0-0-C-1] TRACE o.s.t.a.AnnotationTransactionAttributeSource [] - Adding transactional method 'com.example.WorkHub.services.ReportService.markProcessing' with attribute: PROPAGATION_REQUIRED,ISOLATION_DEFAULT
2026-05-18 13:05:14.362 [org.springframework.kafka.KafkaListenerEndpointContainer#0-0-C-1] DEBUG o.s.orm.jpa.JpaTransactionManager [] - Found thread-bound EntityManager [SessionImpl(805750425<open>)] for JPA transaction
2026-05-18 13:05:14.362 [org.springframework.kafka.KafkaListenerEndpointContainer#0-0-C-1] DEBUG o.s.orm.jpa.JpaTransactionManager [] - Participating in existing transaction
2026-05-18 13:05:14.362 [org.springframework.kafka.KafkaListenerEndpointContainer#0-0-C-1] TRACE o.s.t.i.TransactionInterceptor [] - Getting transaction for [com.example.WorkHub.services.ReportService.markProcessing]
2026-05-18 13:05:14.362 [org.springframework.kafka.KafkaListenerEndpointContainer#0-0-C-1] DEBUG o.s.orm.jpa.JpaTransactionManager [] - Found thread-bound EntityManager [SessionImpl(805750425<open>)] for JPA transaction
2026-05-18 13:05:14.362 [org.springframework.kafka.KafkaListenerEndpointContainer#0-0-C-1] DEBUG o.s.orm.jpa.JpaTransactionManager [] - Participating in existing transaction
2026-05-18 13:05:14.362 [org.springframework.kafka.KafkaListenerEndpointContainer#0-0-C-1] TRACE o.s.t.i.TransactionInterceptor [] - Getting transaction for [org.springframework.data.jpa.repository.support.SimpleJpaRepository.findById]
Hibernate: select rj1_0.id,rj1_0.completed_at,rj1_0.created_at,rj1_0.failure_reason,rj1_0.report_type,rj1_0.result_message,rj1_0.started_at,rj1_0.status,rj1_0.tenant_id from report_jobs rj1_0 where rj1_0.id=?
2026-05-18 13:05:14.374 [org.springframework.kafka.KafkaListenerEndpointContainer#0-0-C-1] TRACE o.s.t.i.TransactionInterceptor [] - Completing transaction for [org.springframework.data.jpa.repository.support.SimpleJpaRepository.findById]
2026-05-18 13:05:14.375 [org.springframework.kafka.KafkaListenerEndpointContainer#0-0-C-1] TRACE o.s.t.i.TransactionInterceptor [] - Completing transaction for [com.example.WorkHub.services.ReportService.markProcessing]
2026-05-18 13:05:14.576 [org.springframework.kafka.KafkaListenerEndpointContainer#0-0-C-1] TRACE o.s.t.a.AnnotationTransactionAttributeSource [] - Adding transactional method 'com.example.WorkHub.services.ReportService.markCompleted' with attribute: PROPAGATION_REQUIRED,ISOLATION_DEFAULT
2026-05-18 13:05:14.576 [org.springframework.kafka.KafkaListenerEndpointContainer#0-0-C-1] DEBUG o.s.orm.jpa.JpaTransactionManager [] - Found thread-bound EntityManager [SessionImpl(805750425<open>)] for JPA transaction
2026-05-18 13:05:14.576 [org.springframework.kafka.KafkaListenerEndpointContainer#0-0-C-1] DEBUG o.s.orm.jpa.JpaTransactionManager [] - Participating in existing transaction
2026-05-18 13:05:14.576 [org.springframework.kafka.KafkaListenerEndpointContainer#0-0-C-1] TRACE o.s.t.i.TransactionInterceptor [] - Getting transaction for [com.example.WorkHub.services.ReportService.markCompleted]
2026-05-18 13:05:14.577 [org.springframework.kafka.KafkaListenerEndpointContainer#0-0-C-1] DEBUG o.s.orm.jpa.JpaTransactionManager [] - Found thread-bound EntityManager [SessionImpl(805750425<open>)] for JPA transaction
2026-05-18 13:05:14.578 [org.springframework.kafka.KafkaListenerEndpointContainer#0-0-C-1] DEBUG o.s.orm.jpa.JpaTransactionManager [] - Participating in existing transaction
2026-05-18 13:05:14.578 [org.springframework.kafka.KafkaListenerEndpointContainer#0-0-C-1] TRACE o.s.t.i.TransactionInterceptor [] - Getting transaction for [org.springframework.data.jpa.repository.support.SimpleJpaRepository.findById]
2026-05-18 13:05:14.579 [org.springframework.kafka.KafkaListenerEndpointContainer#0-0-C-1] TRACE o.s.t.i.TransactionInterceptor [] - Completing transaction for [org.springframework.data.jpa.repository.support.SimpleJpaRepository.findById]
2026-05-18 13:05:14.579 [org.springframework.kafka.KafkaListenerEndpointContainer#0-0-C-1] TRACE o.s.t.i.TransactionInterceptor [] - Completing transaction for [com.example.WorkHub.services.ReportService.markCompleted]
2026-05-18 13:05:14.580 [org.springframework.kafka.KafkaListenerEndpointContainer#0-0-C-1] INFO  c.e.W.m.c.ReportRequestedConsumer [] - Processed report event messageId=3cac4b28-0860-4c3a-8ea2-5cc524bcee67 jobId=1
2026-05-18 13:05:14.580 [org.springframework.kafka.KafkaListenerEndpointContainer#0-0-C-1] TRACE o.s.t.i.TransactionInterceptor [] - Completing transaction for [com.example.WorkHub.messaging.consumer.ReportRequestedConsumer.consume]
2026-05-18 13:05:14.580 [org.springframework.kafka.KafkaListenerEndpointContainer#0-0-C-1] DEBUG o.s.orm.jpa.JpaTransactionManager [] - Initiating transaction commit
2026-05-18 13:05:14.580 [org.springframework.kafka.KafkaListenerEndpointContainer#0-0-C-1] DEBUG o.s.orm.jpa.JpaTransactionManager [] - Committing JPA transaction on EntityManager [SessionImpl(805750425<open>)]
Hibernate: update report_jobs set completed_at=?,failure_reason=?,report_type=?,result_message=?,started_at=?,status=?,tenant_id=? where id=?
2026-05-18 13:05:14.591 [org.springframework.kafka.KafkaListenerEndpointContainer#0-0-C-1] DEBUG o.s.orm.jpa.JpaTransactionManager [] - Closing JPA EntityManager after transaction
2026-05-18 13:05:14.747 [awaitility-thread] DEBUG o.s.orm.jpa.JpaTransactionManager [] - Creating new transaction with name [com.example.WorkHub.services.ReportService.getStatus]: PROPAGATION_REQUIRED,ISOLATION_DEFAULT,readOnly
2026-05-18 13:05:14.747 [awaitility-thread] DEBUG o.s.orm.jpa.JpaTransactionManager [] - Opened new EntityManager [SessionImpl(873017629<open>)] for JPA transaction
2026-05-18 13:05:14.750 [awaitility-thread] DEBUG o.s.orm.jpa.JpaTransactionManager [] - Exposing JPA transaction as JDBC [org.springframework.orm.jpa.vendor.HibernateJpaDialect$HibernateConnectionHandle@7e54a5fe]
2026-05-18 13:05:14.750 [awaitility-thread] TRACE o.s.t.i.TransactionInterceptor [] - Getting transaction for [com.example.WorkHub.services.ReportService.getStatus]
2026-05-18 13:05:14.750 [awaitility-thread] DEBUG o.s.orm.jpa.JpaTransactionManager [] - Found thread-bound EntityManager [SessionImpl(873017629<open>)] for JPA transaction
2026-05-18 13:05:14.750 [awaitility-thread] DEBUG o.s.orm.jpa.JpaTransactionManager [] - Participating in existing transaction
2026-05-18 13:05:14.750 [awaitility-thread] TRACE o.s.t.i.TransactionInterceptor [] - Getting transaction for [org.springframework.data.jpa.repository.support.SimpleJpaRepository.findById]
Hibernate: select rj1_0.id,rj1_0.completed_at,rj1_0.created_at,rj1_0.failure_reason,rj1_0.report_type,rj1_0.result_message,rj1_0.started_at,rj1_0.status,rj1_0.tenant_id from report_jobs rj1_0 where rj1_0.id=?
2026-05-18 13:05:14.752 [awaitility-thread] TRACE o.s.t.i.TransactionInterceptor [] - Completing transaction for [org.springframework.data.jpa.repository.support.SimpleJpaRepository.findById]
2026-05-18 13:05:14.752 [awaitility-thread] TRACE o.s.t.i.TransactionInterceptor [] - Completing transaction for [com.example.WorkHub.services.ReportService.getStatus]
2026-05-18 13:05:14.752 [awaitility-thread] DEBUG o.s.orm.jpa.JpaTransactionManager [] - Initiating transaction commit
2026-05-18 13:05:14.752 [awaitility-thread] DEBUG o.s.orm.jpa.JpaTransactionManager [] - Committing JPA transaction on EntityManager [SessionImpl(873017629<open>)]
2026-05-18 13:05:14.753 [awaitility-thread] DEBUG o.s.orm.jpa.JpaTransactionManager [] - Closing JPA EntityManager after transaction
2026-05-18 13:05:14.791 [main] DEBUG o.s.orm.jpa.JpaTransactionManager [] - Creating new transaction with name [org.springframework.data.jpa.repository.support.SimpleJpaRepository.count]: PROPAGATION_REQUIRED,ISOLATION_DEFAULT,readOnly
2026-05-18 13:05:14.791 [main] DEBUG o.s.orm.jpa.JpaTransactionManager [] - Opened new EntityManager [SessionImpl(743078109<open>)] for JPA transaction
2026-05-18 13:05:14.791 [main] DEBUG o.s.orm.jpa.JpaTransactionManager [] - Exposing JPA transaction as JDBC [org.springframework.orm.jpa.vendor.HibernateJpaDialect$HibernateConnectionHandle@5ff6431a]
2026-05-18 13:05:14.791 [main] TRACE o.s.t.i.TransactionInterceptor [] - Getting transaction for [org.springframework.data.jpa.repository.support.SimpleJpaRepository.count]
Hibernate: select count(*) from processed_messages pm1_0
2026-05-18 13:05:14.808 [main] TRACE o.s.t.i.TransactionInterceptor [] - Completing transaction for [org.springframework.data.jpa.repository.support.SimpleJpaRepository.count]
2026-05-18 13:05:14.808 [main] DEBUG o.s.orm.jpa.JpaTransactionManager [] - Initiating transaction commit
2026-05-18 13:05:14.808 [main] DEBUG o.s.orm.jpa.JpaTransactionManager [] - Committing JPA transaction on EntityManager [SessionImpl(743078109<open>)]
2026-05-18 13:05:14.809 [main] DEBUG o.s.orm.jpa.JpaTransactionManager [] - Closing JPA EntityManager after transaction
2026-05-18 13:05:14.813 [main] DEBUG o.s.orm.jpa.JpaTransactionManager [] - Creating new transaction with name [org.springframework.data.jpa.repository.support.SimpleJpaRepository.findAll]: PROPAGATION_REQUIRED,ISOLATION_DEFAULT,readOnly
2026-05-18 13:05:14.813 [main] DEBUG o.s.orm.jpa.JpaTransactionManager [] - Opened new EntityManager [SessionImpl(829999703<open>)] for JPA transaction
2026-05-18 13:05:14.813 [main] DEBUG o.s.orm.jpa.JpaTransactionManager [] - Exposing JPA transaction as JDBC [org.springframework.orm.jpa.vendor.HibernateJpaDialect$HibernateConnectionHandle@4ac2aa10]
2026-05-18 13:05:14.813 [main] TRACE o.s.t.i.TransactionInterceptor [] - Getting transaction for [org.springframework.data.jpa.repository.support.SimpleJpaRepository.findAll]
Hibernate: select pm1_0.id,pm1_0.consumer_name,pm1_0.message_id,pm1_0.processed_at from processed_messages pm1_0
2026-05-18 13:05:14.834 [main] TRACE o.s.t.i.TransactionInterceptor [] - Completing transaction for [org.springframework.data.jpa.repository.support.SimpleJpaRepository.findAll]
2026-05-18 13:05:14.834 [main] DEBUG o.s.orm.jpa.JpaTransactionManager [] - Initiating transaction commit
2026-05-18 13:05:14.834 [main] DEBUG o.s.orm.jpa.JpaTransactionManager [] - Committing JPA transaction on EntityManager [SessionImpl(829999703<open>)]
2026-05-18 13:05:14.836 [main] DEBUG o.s.orm.jpa.JpaTransactionManager [] - Closing JPA EntityManager after transaction
2026-05-18 13:05:14.839 [main] DEBUG o.s.orm.jpa.JpaTransactionManager [] - Creating new transaction with name [org.springframework.data.jpa.repository.support.SimpleJpaRepository.count]: PROPAGATION_REQUIRED,ISOLATION_DEFAULT,readOnly
2026-05-18 13:05:14.840 [main] DEBUG o.s.orm.jpa.JpaTransactionManager [] - Opened new EntityManager [SessionImpl(1258512591<open>)] for JPA transaction
2026-05-18 13:05:14.840 [main] DEBUG o.s.orm.jpa.JpaTransactionManager [] - Exposing JPA transaction as JDBC [org.springframework.orm.jpa.vendor.HibernateJpaDialect$HibernateConnectionHandle@1d7b62cd]
2026-05-18 13:05:14.840 [main] TRACE o.s.t.i.TransactionInterceptor [] - Getting transaction for [org.springframework.data.jpa.repository.support.SimpleJpaRepository.count]
Hibernate: select count(*) from processed_messages pm1_0
2026-05-18 13:05:14.843 [main] TRACE o.s.t.i.TransactionInterceptor [] - Completing transaction for [org.springframework.data.jpa.repository.support.SimpleJpaRepository.count]
2026-05-18 13:05:14.844 [main] DEBUG o.s.orm.jpa.JpaTransactionManager [] - Initiating transaction commit
2026-05-18 13:05:14.844 [main] DEBUG o.s.orm.jpa.JpaTransactionManager [] - Committing JPA transaction on EntityManager [SessionImpl(1258512591<open>)]
2026-05-18 13:05:14.845 [main] DEBUG o.s.orm.jpa.JpaTransactionManager [] - Closing JPA EntityManager after transaction
2026-05-18 13:05:14.845 [main] DEBUG o.s.orm.jpa.JpaTransactionManager [] - Creating new transaction with name [com.example.WorkHub.services.ReportService.getStatus]: PROPAGATION_REQUIRED,ISOLATION_DEFAULT,readOnly
2026-05-18 13:05:14.846 [main] DEBUG o.s.orm.jpa.JpaTransactionManager [] - Opened new EntityManager [SessionImpl(1489812224<open>)] for JPA transaction
2026-05-18 13:05:14.847 [main] DEBUG o.s.orm.jpa.JpaTransactionManager [] - Exposing JPA transaction as JDBC [org.springframework.orm.jpa.vendor.HibernateJpaDialect$HibernateConnectionHandle@6689e1b3]
2026-05-18 13:05:14.847 [main] TRACE o.s.t.i.TransactionInterceptor [] - Getting transaction for [com.example.WorkHub.services.ReportService.getStatus]
2026-05-18 13:05:14.847 [main] DEBUG o.s.orm.jpa.JpaTransactionManager [] - Found thread-bound EntityManager [SessionImpl(1489812224<open>)] for JPA transaction
2026-05-18 13:05:14.847 [main] DEBUG o.s.orm.jpa.JpaTransactionManager [] - Participating in existing transaction
2026-05-18 13:05:14.847 [main] TRACE o.s.t.i.TransactionInterceptor [] - Getting transaction for [org.springframework.data.jpa.repository.support.SimpleJpaRepository.findById]
Hibernate: select rj1_0.id,rj1_0.completed_at,rj1_0.created_at,rj1_0.failure_reason,rj1_0.report_type,rj1_0.result_message,rj1_0.started_at,rj1_0.status,rj1_0.tenant_id from report_jobs rj1_0 where rj1_0.id=?
2026-05-18 13:05:14.848 [main] TRACE o.s.t.i.TransactionInterceptor [] - Completing transaction for [org.springframework.data.jpa.repository.support.SimpleJpaRepository.findById]
2026-05-18 13:05:14.848 [main] TRACE o.s.t.i.TransactionInterceptor [] - Completing transaction for [com.example.WorkHub.services.ReportService.getStatus]
2026-05-18 13:05:14.849 [main] DEBUG o.s.orm.jpa.JpaTransactionManager [] - Initiating transaction commit
2026-05-18 13:05:14.849 [main] DEBUG o.s.orm.jpa.JpaTransactionManager [] - Committing JPA transaction on EntityManager [SessionImpl(1489812224<open>)]
2026-05-18 13:05:14.849 [main] DEBUG o.s.orm.jpa.JpaTransactionManager [] - Closing JPA EntityManager after transaction
]]></system-out>
    <system-err><![CDATA[13:05:10,313 |-WARN in ch.qos.logback.core.model.processor.AppenderRefModelHandler - Appender named [DEBUG_FILE] could not be found. Skipping attachment to Logger[ROOT].
13:05:10,314 |-WARN in ch.qos.logback.core.model.processor.AppenderRefModelHandler - Appender named [WARN_FILE] could not be found. Skipping attachment to Logger[ROOT].
13:05:10,314 |-WARN in ch.qos.logback.core.model.processor.AppenderRefModelHandler - Appender named [ERROR_FILE] could not be found. Skipping attachment to Logger[ROOT].
]]></system-err>
  </testcase>
  <testcase name="enqueueReport_consumerProcesses_dbReachesCompleted" classname="com.example.WorkHub.MessagingReliabilityIntegrationTest" time="0.617">
    <system-out><![CDATA[2026-05-18 13:05:14.856 [main] DEBUG o.s.orm.jpa.JpaTransactionManager [] - Creating new transaction with name [org.springframework.data.jpa.repository.support.SimpleJpaRepository.save]: PROPAGATION_REQUIRED,ISOLATION_DEFAULT
2026-05-18 13:05:14.856 [main] DEBUG o.s.orm.jpa.JpaTransactionManager [] - Opened new EntityManager [SessionImpl(797493274<open>)] for JPA transaction
2026-05-18 13:05:14.857 [main] DEBUG o.s.orm.jpa.JpaTransactionManager [] - Exposing JPA transaction as JDBC [org.springframework.orm.jpa.vendor.HibernateJpaDialect$HibernateConnectionHandle@36ed075b]
2026-05-18 13:05:14.857 [main] TRACE o.s.t.i.TransactionInterceptor [] - Getting transaction for [org.springframework.data.jpa.repository.support.SimpleJpaRepository.save]
Hibernate: insert into tenant (name,plan) values (?,?)
2026-05-18 13:05:14.860 [main] TRACE o.s.t.i.TransactionInterceptor [] - Completing transaction for [org.springframework.data.jpa.repository.support.SimpleJpaRepository.save]
2026-05-18 13:05:14.860 [main] DEBUG o.s.orm.jpa.JpaTransactionManager [] - Initiating transaction commit
2026-05-18 13:05:14.860 [main] DEBUG o.s.orm.jpa.JpaTransactionManager [] - Committing JPA transaction on EntityManager [SessionImpl(797493274<open>)]
2026-05-18 13:05:14.861 [main] DEBUG o.s.orm.jpa.JpaTransactionManager [] - Closing JPA EntityManager after transaction
2026-05-18 13:05:14.924 [main] DEBUG o.s.orm.jpa.JpaTransactionManager [] - Creating new transaction with name [org.springframework.data.jpa.repository.support.SimpleJpaRepository.save]: PROPAGATION_REQUIRED,ISOLATION_DEFAULT
2026-05-18 13:05:14.924 [main] DEBUG o.s.orm.jpa.JpaTransactionManager [] - Opened new EntityManager [SessionImpl(1221062873<open>)] for JPA transaction
2026-05-18 13:05:14.925 [main] DEBUG o.s.orm.jpa.JpaTransactionManager [] - Exposing JPA transaction as JDBC [org.springframework.orm.jpa.vendor.HibernateJpaDialect$HibernateConnectionHandle@164ee145]
2026-05-18 13:05:14.925 [main] TRACE o.s.t.i.TransactionInterceptor [] - Getting transaction for [org.springframework.data.jpa.repository.support.SimpleJpaRepository.save]
Hibernate: select nextval('users_seq')
2026-05-18 13:05:14.928 [main] TRACE o.s.t.i.TransactionInterceptor [] - Completing transaction for [org.springframework.data.jpa.repository.support.SimpleJpaRepository.save]
2026-05-18 13:05:14.928 [main] DEBUG o.s.orm.jpa.JpaTransactionManager [] - Initiating transaction commit
2026-05-18 13:05:14.928 [main] DEBUG o.s.orm.jpa.JpaTransactionManager [] - Committing JPA transaction on EntityManager [SessionImpl(1221062873<open>)]
Hibernate: insert into users (email,password,role,tenant_id,id) values (?,?,?,?,?)
2026-05-18 13:05:14.932 [main] DEBUG o.s.orm.jpa.JpaTransactionManager [] - Closing JPA EntityManager after transaction
2026-05-18 13:05:14.938 [main] TRACE o.s.t.i.TransactionInterceptor [6804b7e1-b5ae-4749-8546-b78b4c381c41] - No need to create transaction for [org.springframework.data.jpa.repository.support.SimpleJpaRepository.findByEmailAndTenantId]: This method is not transactional.
2026-05-18 13:05:14.938 [main] DEBUG o.s.o.j.SharedEntityManagerCreator$SharedEntityManagerInvocationHandler [6804b7e1-b5ae-4749-8546-b78b4c381c41] - Creating new EntityManager for shared EntityManager invocation
Hibernate: select u1_0.id,u1_0.email,u1_0.password,u1_0.role,u1_0.tenant_id from users u1_0 where u1_0.email=? and u1_0.tenant_id=?
2026-05-18 13:05:14.947 [main] DEBUG o.s.o.j.s.OpenEntityManagerInViewInterceptor [6804b7e1-b5ae-4749-8546-b78b4c381c41] - Opening JPA EntityManager in OpenEntityManagerInViewInterceptor
2026-05-18 13:05:14.948 [main] DEBUG o.s.orm.jpa.JpaTransactionManager [6804b7e1-b5ae-4749-8546-b78b4c381c41] - Found thread-bound EntityManager [SessionImpl(613311638<open>)] for JPA transaction
2026-05-18 13:05:14.948 [main] DEBUG o.s.orm.jpa.JpaTransactionManager [6804b7e1-b5ae-4749-8546-b78b4c381c41] - Creating new transaction with name [com.example.WorkHub.services.ReportService.enqueueReport]: PROPAGATION_REQUIRED,ISOLATION_DEFAULT
2026-05-18 13:05:14.948 [main] DEBUG o.s.orm.jpa.JpaTransactionManager [6804b7e1-b5ae-4749-8546-b78b4c381c41] - Exposing JPA transaction as JDBC [org.springframework.orm.jpa.vendor.HibernateJpaDialect$HibernateConnectionHandle@1002e64a]
2026-05-18 13:05:14.948 [main] TRACE o.s.t.i.TransactionInterceptor [6804b7e1-b5ae-4749-8546-b78b4c381c41] - Getting transaction for [com.example.WorkHub.services.ReportService.enqueueReport]
2026-05-18 13:05:14.948 [main] DEBUG o.s.orm.jpa.JpaTransactionManager [6804b7e1-b5ae-4749-8546-b78b4c381c41] - Found thread-bound EntityManager [SessionImpl(613311638<open>)] for JPA transaction
2026-05-18 13:05:14.948 [main] DEBUG o.s.orm.jpa.JpaTransactionManager [6804b7e1-b5ae-4749-8546-b78b4c381c41] - Participating in existing transaction
2026-05-18 13:05:14.948 [main] TRACE o.s.t.i.TransactionInterceptor [6804b7e1-b5ae-4749-8546-b78b4c381c41] - Getting transaction for [org.springframework.data.jpa.repository.support.SimpleJpaRepository.save]
Hibernate: insert into report_jobs (completed_at,created_at,failure_reason,report_type,result_message,started_at,status,tenant_id) values (?,?,?,?,?,?,?,?)
2026-05-18 13:05:14.952 [main] TRACE o.s.t.i.TransactionInterceptor [6804b7e1-b5ae-4749-8546-b78b4c381c41] - Completing transaction for [org.springframework.data.jpa.repository.support.SimpleJpaRepository.save]
2026-05-18 13:05:14.952 [main] INFO  c.e.W.m.producer.ReportEventProducer [6804b7e1-b5ae-4749-8546-b78b4c381c41] - Published report event messageId=6143d0a3-c32b-4f6b-b998-585594f17e06 jobId=2
2026-05-18 13:05:14.953 [main] TRACE o.s.t.i.TransactionInterceptor [6804b7e1-b5ae-4749-8546-b78b4c381c41] - Completing transaction for [com.example.WorkHub.services.ReportService.enqueueReport]
2026-05-18 13:05:14.953 [main] DEBUG o.s.orm.jpa.JpaTransactionManager [6804b7e1-b5ae-4749-8546-b78b4c381c41] - Initiating transaction commit
2026-05-18 13:05:14.953 [main] DEBUG o.s.orm.jpa.JpaTransactionManager [6804b7e1-b5ae-4749-8546-b78b4c381c41] - Committing JPA transaction on EntityManager [SessionImpl(613311638<open>)]
2026-05-18 13:05:14.954 [main] DEBUG o.s.orm.jpa.JpaTransactionManager [6804b7e1-b5ae-4749-8546-b78b4c381c41] - Not closing pre-bound JPA EntityManager after transaction
2026-05-18 13:05:14.955 [main] DEBUG o.s.o.j.s.OpenEntityManagerInViewInterceptor [6804b7e1-b5ae-4749-8546-b78b4c381c41] - Closing JPA EntityManager in OpenEntityManagerInViewInterceptor
2026-05-18 13:05:14.964 [org.springframework.kafka.KafkaListenerEndpointContainer#0-0-C-1] DEBUG o.s.orm.jpa.JpaTransactionManager [] - Creating new transaction with name [com.example.WorkHub.messaging.consumer.ReportRequestedConsumer.consume]: PROPAGATION_REQUIRED,ISOLATION_DEFAULT
2026-05-18 13:05:14.964 [org.springframework.kafka.KafkaListenerEndpointContainer#0-0-C-1] DEBUG o.s.orm.jpa.JpaTransactionManager [] - Opened new EntityManager [SessionImpl(1553203995<open>)] for JPA transaction
2026-05-18 13:05:14.965 [org.springframework.kafka.KafkaListenerEndpointContainer#0-0-C-1] DEBUG o.s.orm.jpa.JpaTransactionManager [] - Exposing JPA transaction as JDBC [org.springframework.orm.jpa.vendor.HibernateJpaDialect$HibernateConnectionHandle@5701ba66]
2026-05-18 13:05:14.965 [org.springframework.kafka.KafkaListenerEndpointContainer#0-0-C-1] TRACE o.s.t.i.TransactionInterceptor [] - Getting transaction for [com.example.WorkHub.messaging.consumer.ReportRequestedConsumer.consume]
2026-05-18 13:05:14.965 [org.springframework.kafka.KafkaListenerEndpointContainer#0-0-C-1] TRACE o.s.t.i.TransactionInterceptor [] - No need to create transaction for [org.springframework.data.jpa.repository.support.SimpleJpaRepository.existsByMessageIdAndConsumerName]: This method is not transactional.
Hibernate: select pm1_0.id from processed_messages pm1_0 where pm1_0.message_id=? and pm1_0.consumer_name=? fetch first ? rows only
2026-05-18 13:05:14.967 [org.springframework.kafka.KafkaListenerEndpointContainer#0-0-C-1] DEBUG o.s.orm.jpa.JpaTransactionManager [] - Found thread-bound EntityManager [SessionImpl(1553203995<open>)] for JPA transaction
2026-05-18 13:05:14.967 [org.springframework.kafka.KafkaListenerEndpointContainer#0-0-C-1] DEBUG o.s.orm.jpa.JpaTransactionManager [] - Participating in existing transaction
2026-05-18 13:05:14.967 [org.springframework.kafka.KafkaListenerEndpointContainer#0-0-C-1] TRACE o.s.t.i.TransactionInterceptor [] - Getting transaction for [org.springframework.data.jpa.repository.support.SimpleJpaRepository.saveAndFlush]
Hibernate: insert into processed_messages (consumer_name,message_id,processed_at) values (?,?,?)
2026-05-18 13:05:14.969 [org.springframework.kafka.KafkaListenerEndpointContainer#0-0-C-1] TRACE o.s.t.i.TransactionInterceptor [] - Completing transaction for [org.springframework.data.jpa.repository.support.SimpleJpaRepository.saveAndFlush]
2026-05-18 13:05:14.969 [org.springframework.kafka.KafkaListenerEndpointContainer#0-0-C-1] DEBUG o.s.orm.jpa.JpaTransactionManager [] - Found thread-bound EntityManager [SessionImpl(1553203995<open>)] for JPA transaction
2026-05-18 13:05:14.969 [org.springframework.kafka.KafkaListenerEndpointContainer#0-0-C-1] DEBUG o.s.orm.jpa.JpaTransactionManager [] - Participating in existing transaction
2026-05-18 13:05:14.969 [org.springframework.kafka.KafkaListenerEndpointContainer#0-0-C-1] TRACE o.s.t.i.TransactionInterceptor [] - Getting transaction for [com.example.WorkHub.services.ReportService.markProcessing]
2026-05-18 13:05:14.969 [org.springframework.kafka.KafkaListenerEndpointContainer#0-0-C-1] DEBUG o.s.orm.jpa.JpaTransactionManager [] - Found thread-bound EntityManager [SessionImpl(1553203995<open>)] for JPA transaction
2026-05-18 13:05:14.969 [org.springframework.kafka.KafkaListenerEndpointContainer#0-0-C-1] DEBUG o.s.orm.jpa.JpaTransactionManager [] - Participating in existing transaction
2026-05-18 13:05:14.969 [org.springframework.kafka.KafkaListenerEndpointContainer#0-0-C-1] TRACE o.s.t.i.TransactionInterceptor [] - Getting transaction for [org.springframework.data.jpa.repository.support.SimpleJpaRepository.findById]
Hibernate: select rj1_0.id,rj1_0.completed_at,rj1_0.created_at,rj1_0.failure_reason,rj1_0.report_type,rj1_0.result_message,rj1_0.started_at,rj1_0.status,rj1_0.tenant_id from report_jobs rj1_0 where rj1_0.id=?
2026-05-18 13:05:14.971 [org.springframework.kafka.KafkaListenerEndpointContainer#0-0-C-1] TRACE o.s.t.i.TransactionInterceptor [] - Completing transaction for [org.springframework.data.jpa.repository.support.SimpleJpaRepository.findById]
2026-05-18 13:05:14.971 [org.springframework.kafka.KafkaListenerEndpointContainer#0-0-C-1] TRACE o.s.t.i.TransactionInterceptor [] - Completing transaction for [com.example.WorkHub.services.ReportService.markProcessing]
2026-05-18 13:05:15.172 [org.springframework.kafka.KafkaListenerEndpointContainer#0-0-C-1] DEBUG o.s.orm.jpa.JpaTransactionManager [] - Found thread-bound EntityManager [SessionImpl(1553203995<open>)] for JPA transaction
2026-05-18 13:05:15.172 [org.springframework.kafka.KafkaListenerEndpointContainer#0-0-C-1] DEBUG o.s.orm.jpa.JpaTransactionManager [] - Participating in existing transaction
2026-05-18 13:05:15.172 [org.springframework.kafka.KafkaListenerEndpointContainer#0-0-C-1] TRACE o.s.t.i.TransactionInterceptor [] - Getting transaction for [com.example.WorkHub.services.ReportService.markCompleted]
2026-05-18 13:05:15.172 [org.springframework.kafka.KafkaListenerEndpointContainer#0-0-C-1] DEBUG o.s.orm.jpa.JpaTransactionManager [] - Found thread-bound EntityManager [SessionImpl(1553203995<open>)] for JPA transaction
2026-05-18 13:05:15.172 [org.springframework.kafka.KafkaListenerEndpointContainer#0-0-C-1] DEBUG o.s.orm.jpa.JpaTransactionManager [] - Participating in existing transaction
2026-05-18 13:05:15.172 [org.springframework.kafka.KafkaListenerEndpointContainer#0-0-C-1] TRACE o.s.t.i.TransactionInterceptor [] - Getting transaction for [org.springframework.data.jpa.repository.support.SimpleJpaRepository.findById]
2026-05-18 13:05:15.173 [org.springframework.kafka.KafkaListenerEndpointContainer#0-0-C-1] TRACE o.s.t.i.TransactionInterceptor [] - Completing transaction for [org.springframework.data.jpa.repository.support.SimpleJpaRepository.findById]
2026-05-18 13:05:15.173 [org.springframework.kafka.KafkaListenerEndpointContainer#0-0-C-1] TRACE o.s.t.i.TransactionInterceptor [] - Completing transaction for [com.example.WorkHub.services.ReportService.markCompleted]
2026-05-18 13:05:15.173 [org.springframework.kafka.KafkaListenerEndpointContainer#0-0-C-1] INFO  c.e.W.m.c.ReportRequestedConsumer [] - Processed report event messageId=6143d0a3-c32b-4f6b-b998-585594f17e06 jobId=2
2026-05-18 13:05:15.173 [org.springframework.kafka.KafkaListenerEndpointContainer#0-0-C-1] TRACE o.s.t.i.TransactionInterceptor [] - Completing transaction for [com.example.WorkHub.messaging.consumer.ReportRequestedConsumer.consume]
2026-05-18 13:05:15.173 [org.springframework.kafka.KafkaListenerEndpointContainer#0-0-C-1] DEBUG o.s.orm.jpa.JpaTransactionManager [] - Initiating transaction commit
2026-05-18 13:05:15.173 [org.springframework.kafka.KafkaListenerEndpointContainer#0-0-C-1] DEBUG o.s.orm.jpa.JpaTransactionManager [] - Committing JPA transaction on EntityManager [SessionImpl(1553203995<open>)]
Hibernate: update report_jobs set completed_at=?,failure_reason=?,report_type=?,result_message=?,started_at=?,status=?,tenant_id=? where id=?
2026-05-18 13:05:15.176 [org.springframework.kafka.KafkaListenerEndpointContainer#0-0-C-1] DEBUG o.s.orm.jpa.JpaTransactionManager [] - Closing JPA EntityManager after transaction
2026-05-18 13:05:15.459 [awaitility-thread] DEBUG o.s.orm.jpa.JpaTransactionManager [] - Creating new transaction with name [com.example.WorkHub.services.ReportService.getStatus]: PROPAGATION_REQUIRED,ISOLATION_DEFAULT,readOnly
2026-05-18 13:05:15.459 [awaitility-thread] DEBUG o.s.orm.jpa.JpaTransactionManager [] - Opened new EntityManager [SessionImpl(1934983229<open>)] for JPA transaction
2026-05-18 13:05:15.460 [awaitility-thread] DEBUG o.s.orm.jpa.JpaTransactionManager [] - Exposing JPA transaction as JDBC [org.springframework.orm.jpa.vendor.HibernateJpaDialect$HibernateConnectionHandle@7d927027]
2026-05-18 13:05:15.460 [awaitility-thread] TRACE o.s.t.i.TransactionInterceptor [] - Getting transaction for [com.example.WorkHub.services.ReportService.getStatus]
2026-05-18 13:05:15.460 [awaitility-thread] DEBUG o.s.orm.jpa.JpaTransactionManager [] - Found thread-bound EntityManager [SessionImpl(1934983229<open>)] for JPA transaction
2026-05-18 13:05:15.460 [awaitility-thread] DEBUG o.s.orm.jpa.JpaTransactionManager [] - Participating in existing transaction
2026-05-18 13:05:15.460 [awaitility-thread] TRACE o.s.t.i.TransactionInterceptor [] - Getting transaction for [org.springframework.data.jpa.repository.support.SimpleJpaRepository.findById]
Hibernate: select rj1_0.id,rj1_0.completed_at,rj1_0.created_at,rj1_0.failure_reason,rj1_0.report_type,rj1_0.result_message,rj1_0.started_at,rj1_0.status,rj1_0.tenant_id from report_jobs rj1_0 where rj1_0.id=?
2026-05-18 13:05:15.463 [awaitility-thread] TRACE o.s.t.i.TransactionInterceptor [] - Completing transaction for [org.springframework.data.jpa.repository.support.SimpleJpaRepository.findById]
2026-05-18 13:05:15.464 [awaitility-thread] TRACE o.s.t.i.TransactionInterceptor [] - Completing transaction for [com.example.WorkHub.services.ReportService.getStatus]
2026-05-18 13:05:15.464 [awaitility-thread] DEBUG o.s.orm.jpa.JpaTransactionManager [] - Initiating transaction commit
2026-05-18 13:05:15.464 [awaitility-thread] DEBUG o.s.orm.jpa.JpaTransactionManager [] - Committing JPA transaction on EntityManager [SessionImpl(1934983229<open>)]
2026-05-18 13:05:15.465 [awaitility-thread] DEBUG o.s.orm.jpa.JpaTransactionManager [] - Closing JPA EntityManager after transaction
2026-05-18 13:05:15.465 [main] DEBUG o.s.orm.jpa.JpaTransactionManager [] - Creating new transaction with name [com.example.WorkHub.services.ReportService.getStatus]: PROPAGATION_REQUIRED,ISOLATION_DEFAULT,readOnly
2026-05-18 13:05:15.465 [main] DEBUG o.s.orm.jpa.JpaTransactionManager [] - Opened new EntityManager [SessionImpl(661521317<open>)] for JPA transaction
2026-05-18 13:05:15.465 [main] DEBUG o.s.orm.jpa.JpaTransactionManager [] - Exposing JPA transaction as JDBC [org.springframework.orm.jpa.vendor.HibernateJpaDialect$HibernateConnectionHandle@3f34c57b]
2026-05-18 13:05:15.465 [main] TRACE o.s.t.i.TransactionInterceptor [] - Getting transaction for [com.example.WorkHub.services.ReportService.getStatus]
2026-05-18 13:05:15.466 [main] DEBUG o.s.orm.jpa.JpaTransactionManager [] - Found thread-bound EntityManager [SessionImpl(661521317<open>)] for JPA transaction
2026-05-18 13:05:15.466 [main] DEBUG o.s.orm.jpa.JpaTransactionManager [] - Participating in existing transaction
2026-05-18 13:05:15.466 [main] TRACE o.s.t.i.TransactionInterceptor [] - Getting transaction for [org.springframework.data.jpa.repository.support.SimpleJpaRepository.findById]
Hibernate: select rj1_0.id,rj1_0.completed_at,rj1_0.created_at,rj1_0.failure_reason,rj1_0.report_type,rj1_0.result_message,rj1_0.started_at,rj1_0.status,rj1_0.tenant_id from report_jobs rj1_0 where rj1_0.id=?
2026-05-18 13:05:15.468 [main] TRACE o.s.t.i.TransactionInterceptor [] - Completing transaction for [org.springframework.data.jpa.repository.support.SimpleJpaRepository.findById]
2026-05-18 13:05:15.468 [main] TRACE o.s.t.i.TransactionInterceptor [] - Completing transaction for [com.example.WorkHub.services.ReportService.getStatus]
2026-05-18 13:05:15.468 [main] DEBUG o.s.orm.jpa.JpaTransactionManager [] - Initiating transaction commit
2026-05-18 13:05:15.468 [main] DEBUG o.s.orm.jpa.JpaTransactionManager [] - Committing JPA transaction on EntityManager [SessionImpl(661521317<open>)]
2026-05-18 13:05:15.469 [main] DEBUG o.s.orm.jpa.JpaTransactionManager [] - Closing JPA EntityManager after transaction
]]></system-out>
  </testcase>
</testsuite>