<?xml version="1.0" encoding="UTF-8"?>
<testsuite xmlns:xsi="http://www.w3.org/2001/XMLSchema-instance" xsi:noNamespaceSchemaLocation="https://maven.apache.org/surefire/maven-surefire-plugin/xsd/surefire-test-report.xsd" version="3.0.2" name="com.example.WorkHub.services.ConcurrencySafetyIntegrationTest" time="1.674" tests="1" errors="0" skipped="0" failures="0" flakes="0">
  <properties>
[...]
</properties>
  <testcase name="concurrentUpdates_optimisticLockingPreventsLostUpdates" classname="com.example.WorkHub.services.ConcurrencySafetyIntegrationTest" time="0.152">
    <system-out><![CDATA[2026-05-16 18:43:39.814 [main] INFO  o.s.t.c.s.AnnotationConfigContextLoaderUtils [] - Could not detect default configuration classes for test class [com.example.WorkHub.services.ConcurrencySafetyIntegrationTest]: ConcurrencySafetyIntegrationTest does not declare any static, non-private, non-final, nested classes annotated with @Configuration.
2026-05-16 18:43:39.837 [main] INFO  o.s.b.t.c.SpringBootTestContextBootstrapper [] - Found @SpringBootConfiguration com.example.WorkHub.WorkHubApplication for test class com.example.WorkHub.services.ConcurrencySafetyIntegrationTest
2026-05-16 18:43:39.838 [main] INFO  o.s.t.c.s.AnnotationConfigContextLoaderUtils [] - Could not detect default configuration classes for test class [com.example.WorkHub.services.ConcurrencySafetyIntegrationTest]: ConcurrencySafetyIntegrationTest does not declare any static, non-private, non-final, nested classes annotated with @Configuration.
2026-05-16 18:43:39.839 [main] INFO  o.s.b.t.c.SpringBootTestContextBootstrapper [] - Found @SpringBootConfiguration com.example.WorkHub.WorkHubApplication for test class com.example.WorkHub.services.ConcurrencySafetyIntegrationTest
2026-05-16 18:43:39.845 [main] INFO  o.s.b.d.r.RestartApplicationListener [] - Restart disabled due to context in which it is running

  .   ____          _            __ _ _
 /\\ / ___'_ __ _ _(_)_ __  __ _ \ \ \ \
( ( )\___ | '_ | '_| | '_ \/ _` | \ \ \ \
 \\/  ___)| |_)| | | | | || (_| |  ) ) ) )
  '  |____| .__|_| |_|_| |_\__, | / / / /
 =========|_|==============|___/=/_/_/_/

 :: Spring Boot ::                (v4.0.4)

2026-05-16 18:43:39.896 [main] INFO  c.e.W.s.ConcurrencySafetyIntegrationTest [] - Starting ConcurrencySafetyIntegrationTest using Java 21.0.11 with PID 26068 (started by ahmed in D:\down\WorkHub-2)
2026-05-16 18:43:39.896 [main] DEBUG c.e.W.s.ConcurrencySafetyIntegrationTest [] - Running with Spring Boot v4.0.4, Spring v7.0.6
2026-05-16 18:43:39.896 [main] INFO  c.e.W.s.ConcurrencySafetyIntegrationTest [] - No active profile set, falling back to 1 default profile: "default"
2026-05-16 18:43:40.338 [main] INFO  o.s.d.r.c.RepositoryConfigurationDelegate [] - Bootstrapping Spring Data JPA repositories in DEFAULT mode.
2026-05-16 18:43:40.452 [main] INFO  o.s.d.r.c.RepositoryConfigurationDelegate [] - Finished Spring Data repository scanning in 109 ms. Found 6 JPA repository interfaces.
2026-05-16 18:43:40.638 [main] DEBUG o.s.o.j.LocalContainerEntityManagerFactoryBean [] - Building JPA container EntityManagerFactory for persistence unit 'default'
2026-05-16 18:43:40.638 [main] INFO  org.hibernate.orm.jpa [] - HHH008540: Processing PersistenceUnitInfo [name: default]
2026-05-16 18:43:40.643 [main] DEBUG o.s.o.j.h.SpringBeanContainer [] - Falling back to Hibernate's default producer after bean creation failure for interface org.hibernate.engine.jdbc.connections.spi.MultiTenantConnectionProvider: org.springframework.beans.factory.BeanCreationException: Error creating bean with name 'org.hibernate.engine.jdbc.connections.spi.MultiTenantConnectionProvider': Failed to instantiate [org.hibernate.engine.jdbc.connections.spi.MultiTenantConnectionProvider]: Specified class is an interface
2026-05-16 18:43:40.677 [main] INFO  o.s.o.j.p.SpringPersistenceUnitInfo [] - No LoadTimeWeaver setup: ignoring JPA class transformer
2026-05-16 18:43:40.678 [main] INFO  com.zaxxer.hikari.HikariDataSource [] - HikariPool-4 - Starting...
2026-05-16 18:43:40.696 [main] INFO  com.zaxxer.hikari.pool.HikariPool [] - HikariPool-4 - Added connection org.postgresql.jdbc.PgConnection@5777e443
2026-05-16 18:43:40.696 [main] INFO  com.zaxxer.hikari.HikariDataSource [] - HikariPool-4 - Start completed.
2026-05-16 18:43:40.700 [main] WARN  org.hibernate.orm.deprecation [] - HHH90000025: PostgreSQLDialect does not need to be specified explicitly using 'hibernate.dialect' (remove the property setting and it will be selected by default)
2026-05-16 18:43:40.706 [main] INFO  o.hibernate.orm.connections.pooling [] - HHH10001005: Database info:
	Database JDBC URL [jdbc:postgresql://127.0.0.1:5433/workhub]
	Database driver: PostgreSQL JDBC Driver
	Database dialect: PostgreSQLDialect
	Database version: 15.18
	Default catalog/schema: workhub/public
	Autocommit mode: undefined/unknown
	Isolation level: READ_COMMITTED [default READ_COMMITTED]
	JDBC fetch size: none
	Pool: DataSourceConnectionProvider
	Minimum pool size: undefined/unknown
	Maximum pool size: undefined/unknown
2026-05-16 18:43:40.760 [main] DEBUG o.s.o.j.h.SpringBeanContainer [] - Falling back to Hibernate's default producer after bean creation failure for interface org.hibernate.context.spi.CurrentTenantIdentifierResolver: org.springframework.beans.factory.NoSuchBeanDefinitionException: No qualifying bean of type 'org.hibernate.context.spi.CurrentTenantIdentifierResolver<?>' available
2026-05-16 18:43:40.760 [main] DEBUG o.s.o.j.h.SpringBeanContainer [] - Falling back to Hibernate's default producer after bean creation failure for interface org.hibernate.context.spi.TenantSchemaMapper: org.springframework.beans.factory.NoSuchBeanDefinitionException: No qualifying bean of type 'org.hibernate.context.spi.TenantSchemaMapper<?>' available
2026-05-16 18:43:40.835 [main] INFO  org.hibernate.orm.core [] - HHH000489: No JTA platform available (set 'hibernate.transaction.jta.platform' to enable JTA platform integration)
2026-05-16 18:43:40.897 [main] INFO  o.s.o.j.LocalContainerEntityManagerFactoryBean [] - Initialized JPA EntityManagerFactory for persistence unit 'default'
2026-05-16 18:43:40.944 [main] INFO  o.s.s.c.a.a.c.InitializeUserDetailsBeanManagerConfigurer$InitializeUserDetailsManagerConfigurer [] - Global AuthenticationManager configured with UserDetailsService bean with name customUserDetailsService
2026-05-16 18:43:40.959 [main] TRACE o.s.t.a.AnnotationTransactionAttributeSource [] - Adding transactional method 'com.example.WorkHub.services.ProjectService.createProjectWithInitialTask' with attribute: PROPAGATION_REQUIRED,ISOLATION_DEFAULT
2026-05-16 18:43:40.969 [main] TRACE o.s.t.a.AnnotationTransactionAttributeSource [] - Adding transactional method 'com.example.WorkHub.services.ReportService.getStatus' with attribute: PROPAGATION_REQUIRED,ISOLATION_DEFAULT,readOnly
2026-05-16 18:43:40.978 [main] TRACE o.s.t.a.AnnotationTransactionAttributeSource [] - Adding transactional method 'com.example.WorkHub.messaging.consumer.ReportRequestedConsumer.consume' with attribute: PROPAGATION_REQUIRED,ISOLATION_DEFAULT
2026-05-16 18:43:41.020 [main] WARN  o.s.b.j.a.JpaBaseConfiguration$JpaWebConfiguration [] - spring.jpa.open-in-view is enabled by default. Therefore, database queries may be performed during view rendering. Explicitly configure spring.jpa.open-in-view to disable this warning
2026-05-16 18:43:41.307 [main] INFO  o.s.b.a.e.web.EndpointLinksResolver [] - Exposing 4 endpoints beneath base path '/actuator'
2026-05-16 18:43:41.328 [main] INFO  c.e.W.s.ConcurrencySafetyIntegrationTest [] - Started ConcurrencySafetyIntegrationTest in 1.483 seconds (process running for 46.37)
2026-05-16 18:43:41.330 [main] WARN  o.s.c.events.SpringDocAppInitializer [] - SpringDoc /v3/api-docs endpoint is enabled by default. To disable it in production, set the property 'springdoc.api-docs.enabled=false'
2026-05-16 18:43:41.330 [main] WARN  o.s.c.events.SpringDocAppInitializer [] - SpringDoc /swagger-ui.html endpoint is enabled by default. To disable it in production, set the property 'springdoc.swagger-ui.enabled=false'
2026-05-16 18:43:41.338 [main] DEBUG o.s.orm.jpa.JpaTransactionManager [] - Creating new transaction with name [org.springframework.data.jpa.repository.support.SimpleJpaRepository.save]: PROPAGATION_REQUIRED,ISOLATION_DEFAULT
2026-05-16 18:43:41.339 [main] DEBUG o.s.orm.jpa.JpaTransactionManager [] - Opened new EntityManager [SessionImpl(1908884486<open>)] for JPA transaction
2026-05-16 18:43:41.339 [main] DEBUG o.s.orm.jpa.JpaTransactionManager [] - Exposing JPA transaction as JDBC [org.springframework.orm.jpa.vendor.HibernateJpaDialect$HibernateConnectionHandle@fde5ad3]
2026-05-16 18:43:41.339 [main] TRACE o.s.t.i.TransactionInterceptor [] - Getting transaction for [org.springframework.data.jpa.repository.support.SimpleJpaRepository.save]
Hibernate: insert into tenant (name,plan) values (?,?)
2026-05-16 18:43:41.345 [main] TRACE o.s.t.i.TransactionInterceptor [] - Completing transaction for [org.springframework.data.jpa.repository.support.SimpleJpaRepository.save]
2026-05-16 18:43:41.345 [main] DEBUG o.s.orm.jpa.JpaTransactionManager [] - Initiating transaction commit
2026-05-16 18:43:41.345 [main] DEBUG o.s.orm.jpa.JpaTransactionManager [] - Committing JPA transaction on EntityManager [SessionImpl(1908884486<open>)]
2026-05-16 18:43:41.349 [main] DEBUG o.s.orm.jpa.JpaTransactionManager [] - Closing JPA EntityManager after transaction
2026-05-16 18:43:41.350 [main] DEBUG o.s.orm.jpa.JpaTransactionManager [] - Creating new transaction with name [org.springframework.data.jpa.repository.support.SimpleJpaRepository.save]: PROPAGATION_REQUIRED,ISOLATION_DEFAULT
2026-05-16 18:43:41.350 [main] DEBUG o.s.orm.jpa.JpaTransactionManager [] - Opened new EntityManager [SessionImpl(1897305098<open>)] for JPA transaction
2026-05-16 18:43:41.350 [main] DEBUG o.s.orm.jpa.JpaTransactionManager [] - Exposing JPA transaction as JDBC [org.springframework.orm.jpa.vendor.HibernateJpaDialect$HibernateConnectionHandle@63ff878f]
2026-05-16 18:43:41.350 [main] TRACE o.s.t.i.TransactionInterceptor [] - Getting transaction for [org.springframework.data.jpa.repository.support.SimpleJpaRepository.save]
Hibernate: insert into projects (created_at,name,tenant_id) values (?,?,?)
2026-05-16 18:43:41.353 [main] TRACE o.s.t.i.TransactionInterceptor [] - Completing transaction for [org.springframework.data.jpa.repository.support.SimpleJpaRepository.save]
2026-05-16 18:43:41.353 [main] DEBUG o.s.orm.jpa.JpaTransactionManager [] - Initiating transaction commit
2026-05-16 18:43:41.353 [main] DEBUG o.s.orm.jpa.JpaTransactionManager [] - Committing JPA transaction on EntityManager [SessionImpl(1897305098<open>)]
2026-05-16 18:43:41.357 [main] DEBUG o.s.orm.jpa.JpaTransactionManager [] - Closing JPA EntityManager after transaction
2026-05-16 18:43:41.358 [main] DEBUG o.s.orm.jpa.JpaTransactionManager [] - Creating new transaction with name [org.springframework.data.jpa.repository.support.SimpleJpaRepository.save]: PROPAGATION_REQUIRED,ISOLATION_DEFAULT
2026-05-16 18:43:41.358 [main] DEBUG o.s.orm.jpa.JpaTransactionManager [] - Opened new EntityManager [SessionImpl(566205790<open>)] for JPA transaction
2026-05-16 18:43:41.358 [main] DEBUG o.s.orm.jpa.JpaTransactionManager [] - Exposing JPA transaction as JDBC [org.springframework.orm.jpa.vendor.HibernateJpaDialect$HibernateConnectionHandle@5321c455]
2026-05-16 18:43:41.358 [main] TRACE o.s.t.i.TransactionInterceptor [] - Getting transaction for [org.springframework.data.jpa.repository.support.SimpleJpaRepository.save]
Hibernate: insert into tasks (created_at,project_id,status,tenant_id,title,version) values (?,?,?,?,?,?)
2026-05-16 18:43:41.363 [main] TRACE o.s.t.i.TransactionInterceptor [] - Completing transaction for [org.springframework.data.jpa.repository.support.SimpleJpaRepository.save]
2026-05-16 18:43:41.363 [main] DEBUG o.s.orm.jpa.JpaTransactionManager [] - Initiating transaction commit
2026-05-16 18:43:41.363 [main] DEBUG o.s.orm.jpa.JpaTransactionManager [] - Committing JPA transaction on EntityManager [SessionImpl(566205790<open>)]
2026-05-16 18:43:41.369 [main] DEBUG o.s.orm.jpa.JpaTransactionManager [] - Closing JPA EntityManager after transaction
2026-05-16 18:43:41.374 [pool-3-thread-4] DEBUG o.s.orm.jpa.JpaTransactionManager [] - Creating new transaction with name [org.springframework.data.jpa.repository.support.SimpleJpaRepository.findById]: PROPAGATION_REQUIRED,ISOLATION_DEFAULT,readOnly
2026-05-16 18:43:41.374 [pool-3-thread-2] DEBUG o.s.orm.jpa.JpaTransactionManager [] - Creating new transaction with name [org.springframework.data.jpa.repository.support.SimpleJpaRepository.findById]: PROPAGATION_REQUIRED,ISOLATION_DEFAULT,readOnly
2026-05-16 18:43:41.374 [pool-3-thread-1] DEBUG o.s.orm.jpa.JpaTransactionManager [] - Creating new transaction with name [org.springframework.data.jpa.repository.support.SimpleJpaRepository.findById]: PROPAGATION_REQUIRED,ISOLATION_DEFAULT,readOnly
2026-05-16 18:43:41.374 [pool-3-thread-8] DEBUG o.s.orm.jpa.JpaTransactionManager [] - Creating new transaction with name [org.springframework.data.jpa.repository.support.SimpleJpaRepository.findById]: PROPAGATION_REQUIRED,ISOLATION_DEFAULT,readOnly
2026-05-16 18:43:41.374 [pool-3-thread-3] DEBUG o.s.orm.jpa.JpaTransactionManager [] - Creating new transaction with name [org.springframework.data.jpa.repository.support.SimpleJpaRepository.findById]: PROPAGATION_REQUIRED,ISOLATION_DEFAULT,readOnly
2026-05-16 18:43:41.374 [pool-3-thread-5] DEBUG o.s.orm.jpa.JpaTransactionManager [] - Creating new transaction with name [org.springframework.data.jpa.repository.support.SimpleJpaRepository.findById]: PROPAGATION_REQUIRED,ISOLATION_DEFAULT,readOnly
2026-05-16 18:43:41.374 [pool-3-thread-6] DEBUG o.s.orm.jpa.JpaTransactionManager [] - Creating new transaction with name [org.springframework.data.jpa.repository.support.SimpleJpaRepository.findById]: PROPAGATION_REQUIRED,ISOLATION_DEFAULT,readOnly
2026-05-16 18:43:41.374 [pool-3-thread-7] DEBUG o.s.orm.jpa.JpaTransactionManager [] - Creating new transaction with name [org.springframework.data.jpa.repository.support.SimpleJpaRepository.findById]: PROPAGATION_REQUIRED,ISOLATION_DEFAULT,readOnly
2026-05-16 18:43:41.374 [pool-3-thread-8] DEBUG o.s.orm.jpa.JpaTransactionManager [] - Opened new EntityManager [SessionImpl(282779557<open>)] for JPA transaction
2026-05-16 18:43:41.374 [pool-3-thread-4] DEBUG o.s.orm.jpa.JpaTransactionManager [] - Opened new EntityManager [SessionImpl(1974179635<open>)] for JPA transaction
2026-05-16 18:43:41.374 [pool-3-thread-5] DEBUG o.s.orm.jpa.JpaTransactionManager [] - Opened new EntityManager [SessionImpl(972872197<open>)] for JPA transaction
2026-05-16 18:43:41.374 [pool-3-thread-1] DEBUG o.s.orm.jpa.JpaTransactionManager [] - Opened new EntityManager [SessionImpl(1032521515<open>)] for JPA transaction
2026-05-16 18:43:41.374 [pool-3-thread-3] DEBUG o.s.orm.jpa.JpaTransactionManager [] - Opened new EntityManager [SessionImpl(393081037<open>)] for JPA transaction
2026-05-16 18:43:41.374 [pool-3-thread-2] DEBUG o.s.orm.jpa.JpaTransactionManager [] - Opened new EntityManager [SessionImpl(2088312162<open>)] for JPA transaction
2026-05-16 18:43:41.374 [pool-3-thread-7] DEBUG o.s.orm.jpa.JpaTransactionManager [] - Opened new EntityManager [SessionImpl(924701840<open>)] for JPA transaction
2026-05-16 18:43:41.374 [pool-3-thread-6] DEBUG o.s.orm.jpa.JpaTransactionManager [] - Opened new EntityManager [SessionImpl(261510116<open>)] for JPA transaction
2026-05-16 18:43:41.374 [pool-3-thread-1] DEBUG o.s.orm.jpa.JpaTransactionManager [] - Exposing JPA transaction as JDBC [org.springframework.orm.jpa.vendor.HibernateJpaDialect$HibernateConnectionHandle@334cfeea]
2026-05-16 18:43:41.374 [pool-3-thread-4] DEBUG o.s.orm.jpa.JpaTransactionManager [] - Exposing JPA transaction as JDBC [org.springframework.orm.jpa.vendor.HibernateJpaDialect$HibernateConnectionHandle@7b6c67f6]
2026-05-16 18:43:41.374 [pool-3-thread-6] DEBUG o.s.orm.jpa.JpaTransactionManager [] - Exposing JPA transaction as JDBC [org.springframework.orm.jpa.vendor.HibernateJpaDialect$HibernateConnectionHandle@151bc66]
2026-05-16 18:43:41.374 [pool-3-thread-8] DEBUG o.s.orm.jpa.JpaTransactionManager [] - Exposing JPA transaction as JDBC [org.springframework.orm.jpa.vendor.HibernateJpaDialect$HibernateConnectionHandle@1e1d33ce]
2026-05-16 18:43:41.374 [pool-3-thread-3] DEBUG o.s.orm.jpa.JpaTransactionManager [] - Exposing JPA transaction as JDBC [org.springframework.orm.jpa.vendor.HibernateJpaDialect$HibernateConnectionHandle@19aa1c50]
2026-05-16 18:43:41.374 [pool-3-thread-8] TRACE o.s.t.i.TransactionInterceptor [] - Getting transaction for [org.springframework.data.jpa.repository.support.SimpleJpaRepository.findById]
2026-05-16 18:43:41.374 [pool-3-thread-7] DEBUG o.s.orm.jpa.JpaTransactionManager [] - Exposing JPA transaction as JDBC [org.springframework.orm.jpa.vendor.HibernateJpaDialect$HibernateConnectionHandle@39da2c03]
2026-05-16 18:43:41.374 [pool-3-thread-3] TRACE o.s.t.i.TransactionInterceptor [] - Getting transaction for [org.springframework.data.jpa.repository.support.SimpleJpaRepository.findById]
2026-05-16 18:43:41.374 [pool-3-thread-2] DEBUG o.s.orm.jpa.JpaTransactionManager [] - Exposing JPA transaction as JDBC [org.springframework.orm.jpa.vendor.HibernateJpaDialect$HibernateConnectionHandle@72befc9d]
2026-05-16 18:43:41.374 [pool-3-thread-1] TRACE o.s.t.i.TransactionInterceptor [] - Getting transaction for [org.springframework.data.jpa.repository.support.SimpleJpaRepository.findById]
2026-05-16 18:43:41.374 [pool-3-thread-4] TRACE o.s.t.i.TransactionInterceptor [] - Getting transaction for [org.springframework.data.jpa.repository.support.SimpleJpaRepository.findById]
2026-05-16 18:43:41.375 [pool-3-thread-2] TRACE o.s.t.i.TransactionInterceptor [] - Getting transaction for [org.springframework.data.jpa.repository.support.SimpleJpaRepository.findById]
2026-05-16 18:43:41.374 [pool-3-thread-6] TRACE o.s.t.i.TransactionInterceptor [] - Getting transaction for [org.springframework.data.jpa.repository.support.SimpleJpaRepository.findById]
2026-05-16 18:43:41.374 [pool-3-thread-7] TRACE o.s.t.i.TransactionInterceptor [] - Getting transaction for [org.springframework.data.jpa.repository.support.SimpleJpaRepository.findById]
Hibernate: select t1_0.id,t1_0.created_at,t1_0.project_id,t1_0.status,t1_0.tenant_id,t1_0.title,t1_0.version from tasks t1_0 where t1_0.id=?
Hibernate: select t1_0.id,t1_0.created_at,t1_0.project_id,t1_0.status,t1_0.tenant_id,t1_0.title,t1_0.version from tasks t1_0 where t1_0.id=?
Hibernate: select t1_0.id,t1_0.created_at,t1_0.project_id,t1_0.status,t1_0.tenant_id,t1_0.title,t1_0.version from tasks t1_0 where t1_0.id=?
Hibernate: select t1_0.id,t1_0.created_at,t1_0.project_id,t1_0.status,t1_0.tenant_id,t1_0.title,t1_0.version from tasks t1_0 where t1_0.id=?
Hibernate: select t1_0.id,t1_0.created_at,t1_0.project_id,t1_0.status,t1_0.tenant_id,t1_0.title,t1_0.version from tasks t1_0 where t1_0.id=?
Hibernate: select t1_0.id,t1_0.created_at,t1_0.project_id,t1_0.status,t1_0.tenant_id,t1_0.title,t1_0.version from tasks t1_0 where t1_0.id=?
Hibernate: select t1_0.id,t1_0.created_at,t1_0.project_id,t1_0.status,t1_0.tenant_id,t1_0.title,t1_0.version from tasks t1_0 where t1_0.id=?
2026-05-16 18:43:41.377 [pool-3-thread-5] DEBUG o.s.orm.jpa.JpaTransactionManager [] - Exposing JPA transaction as JDBC [org.springframework.orm.jpa.vendor.HibernateJpaDialect$HibernateConnectionHandle@373b234a]
2026-05-16 18:43:41.377 [pool-3-thread-5] TRACE o.s.t.i.TransactionInterceptor [] - Getting transaction for [org.springframework.data.jpa.repository.support.SimpleJpaRepository.findById]
Hibernate: select t1_0.id,t1_0.created_at,t1_0.project_id,t1_0.status,t1_0.tenant_id,t1_0.title,t1_0.version from tasks t1_0 where t1_0.id=?
2026-05-16 18:43:41.387 [pool-3-thread-5] TRACE o.s.t.i.TransactionInterceptor [] - Completing transaction for [org.springframework.data.jpa.repository.support.SimpleJpaRepository.findById]
2026-05-16 18:43:41.387 [pool-3-thread-3] TRACE o.s.t.i.TransactionInterceptor [] - Completing transaction for [org.springframework.data.jpa.repository.support.SimpleJpaRepository.findById]
2026-05-16 18:43:41.388 [pool-3-thread-5] DEBUG o.s.orm.jpa.JpaTransactionManager [] - Initiating transaction commit
2026-05-16 18:43:41.388 [pool-3-thread-3] DEBUG o.s.orm.jpa.JpaTransactionManager [] - Initiating transaction commit
2026-05-16 18:43:41.387 [pool-3-thread-1] TRACE o.s.t.i.TransactionInterceptor [] - Completing transaction for [org.springframework.data.jpa.repository.support.SimpleJpaRepository.findById]
2026-05-16 18:43:41.387 [pool-3-thread-6] TRACE o.s.t.i.TransactionInterceptor [] - Completing transaction for [org.springframework.data.jpa.repository.support.SimpleJpaRepository.findById]
2026-05-16 18:43:41.388 [pool-3-thread-5] DEBUG o.s.orm.jpa.JpaTransactionManager [] - Committing JPA transaction on EntityManager [SessionImpl(972872197<open>)]
2026-05-16 18:43:41.387 [pool-3-thread-4] TRACE o.s.t.i.TransactionInterceptor [] - Completing transaction for [org.springframework.data.jpa.repository.support.SimpleJpaRepository.findById]
2026-05-16 18:43:41.387 [pool-3-thread-7] TRACE o.s.t.i.TransactionInterceptor [] - Completing transaction for [org.springframework.data.jpa.repository.support.SimpleJpaRepository.findById]
2026-05-16 18:43:41.388 [pool-3-thread-4] DEBUG o.s.orm.jpa.JpaTransactionManager [] - Initiating transaction commit
2026-05-16 18:43:41.388 [pool-3-thread-7] DEBUG o.s.orm.jpa.JpaTransactionManager [] - Initiating transaction commit
2026-05-16 18:43:41.388 [pool-3-thread-4] DEBUG o.s.orm.jpa.JpaTransactionManager [] - Committing JPA transaction on EntityManager [SessionImpl(1974179635<open>)]
2026-05-16 18:43:41.388 [pool-3-thread-7] DEBUG o.s.orm.jpa.JpaTransactionManager [] - Committing JPA transaction on EntityManager [SessionImpl(924701840<open>)]
2026-05-16 18:43:41.387 [pool-3-thread-8] TRACE o.s.t.i.TransactionInterceptor [] - Completing transaction for [org.springframework.data.jpa.repository.support.SimpleJpaRepository.findById]
2026-05-16 18:43:41.388 [pool-3-thread-2] TRACE o.s.t.i.TransactionInterceptor [] - Completing transaction for [org.springframework.data.jpa.repository.support.SimpleJpaRepository.findById]
2026-05-16 18:43:41.388 [pool-3-thread-1] DEBUG o.s.orm.jpa.JpaTransactionManager [] - Initiating transaction commit
2026-05-16 18:43:41.388 [pool-3-thread-2] DEBUG o.s.orm.jpa.JpaTransactionManager [] - Initiating transaction commit
2026-05-16 18:43:41.388 [pool-3-thread-3] DEBUG o.s.orm.jpa.JpaTransactionManager [] - Committing JPA transaction on EntityManager [SessionImpl(393081037<open>)]
2026-05-16 18:43:41.388 [pool-3-thread-1] DEBUG o.s.orm.jpa.JpaTransactionManager [] - Committing JPA transaction on EntityManager [SessionImpl(1032521515<open>)]
2026-05-16 18:43:41.388 [pool-3-thread-6] DEBUG o.s.orm.jpa.JpaTransactionManager [] - Initiating transaction commit
2026-05-16 18:43:41.388 [pool-3-thread-8] DEBUG o.s.orm.jpa.JpaTransactionManager [] - Initiating transaction commit
2026-05-16 18:43:41.388 [pool-3-thread-6] DEBUG o.s.orm.jpa.JpaTransactionManager [] - Committing JPA transaction on EntityManager [SessionImpl(261510116<open>)]
2026-05-16 18:43:41.389 [pool-3-thread-8] DEBUG o.s.orm.jpa.JpaTransactionManager [] - Committing JPA transaction on EntityManager [SessionImpl(282779557<open>)]
2026-05-16 18:43:41.388 [pool-3-thread-2] DEBUG o.s.orm.jpa.JpaTransactionManager [] - Committing JPA transaction on EntityManager [SessionImpl(2088312162<open>)]
2026-05-16 18:43:41.393 [pool-3-thread-5] DEBUG o.s.orm.jpa.JpaTransactionManager [] - Closing JPA EntityManager after transaction
2026-05-16 18:43:41.393 [pool-3-thread-6] DEBUG o.s.orm.jpa.JpaTransactionManager [] - Closing JPA EntityManager after transaction
2026-05-16 18:43:41.393 [pool-3-thread-1] DEBUG o.s.orm.jpa.JpaTransactionManager [] - Closing JPA EntityManager after transaction
2026-05-16 18:43:41.393 [pool-3-thread-2] DEBUG o.s.orm.jpa.JpaTransactionManager [] - Closing JPA EntityManager after transaction
2026-05-16 18:43:41.393 [pool-3-thread-7] DEBUG o.s.orm.jpa.JpaTransactionManager [] - Closing JPA EntityManager after transaction
2026-05-16 18:43:41.393 [pool-3-thread-8] DEBUG o.s.orm.jpa.JpaTransactionManager [] - Closing JPA EntityManager after transaction
2026-05-16 18:43:41.393 [pool-3-thread-3] DEBUG o.s.orm.jpa.JpaTransactionManager [] - Closing JPA EntityManager after transaction
2026-05-16 18:43:41.393 [pool-3-thread-4] DEBUG o.s.orm.jpa.JpaTransactionManager [] - Closing JPA EntityManager after transaction
2026-05-16 18:43:41.394 [pool-3-thread-7] DEBUG o.s.orm.jpa.JpaTransactionManager [] - Creating new transaction with name [org.springframework.data.jpa.repository.support.SimpleJpaRepository.saveAndFlush]: PROPAGATION_REQUIRED,ISOLATION_DEFAULT
2026-05-16 18:43:41.394 [pool-3-thread-5] DEBUG o.s.orm.jpa.JpaTransactionManager [] - Creating new transaction with name [org.springframework.data.jpa.repository.support.SimpleJpaRepository.saveAndFlush]: PROPAGATION_REQUIRED,ISOLATION_DEFAULT
2026-05-16 18:43:41.394 [pool-3-thread-2] DEBUG o.s.orm.jpa.JpaTransactionManager [] - Creating new transaction with name [org.springframework.data.jpa.repository.support.SimpleJpaRepository.saveAndFlush]: PROPAGATION_REQUIRED,ISOLATION_DEFAULT
2026-05-16 18:43:41.394 [pool-3-thread-3] DEBUG o.s.orm.jpa.JpaTransactionManager [] - Creating new transaction with name [org.springframework.data.jpa.repository.support.SimpleJpaRepository.saveAndFlush]: PROPAGATION_REQUIRED,ISOLATION_DEFAULT
2026-05-16 18:43:41.394 [pool-3-thread-2] DEBUG o.s.orm.jpa.JpaTransactionManager [] - Opened new EntityManager [SessionImpl(1362243831<open>)] for JPA transaction
2026-05-16 18:43:41.394 [pool-3-thread-5] DEBUG o.s.orm.jpa.JpaTransactionManager [] - Opened new EntityManager [SessionImpl(371840574<open>)] for JPA transaction
2026-05-16 18:43:41.395 [pool-3-thread-3] DEBUG o.s.orm.jpa.JpaTransactionManager [] - Opened new EntityManager [SessionImpl(2147016374<open>)] for JPA transaction
2026-05-16 18:43:41.394 [pool-3-thread-6] DEBUG o.s.orm.jpa.JpaTransactionManager [] - Creating new transaction with name [org.springframework.data.jpa.repository.support.SimpleJpaRepository.saveAndFlush]: PROPAGATION_REQUIRED,ISOLATION_DEFAULT
2026-05-16 18:43:41.394 [pool-3-thread-4] DEBUG o.s.orm.jpa.JpaTransactionManager [] - Creating new transaction with name [org.springframework.data.jpa.repository.support.SimpleJpaRepository.saveAndFlush]: PROPAGATION_REQUIRED,ISOLATION_DEFAULT
2026-05-16 18:43:41.394 [pool-3-thread-8] DEBUG o.s.orm.jpa.JpaTransactionManager [] - Creating new transaction with name [org.springframework.data.jpa.repository.support.SimpleJpaRepository.saveAndFlush]: PROPAGATION_REQUIRED,ISOLATION_DEFAULT
2026-05-16 18:43:41.395 [pool-3-thread-5] DEBUG o.s.orm.jpa.JpaTransactionManager [] - Exposing JPA transaction as JDBC [org.springframework.orm.jpa.vendor.HibernateJpaDialect$HibernateConnectionHandle@1010b264]
2026-05-16 18:43:41.394 [pool-3-thread-1] DEBUG o.s.orm.jpa.JpaTransactionManager [] - Creating new transaction with name [org.springframework.data.jpa.repository.support.SimpleJpaRepository.saveAndFlush]: PROPAGATION_REQUIRED,ISOLATION_DEFAULT
2026-05-16 18:43:41.394 [pool-3-thread-7] DEBUG o.s.orm.jpa.JpaTransactionManager [] - Opened new EntityManager [SessionImpl(1689709093<open>)] for JPA transaction
2026-05-16 18:43:41.395 [pool-3-thread-5] TRACE o.s.t.i.TransactionInterceptor [] - Getting transaction for [org.springframework.data.jpa.repository.support.SimpleJpaRepository.saveAndFlush]
2026-05-16 18:43:41.395 [pool-3-thread-6] DEBUG o.s.orm.jpa.JpaTransactionManager [] - Opened new EntityManager [SessionImpl(1569379090<open>)] for JPA transaction
2026-05-16 18:43:41.395 [pool-3-thread-2] DEBUG o.s.orm.jpa.JpaTransactionManager [] - Exposing JPA transaction as JDBC [org.springframework.orm.jpa.vendor.HibernateJpaDialect$HibernateConnectionHandle@2c7d1110]
2026-05-16 18:43:41.395 [pool-3-thread-4] DEBUG o.s.orm.jpa.JpaTransactionManager [] - Opened new EntityManager [SessionImpl(451506633<open>)] for JPA transaction
2026-05-16 18:43:41.395 [pool-3-thread-2] TRACE o.s.t.i.TransactionInterceptor [] - Getting transaction for [org.springframework.data.jpa.repository.support.SimpleJpaRepository.saveAndFlush]
2026-05-16 18:43:41.395 [pool-3-thread-3] DEBUG o.s.orm.jpa.JpaTransactionManager [] - Exposing JPA transaction as JDBC [org.springframework.orm.jpa.vendor.HibernateJpaDialect$HibernateConnectionHandle@437805bf]
2026-05-16 18:43:41.395 [pool-3-thread-6] DEBUG o.s.orm.jpa.JpaTransactionManager [] - Exposing JPA transaction as JDBC [org.springframework.orm.jpa.vendor.HibernateJpaDialect$HibernateConnectionHandle@1ebc54ec]
2026-05-16 18:43:41.395 [pool-3-thread-8] DEBUG o.s.orm.jpa.JpaTransactionManager [] - Opened new EntityManager [SessionImpl(1048727263<open>)] for JPA transaction
2026-05-16 18:43:41.395 [pool-3-thread-4] DEBUG o.s.orm.jpa.JpaTransactionManager [] - Exposing JPA transaction as JDBC [org.springframework.orm.jpa.vendor.HibernateJpaDialect$HibernateConnectionHandle@1ec3052a]
2026-05-16 18:43:41.395 [pool-3-thread-6] TRACE o.s.t.i.TransactionInterceptor [] - Getting transaction for [org.springframework.data.jpa.repository.support.SimpleJpaRepository.saveAndFlush]
2026-05-16 18:43:41.395 [pool-3-thread-1] DEBUG o.s.orm.jpa.JpaTransactionManager [] - Opened new EntityManager [SessionImpl(1050724942<open>)] for JPA transaction
2026-05-16 18:43:41.395 [pool-3-thread-8] DEBUG o.s.orm.jpa.JpaTransactionManager [] - Exposing JPA transaction as JDBC [org.springframework.orm.jpa.vendor.HibernateJpaDialect$HibernateConnectionHandle@d18cd36]
2026-05-16 18:43:41.395 [pool-3-thread-8] TRACE o.s.t.i.TransactionInterceptor [] - Getting transaction for [org.springframework.data.jpa.repository.support.SimpleJpaRepository.saveAndFlush]
2026-05-16 18:43:41.395 [pool-3-thread-1] DEBUG o.s.orm.jpa.JpaTransactionManager [] - Exposing JPA transaction as JDBC [org.springframework.orm.jpa.vendor.HibernateJpaDialect$HibernateConnectionHandle@74f08292]
2026-05-16 18:43:41.395 [pool-3-thread-7] DEBUG o.s.orm.jpa.JpaTransactionManager [] - Exposing JPA transaction as JDBC [org.springframework.orm.jpa.vendor.HibernateJpaDialect$HibernateConnectionHandle@42dbdf43]
2026-05-16 18:43:41.395 [pool-3-thread-3] TRACE o.s.t.i.TransactionInterceptor [] - Getting transaction for [org.springframework.data.jpa.repository.support.SimpleJpaRepository.saveAndFlush]
2026-05-16 18:43:41.395 [pool-3-thread-7] TRACE o.s.t.i.TransactionInterceptor [] - Getting transaction for [org.springframework.data.jpa.repository.support.SimpleJpaRepository.saveAndFlush]
2026-05-16 18:43:41.395 [pool-3-thread-4] TRACE o.s.t.i.TransactionInterceptor [] - Getting transaction for [org.springframework.data.jpa.repository.support.SimpleJpaRepository.saveAndFlush]
2026-05-16 18:43:41.395 [pool-3-thread-1] TRACE o.s.t.i.TransactionInterceptor [] - Getting transaction for [org.springframework.data.jpa.repository.support.SimpleJpaRepository.saveAndFlush]
Hibernate: select t1_0.id,t1_0.created_at,t1_0.project_id,t1_0.status,t1_0.tenant_id,t1_0.title,t1_0.version from tasks t1_0 where t1_0.id=?
Hibernate: select t1_0.id,t1_0.created_at,t1_0.project_id,t1_0.status,t1_0.tenant_id,t1_0.title,t1_0.version from tasks t1_0 where t1_0.id=?
Hibernate: select t1_0.id,t1_0.created_at,t1_0.project_id,t1_0.status,t1_0.tenant_id,t1_0.title,t1_0.version from tasks t1_0 where t1_0.id=?
Hibernate: select t1_0.id,t1_0.created_at,t1_0.project_id,t1_0.status,t1_0.tenant_id,t1_0.title,t1_0.version from tasks t1_0 where t1_0.id=?
Hibernate: select t1_0.id,t1_0.created_at,t1_0.project_id,t1_0.status,t1_0.tenant_id,t1_0.title,t1_0.version from tasks t1_0 where t1_0.id=?
Hibernate: select t1_0.id,t1_0.created_at,t1_0.project_id,t1_0.status,t1_0.tenant_id,t1_0.title,t1_0.version from tasks t1_0 where t1_0.id=?
Hibernate: select t1_0.id,t1_0.created_at,t1_0.project_id,t1_0.status,t1_0.tenant_id,t1_0.title,t1_0.version from tasks t1_0 where t1_0.id=?
Hibernate: select t1_0.id,t1_0.created_at,t1_0.project_id,t1_0.status,t1_0.tenant_id,t1_0.title,t1_0.version from tasks t1_0 where t1_0.id=?
Hibernate: update tasks set project_id=?,status=?,tenant_id=?,title=?,version=? where id=? and version=?
Hibernate: update tasks set project_id=?,status=?,tenant_id=?,title=?,version=? where id=? and version=?
Hibernate: update tasks set project_id=?,status=?,tenant_id=?,title=?,version=? where id=? and version=?
Hibernate: update tasks set project_id=?,status=?,tenant_id=?,title=?,version=? where id=? and version=?
Hibernate: update tasks set project_id=?,status=?,tenant_id=?,title=?,version=? where id=? and version=?
Hibernate: update tasks set project_id=?,status=?,tenant_id=?,title=?,version=? where id=? and version=?
Hibernate: update tasks set project_id=?,status=?,tenant_id=?,title=?,version=? where id=? and version=?
Hibernate: update tasks set project_id=?,status=?,tenant_id=?,title=?,version=? where id=? and version=?
2026-05-16 18:43:41.416 [pool-3-thread-8] TRACE o.s.t.i.TransactionInterceptor [] - Completing transaction for [org.springframework.data.jpa.repository.support.SimpleJpaRepository.saveAndFlush]
2026-05-16 18:43:41.416 [pool-3-thread-8] DEBUG o.s.orm.jpa.JpaTransactionManager [] - Initiating transaction commit
2026-05-16 18:43:41.416 [pool-3-thread-8] DEBUG o.s.orm.jpa.JpaTransactionManager [] - Committing JPA transaction on EntityManager [SessionImpl(1048727263<open>)]
2026-05-16 18:43:41.423 [pool-3-thread-8] DEBUG o.s.orm.jpa.JpaTransactionManager [] - Closing JPA EntityManager after transaction
2026-05-16 18:43:41.429 [pool-3-thread-3] TRACE o.s.t.i.TransactionInterceptor [] - Completing transaction for [org.springframework.data.jpa.repository.support.SimpleJpaRepository.saveAndFlush] after exception: jakarta.persistence.OptimisticLockException: Unexpected row count (expected row count 1 but was 0) [update tasks set project_id=?,status=?,tenant_id=?,title=?,version=? where id=? and version=?] for entity [com.example.WorkHub.models.Task with id '25']
2026-05-16 18:43:41.430 [pool-3-thread-3] TRACE o.s.t.i.TransactionInterceptor [] - MethodRollbackEvent: org.springframework.data.jpa.repository.JpaRepository.saveAndFlush [jakarta.persistence.OptimisticLockException: Unexpected row count (expected row count 1 but was 0) [update tasks set project_id=?,status=?,tenant_id=?,title=?,version=? where id=? and version=?] for entity [com.example.WorkHub.models.Task with id '25']]
jakarta.persistence.OptimisticLockException: Unexpected row count (expected row count 1 but was 0) [update tasks set project_id=?,status=?,tenant_id=?,title=?,version=? where id=? and version=?] for entity [com.example.WorkHub.models.Task with id '25']
	at org.hibernate.internal.ExceptionConverterImpl.wrapStaleStateException(ExceptionConverterImpl.java:215)
	at org.hibernate.internal.ExceptionConverterImpl.convert(ExceptionConverterImpl.java:83)
	at org.hibernate.internal.ExceptionConverterImpl.convert(ExceptionConverterImpl.java:168)
	at org.hibernate.internal.ExceptionConverterImpl.convert(ExceptionConverterImpl.java:174)
	at org.hibernate.internal.SessionImpl.fireFlush(SessionImpl.java:1489)
	at org.hibernate.internal.SessionImpl.flush(SessionImpl.java:1472)
	at java.base/jdk.internal.reflect.DirectMethodHandleAccessor.invoke(DirectMethodHandleAccessor.java:103)
	at java.base/java.lang.reflect.Method.invoke(Method.java:580)
	at org.springframework.orm.jpa.SharedEntityManagerCreator$SharedEntityHandlerInvocationHandler.invokeMethod(SharedEntityManagerCreator.java:240)
	at org.springframework.orm.jpa.SharedEntityManagerCreator$SharedEntityManagerInvocationHandler.invoke(SharedEntityManagerCreator.java:386)
	at jdk.proxy2/jdk.proxy2.$Proxy220.flush(Unknown Source)
	at org.springframework.data.jpa.repository.support.SimpleJpaRepository.flush(SimpleJpaRepository.java:709)
	at org.springframework.data.jpa.repository.support.SimpleJpaRepository.saveAndFlush(SimpleJpaRepository.java:676)
	at java.base/jdk.internal.reflect.DirectMethodHandleAccessor.invoke(DirectMethodHandleAccessor.java:103)
	at java.base/java.lang.reflect.Method.invoke(Method.java:580)
	at org.springframework.aop.support.AopUtils.invokeJoinpointUsingReflection(AopUtils.java:359)
	at org.springframework.data.repository.core.support.RepositoryMethodInvoker$RepositoryFragmentMethodInvoker.lambda$new$0(RepositoryMethodInvoker.java:278)
	at org.springframework.data.repository.core.support.RepositoryMethodInvoker.doInvoke(RepositoryMethodInvoker.java:169)
	at org.springframework.data.repository.core.support.RepositoryMethodInvoker.invoke(RepositoryMethodInvoker.java:158)
	at org.springframework.data.repository.core.support.RepositoryComposition$RepositoryFragments.invoke(RepositoryComposition.java:545)
	at org.springframework.data.repository.core.support.RepositoryComposition.invoke(RepositoryComposition.java:290)
	at org.springframework.data.repository.core.support.RepositoryFactorySupport$ImplementationMethodExecutionInterceptor.invoke(RepositoryFactorySupport.java:690)
	at org.springframework.aop.framework.ReflectiveMethodInvocation.proceed(ReflectiveMethodInvocation.java:179)
	at org.springframework.data.repository.core.support.QueryExecutorMethodInterceptor.doInvoke(QueryExecutorMethodInterceptor.java:171)
	at org.springframework.data.repository.core.support.QueryExecutorMethodInterceptor.invoke(QueryExecutorMethodInterceptor.java:146)
	at org.springframework.aop.framework.ReflectiveMethodInvocation.proceed(ReflectiveMethodInvocation.java:179)
	at org.springframework.data.projection.DefaultMethodInvokingMethodInterceptor.invoke(DefaultMethodInvokingMethodInterceptor.java:69)
	at org.springframework.aop.framework.ReflectiveMethodInvocation.proceed(ReflectiveMethodInvocation.java:179)
	at org.springframework.transaction.interceptor.TransactionInterceptor$1.proceedWithInvocation(TransactionInterceptor.java:133)
	at org.springframework.transaction.interceptor.TransactionAspectSupport.invokeWithinTransaction(TransactionAspectSupport.java:371)
	at org.springframework.transaction.interceptor.TransactionInterceptor.invoke(TransactionInterceptor.java:130)
	at org.springframework.aop.framework.ReflectiveMethodInvocation.proceed(ReflectiveMethodInvocation.java:179)
	at org.springframework.dao.support.PersistenceExceptionTranslationInterceptor.invoke(PersistenceExceptionTranslationInterceptor.java:135)
	at org.springframework.aop.framework.ReflectiveMethodInvocation.proceed(ReflectiveMethodInvocation.java:179)
	at org.springframework.data.jpa.repository.support.CrudMethodMetadataPostProcessor$CrudMethodMetadataPopulatingMethodInterceptor.invoke(CrudMethodMetadataPostProcessor.java:166)
	at org.springframework.aop.framework.ReflectiveMethodInvocation.proceed(ReflectiveMethodInvocation.java:179)
	at org.springframework.aop.framework.JdkDynamicAopProxy.invoke(JdkDynamicAopProxy.java:222)
	at jdk.proxy2/jdk.proxy2.$Proxy232.saveAndFlush(Unknown Source)
	at com.example.WorkHub.services.ConcurrencySafetyIntegrationTest.lambda$concurrentUpdates_optimisticLockingPreventsLostUpdates$1(Concurrencysafetyintegrationtest.java:84)
	at java.base/java.util.concurrent.Executors$RunnableAdapter.call(Executors.java:572)
	at java.base/java.util.concurrent.FutureTask.run(FutureTask.java:317)
	at java.base/java.util.concurrent.ThreadPoolExecutor.runWorker(ThreadPoolExecutor.java:1144)
	at java.base/java.util.concurrent.ThreadPoolExecutor$Worker.run(ThreadPoolExecutor.java:642)
	at java.base/java.lang.Thread.run(Thread.java:1583)
Caused by: org.hibernate.StaleObjectStateException: Unexpected row count (expected row count 1 but was 0) [update tasks set project_id=?,status=?,tenant_id=?,title=?,version=? where id=? and version=?] for entity [com.example.WorkHub.models.Task with id '25']
	at org.hibernate.engine.jdbc.mutation.internal.ModelMutationHelper.identifiedResultsCheck(ModelMutationHelper.java:73)
	at org.hibernate.persister.entity.mutation.UpdateCoordinatorStandard.resultCheck(UpdateCoordinatorStandard.java:1025)
	at org.hibernate.persister.entity.mutation.UpdateCoordinatorStandard.lambda$doStaticUpdate$1(UpdateCoordinatorStandard.java:781)
	at org.hibernate.engine.jdbc.mutation.internal.ModelMutationHelper.checkResults(ModelMutationHelper.java:48)
	at org.hibernate.engine.jdbc.mutation.internal.AbstractMutationExecutor.performNonBatchedMutation(AbstractMutationExecutor.java:152)
	at org.hibernate.engine.jdbc.mutation.internal.MutationExecutorSingleNonBatched.performNonBatchedOperations(MutationExecutorSingleNonBatched.java:53)
	at org.hibernate.engine.jdbc.mutation.internal.AbstractMutationExecutor.execute(AbstractMutationExecutor.java:66)
	at org.hibernate.persister.entity.mutation.UpdateCoordinatorStandard.doStaticUpdate(UpdateCoordinatorStandard.java:776)
	at org.hibernate.persister.entity.mutation.UpdateCoordinatorStandard.performUpdate(UpdateCoordinatorStandard.java:313)
	at org.hibernate.persister.entity.mutation.UpdateCoordinatorStandard.update(UpdateCoordinatorStandard.java:231)
	at org.hibernate.action.internal.EntityUpdateAction.execute(EntityUpdateAction.java:161)
	at org.hibernate.engine.spi.ActionQueue.executeActions(ActionQueue.java:634)
	at org.hibernate.engine.spi.ActionQueue.executeActions(ActionQueue.java:505)
	at org.hibernate.event.internal.AbstractFlushingEventListener.performExecutions(AbstractFlushingEventListener.java:381)
	at org.hibernate.event.internal.DefaultFlushEventListener.onFlush(DefaultFlushEventListener.java:40)
	at org.hibernate.event.service.internal.EventListenerGroupImpl.fireEventOnEachListener(EventListenerGroupImpl.java:138)
	at org.hibernate.internal.SessionImpl.fireFlush(SessionImpl.java:1484)
	... 39 common frames omitted
Caused by: org.hibernate.StaleStateException: Unexpected row count (expected row count 1 but was 0) [update tasks set project_id=?,status=?,tenant_id=?,title=?,version=? where id=? and version=?]
	at org.hibernate.jdbc.Expectations.checkNonBatched(Expectations.java:93)
	at org.hibernate.jdbc.Expectation$RowCount.verifyOutcome(Expectation.java:170)
	at org.hibernate.engine.jdbc.mutation.internal.ModelMutationHelper.identifiedResultsCheck(ModelMutationHelper.java:60)
	... 55 common frames omitted
2026-05-16 18:43:41.431 [pool-3-thread-3] DEBUG o.s.orm.jpa.JpaTransactionManager [] - Initiating transaction rollback
2026-05-16 18:43:41.431 [pool-3-thread-3] DEBUG o.s.orm.jpa.JpaTransactionManager [] - Rolling back JPA transaction on EntityManager [SessionImpl(2147016374<open>)]
2026-05-16 18:43:41.435 [pool-3-thread-3] DEBUG o.s.orm.jpa.JpaTransactionManager [] - Closing JPA EntityManager after transaction
2026-05-16 18:43:41.436 [pool-3-thread-5] TRACE o.s.t.i.TransactionInterceptor [] - Completing transaction for [org.springframework.data.jpa.repository.support.SimpleJpaRepository.saveAndFlush] after exception: jakarta.persistence.OptimisticLockException: Unexpected row count (expected row count 1 but was 0) [update tasks set project_id=?,status=?,tenant_id=?,title=?,version=? where id=? and version=?] for entity [com.example.WorkHub.models.Task with id '25']
2026-05-16 18:43:41.436 [pool-3-thread-5] TRACE o.s.t.i.TransactionInterceptor [] - MethodRollbackEvent: org.springframework.data.jpa.repository.JpaRepository.saveAndFlush [jakarta.persistence.OptimisticLockException: Unexpected row count (expected row count 1 but was 0) [update tasks set project_id=?,status=?,tenant_id=?,title=?,version=? where id=? and version=?] for entity [com.example.WorkHub.models.Task with id '25']]
jakarta.persistence.OptimisticLockException: Unexpected row count (expected row count 1 but was 0) [update tasks set project_id=?,status=?,tenant_id=?,title=?,version=? where id=? and version=?] for entity [com.example.WorkHub.models.Task with id '25']
	at org.hibernate.internal.ExceptionConverterImpl.wrapStaleStateException(ExceptionConverterImpl.java:215)
	at org.hibernate.internal.ExceptionConverterImpl.convert(ExceptionConverterImpl.java:83)
	at org.hibernate.internal.ExceptionConverterImpl.convert(ExceptionConverterImpl.java:168)
	at org.hibernate.internal.ExceptionConverterImpl.convert(ExceptionConverterImpl.java:174)
	at org.hibernate.internal.SessionImpl.fireFlush(SessionImpl.java:1489)
	at org.hibernate.internal.SessionImpl.flush(SessionImpl.java:1472)
	at java.base/jdk.internal.reflect.DirectMethodHandleAccessor.invoke(DirectMethodHandleAccessor.java:103)
	at java.base/java.lang.reflect.Method.invoke(Method.java:580)
	at org.springframework.orm.jpa.SharedEntityManagerCreator$SharedEntityHandlerInvocationHandler.invokeMethod(SharedEntityManagerCreator.java:240)
	at org.springframework.orm.jpa.SharedEntityManagerCreator$SharedEntityManagerInvocationHandler.invoke(SharedEntityManagerCreator.java:386)
	at jdk.proxy2/jdk.proxy2.$Proxy220.flush(Unknown Source)
	at org.springframework.data.jpa.repository.support.SimpleJpaRepository.flush(SimpleJpaRepository.java:709)
	at org.springframework.data.jpa.repository.support.SimpleJpaRepository.saveAndFlush(SimpleJpaRepository.java:676)
	at java.base/jdk.internal.reflect.DirectMethodHandleAccessor.invoke(DirectMethodHandleAccessor.java:103)
	at java.base/java.lang.reflect.Method.invoke(Method.java:580)
	at org.springframework.aop.support.AopUtils.invokeJoinpointUsingReflection(AopUtils.java:359)
	at org.springframework.data.repository.core.support.RepositoryMethodInvoker$RepositoryFragmentMethodInvoker.lambda$new$0(RepositoryMethodInvoker.java:278)
	at org.springframework.data.repository.core.support.RepositoryMethodInvoker.doInvoke(RepositoryMethodInvoker.java:169)
	at org.springframework.data.repository.core.support.RepositoryMethodInvoker.invoke(RepositoryMethodInvoker.java:158)
	at org.springframework.data.repository.core.support.RepositoryComposition$RepositoryFragments.invoke(RepositoryComposition.java:545)
	at org.springframework.data.repository.core.support.RepositoryComposition.invoke(RepositoryComposition.java:290)
	at org.springframework.data.repository.core.support.RepositoryFactorySupport$ImplementationMethodExecutionInterceptor.invoke(RepositoryFactorySupport.java:690)
	at org.springframework.aop.framework.ReflectiveMethodInvocation.proceed(ReflectiveMethodInvocation.java:179)
	at org.springframework.data.repository.core.support.QueryExecutorMethodInterceptor.doInvoke(QueryExecutorMethodInterceptor.java:171)
	at org.springframework.data.repository.core.support.QueryExecutorMethodInterceptor.invoke(QueryExecutorMethodInterceptor.java:146)
	at org.springframework.aop.framework.ReflectiveMethodInvocation.proceed(ReflectiveMethodInvocation.java:179)
	at org.springframework.data.projection.DefaultMethodInvokingMethodInterceptor.invoke(DefaultMethodInvokingMethodInterceptor.java:69)
	at org.springframework.aop.framework.ReflectiveMethodInvocation.proceed(ReflectiveMethodInvocation.java:179)
	at org.springframework.transaction.interceptor.TransactionInterceptor$1.proceedWithInvocation(TransactionInterceptor.java:133)
	at org.springframework.transaction.interceptor.TransactionAspectSupport.invokeWithinTransaction(TransactionAspectSupport.java:371)
	at org.springframework.transaction.interceptor.TransactionInterceptor.invoke(TransactionInterceptor.java:130)
	at org.springframework.aop.framework.ReflectiveMethodInvocation.proceed(ReflectiveMethodInvocation.java:179)
	at org.springframework.dao.support.PersistenceExceptionTranslationInterceptor.invoke(PersistenceExceptionTranslationInterceptor.java:135)
	at org.springframework.aop.framework.ReflectiveMethodInvocation.proceed(ReflectiveMethodInvocation.java:179)
	at org.springframework.data.jpa.repository.support.CrudMethodMetadataPostProcessor$CrudMethodMetadataPopulatingMethodInterceptor.invoke(CrudMethodMetadataPostProcessor.java:166)
	at org.springframework.aop.framework.ReflectiveMethodInvocation.proceed(ReflectiveMethodInvocation.java:179)
	at org.springframework.aop.framework.JdkDynamicAopProxy.invoke(JdkDynamicAopProxy.java:222)
	at jdk.proxy2/jdk.proxy2.$Proxy232.saveAndFlush(Unknown Source)
	at com.example.WorkHub.services.ConcurrencySafetyIntegrationTest.lambda$concurrentUpdates_optimisticLockingPreventsLostUpdates$1(Concurrencysafetyintegrationtest.java:84)
	at java.base/java.util.concurrent.Executors$RunnableAdapter.call(Executors.java:572)
	at java.base/java.util.concurrent.FutureTask.run(FutureTask.java:317)
	at java.base/java.util.concurrent.ThreadPoolExecutor.runWorker(ThreadPoolExecutor.java:1144)
	at java.base/java.util.concurrent.ThreadPoolExecutor$Worker.run(ThreadPoolExecutor.java:642)
	at java.base/java.lang.Thread.run(Thread.java:1583)
Caused by: org.hibernate.StaleObjectStateException: Unexpected row count (expected row count 1 but was 0) [update tasks set project_id=?,status=?,tenant_id=?,title=?,version=? where id=? and version=?] for entity [com.example.WorkHub.models.Task with id '25']
	at org.hibernate.engine.jdbc.mutation.internal.ModelMutationHelper.identifiedResultsCheck(ModelMutationHelper.java:73)
	at org.hibernate.persister.entity.mutation.UpdateCoordinatorStandard.resultCheck(UpdateCoordinatorStandard.java:1025)
	at org.hibernate.persister.entity.mutation.UpdateCoordinatorStandard.lambda$doStaticUpdate$1(UpdateCoordinatorStandard.java:781)
	at org.hibernate.engine.jdbc.mutation.internal.ModelMutationHelper.checkResults(ModelMutationHelper.java:48)
	at org.hibernate.engine.jdbc.mutation.internal.AbstractMutationExecutor.performNonBatchedMutation(AbstractMutationExecutor.java:152)
	at org.hibernate.engine.jdbc.mutation.internal.MutationExecutorSingleNonBatched.performNonBatchedOperations(MutationExecutorSingleNonBatched.java:53)
	at org.hibernate.engine.jdbc.mutation.internal.AbstractMutationExecutor.execute(AbstractMutationExecutor.java:66)
	at org.hibernate.persister.entity.mutation.UpdateCoordinatorStandard.doStaticUpdate(UpdateCoordinatorStandard.java:776)
	at org.hibernate.persister.entity.mutation.UpdateCoordinatorStandard.performUpdate(UpdateCoordinatorStandard.java:313)
	at org.hibernate.persister.entity.mutation.UpdateCoordinatorStandard.update(UpdateCoordinatorStandard.java:231)
	at org.hibernate.action.internal.EntityUpdateAction.execute(EntityUpdateAction.java:161)
	at org.hibernate.engine.spi.ActionQueue.executeActions(ActionQueue.java:634)
	at org.hibernate.engine.spi.ActionQueue.executeActions(ActionQueue.java:505)
	at org.hibernate.event.internal.AbstractFlushingEventListener.performExecutions(AbstractFlushingEventListener.java:381)
	at org.hibernate.event.internal.DefaultFlushEventListener.onFlush(DefaultFlushEventListener.java:40)
	at org.hibernate.event.service.internal.EventListenerGroupImpl.fireEventOnEachListener(EventListenerGroupImpl.java:138)
	at org.hibernate.internal.SessionImpl.fireFlush(SessionImpl.java:1484)
	... 39 common frames omitted
Caused by: org.hibernate.StaleStateException: Unexpected row count (expected row count 1 but was 0) [update tasks set project_id=?,status=?,tenant_id=?,title=?,version=? where id=? and version=?]
	at org.hibernate.jdbc.Expectations.checkNonBatched(Expectations.java:93)
	at org.hibernate.jdbc.Expectation$RowCount.verifyOutcome(Expectation.java:170)
	at org.hibernate.engine.jdbc.mutation.internal.ModelMutationHelper.identifiedResultsCheck(ModelMutationHelper.java:60)
	... 55 common frames omitted
2026-05-16 18:43:41.437 [pool-3-thread-5] DEBUG o.s.orm.jpa.JpaTransactionManager [] - Initiating transaction rollback
2026-05-16 18:43:41.437 [pool-3-thread-5] DEBUG o.s.orm.jpa.JpaTransactionManager [] - Rolling back JPA transaction on EntityManager [SessionImpl(371840574<open>)]
2026-05-16 18:43:41.438 [pool-3-thread-5] DEBUG o.s.orm.jpa.JpaTransactionManager [] - Closing JPA EntityManager after transaction
2026-05-16 18:43:41.440 [pool-3-thread-2] TRACE o.s.t.i.TransactionInterceptor [] - Completing transaction for [org.springframework.data.jpa.repository.support.SimpleJpaRepository.saveAndFlush] after exception: jakarta.persistence.OptimisticLockException: Unexpected row count (expected row count 1 but was 0) [update tasks set project_id=?,status=?,tenant_id=?,title=?,version=? where id=? and version=?] for entity [com.example.WorkHub.models.Task with id '25']
2026-05-16 18:43:41.440 [pool-3-thread-2] TRACE o.s.t.i.TransactionInterceptor [] - MethodRollbackEvent: org.springframework.data.jpa.repository.JpaRepository.saveAndFlush [jakarta.persistence.OptimisticLockException: Unexpected row count (expected row count 1 but was 0) [update tasks set project_id=?,status=?,tenant_id=?,title=?,version=? where id=? and version=?] for entity [com.example.WorkHub.models.Task with id '25']]
jakarta.persistence.OptimisticLockException: Unexpected row count (expected row count 1 but was 0) [update tasks set project_id=?,status=?,tenant_id=?,title=?,version=? where id=? and version=?] for entity [com.example.WorkHub.models.Task with id '25']
	at org.hibernate.internal.ExceptionConverterImpl.wrapStaleStateException(ExceptionConverterImpl.java:215)
	at org.hibernate.internal.ExceptionConverterImpl.convert(ExceptionConverterImpl.java:83)
	at org.hibernate.internal.ExceptionConverterImpl.convert(ExceptionConverterImpl.java:168)
	at org.hibernate.internal.ExceptionConverterImpl.convert(ExceptionConverterImpl.java:174)
	at org.hibernate.internal.SessionImpl.fireFlush(SessionImpl.java:1489)
	at org.hibernate.internal.SessionImpl.flush(SessionImpl.java:1472)
	at java.base/jdk.internal.reflect.DirectMethodHandleAccessor.invoke(DirectMethodHandleAccessor.java:103)
	at java.base/java.lang.reflect.Method.invoke(Method.java:580)
	at org.springframework.orm.jpa.SharedEntityManagerCreator$SharedEntityHandlerInvocationHandler.invokeMethod(SharedEntityManagerCreator.java:240)
	at org.springframework.orm.jpa.SharedEntityManagerCreator$SharedEntityManagerInvocationHandler.invoke(SharedEntityManagerCreator.java:386)
	at jdk.proxy2/jdk.proxy2.$Proxy220.flush(Unknown Source)
	at org.springframework.data.jpa.repository.support.SimpleJpaRepository.flush(SimpleJpaRepository.java:709)
	at org.springframework.data.jpa.repository.support.SimpleJpaRepository.saveAndFlush(SimpleJpaRepository.java:676)
	at java.base/jdk.internal.reflect.DirectMethodHandleAccessor.invoke(DirectMethodHandleAccessor.java:103)
	at java.base/java.lang.reflect.Method.invoke(Method.java:580)
	at org.springframework.aop.support.AopUtils.invokeJoinpointUsingReflection(AopUtils.java:359)
	at org.springframework.data.repository.core.support.RepositoryMethodInvoker$RepositoryFragmentMethodInvoker.lambda$new$0(RepositoryMethodInvoker.java:278)
	at org.springframework.data.repository.core.support.RepositoryMethodInvoker.doInvoke(RepositoryMethodInvoker.java:169)
	at org.springframework.data.repository.core.support.RepositoryMethodInvoker.invoke(RepositoryMethodInvoker.java:158)
	at org.springframework.data.repository.core.support.RepositoryComposition$RepositoryFragments.invoke(RepositoryComposition.java:545)
	at org.springframework.data.repository.core.support.RepositoryComposition.invoke(RepositoryComposition.java:290)
	at org.springframework.data.repository.core.support.RepositoryFactorySupport$ImplementationMethodExecutionInterceptor.invoke(RepositoryFactorySupport.java:690)
	at org.springframework.aop.framework.ReflectiveMethodInvocation.proceed(ReflectiveMethodInvocation.java:179)
	at org.springframework.data.repository.core.support.QueryExecutorMethodInterceptor.doInvoke(QueryExecutorMethodInterceptor.java:171)
	at org.springframework.data.repository.core.support.QueryExecutorMethodInterceptor.invoke(QueryExecutorMethodInterceptor.java:146)
	at org.springframework.aop.framework.ReflectiveMethodInvocation.proceed(ReflectiveMethodInvocation.java:179)
	at org.springframework.data.projection.DefaultMethodInvokingMethodInterceptor.invoke(DefaultMethodInvokingMethodInterceptor.java:69)
	at org.springframework.aop.framework.ReflectiveMethodInvocation.proceed(ReflectiveMethodInvocation.java:179)
	at org.springframework.transaction.interceptor.TransactionInterceptor$1.proceedWithInvocation(TransactionInterceptor.java:133)
	at org.springframework.transaction.interceptor.TransactionAspectSupport.invokeWithinTransaction(TransactionAspectSupport.java:371)
	at org.springframework.transaction.interceptor.TransactionInterceptor.invoke(TransactionInterceptor.java:130)
	at org.springframework.aop.framework.ReflectiveMethodInvocation.proceed(ReflectiveMethodInvocation.java:179)
	at org.springframework.dao.support.PersistenceExceptionTranslationInterceptor.invoke(PersistenceExceptionTranslationInterceptor.java:135)
	at org.springframework.aop.framework.ReflectiveMethodInvocation.proceed(ReflectiveMethodInvocation.java:179)
	at org.springframework.data.jpa.repository.support.CrudMethodMetadataPostProcessor$CrudMethodMetadataPopulatingMethodInterceptor.invoke(CrudMethodMetadataPostProcessor.java:166)
	at org.springframework.aop.framework.ReflectiveMethodInvocation.proceed(ReflectiveMethodInvocation.java:179)
	at org.springframework.aop.framework.JdkDynamicAopProxy.invoke(JdkDynamicAopProxy.java:222)
	at jdk.proxy2/jdk.proxy2.$Proxy232.saveAndFlush(Unknown Source)
	at com.example.WorkHub.services.ConcurrencySafetyIntegrationTest.lambda$concurrentUpdates_optimisticLockingPreventsLostUpdates$1(Concurrencysafetyintegrationtest.java:84)
	at java.base/java.util.concurrent.Executors$RunnableAdapter.call(Executors.java:572)
	at java.base/java.util.concurrent.FutureTask.run(FutureTask.java:317)
	at java.base/java.util.concurrent.ThreadPoolExecutor.runWorker(ThreadPoolExecutor.java:1144)
	at java.base/java.util.concurrent.ThreadPoolExecutor$Worker.run(ThreadPoolExecutor.java:642)
	at java.base/java.lang.Thread.run(Thread.java:1583)
Caused by: org.hibernate.StaleObjectStateException: Unexpected row count (expected row count 1 but was 0) [update tasks set project_id=?,status=?,tenant_id=?,title=?,version=? where id=? and version=?] for entity [com.example.WorkHub.models.Task with id '25']
	at org.hibernate.engine.jdbc.mutation.internal.ModelMutationHelper.identifiedResultsCheck(ModelMutationHelper.java:73)
	at org.hibernate.persister.entity.mutation.UpdateCoordinatorStandard.resultCheck(UpdateCoordinatorStandard.java:1025)
	at org.hibernate.persister.entity.mutation.UpdateCoordinatorStandard.lambda$doStaticUpdate$1(UpdateCoordinatorStandard.java:781)
	at org.hibernate.engine.jdbc.mutation.internal.ModelMutationHelper.checkResults(ModelMutationHelper.java:48)
	at org.hibernate.engine.jdbc.mutation.internal.AbstractMutationExecutor.performNonBatchedMutation(AbstractMutationExecutor.java:152)
	at org.hibernate.engine.jdbc.mutation.internal.MutationExecutorSingleNonBatched.performNonBatchedOperations(MutationExecutorSingleNonBatched.java:53)
	at org.hibernate.engine.jdbc.mutation.internal.AbstractMutationExecutor.execute(AbstractMutationExecutor.java:66)
	at org.hibernate.persister.entity.mutation.UpdateCoordinatorStandard.doStaticUpdate(UpdateCoordinatorStandard.java:776)
	at org.hibernate.persister.entity.mutation.UpdateCoordinatorStandard.performUpdate(UpdateCoordinatorStandard.java:313)
	at org.hibernate.persister.entity.mutation.UpdateCoordinatorStandard.update(UpdateCoordinatorStandard.java:231)
	at org.hibernate.action.internal.EntityUpdateAction.execute(EntityUpdateAction.java:161)
	at org.hibernate.engine.spi.ActionQueue.executeActions(ActionQueue.java:634)
	at org.hibernate.engine.spi.ActionQueue.executeActions(ActionQueue.java:505)
	at org.hibernate.event.internal.AbstractFlushingEventListener.performExecutions(AbstractFlushingEventListener.java:381)
	at org.hibernate.event.internal.DefaultFlushEventListener.onFlush(DefaultFlushEventListener.java:40)
	at org.hibernate.event.service.internal.EventListenerGroupImpl.fireEventOnEachListener(EventListenerGroupImpl.java:138)
	at org.hibernate.internal.SessionImpl.fireFlush(SessionImpl.java:1484)
	... 39 common frames omitted
Caused by: org.hibernate.StaleStateException: Unexpected row count (expected row count 1 but was 0) [update tasks set project_id=?,status=?,tenant_id=?,title=?,version=? where id=? and version=?]
	at org.hibernate.jdbc.Expectations.checkNonBatched(Expectations.java:93)
	at org.hibernate.jdbc.Expectation$RowCount.verifyOutcome(Expectation.java:170)
	at org.hibernate.engine.jdbc.mutation.internal.ModelMutationHelper.identifiedResultsCheck(ModelMutationHelper.java:60)
	... 55 common frames omitted
2026-05-16 18:43:41.441 [pool-3-thread-2] DEBUG o.s.orm.jpa.JpaTransactionManager [] - Initiating transaction rollback
2026-05-16 18:43:41.441 [pool-3-thread-2] DEBUG o.s.orm.jpa.JpaTransactionManager [] - Rolling back JPA transaction on EntityManager [SessionImpl(1362243831<open>)]
2026-05-16 18:43:41.444 [pool-3-thread-2] DEBUG o.s.orm.jpa.JpaTransactionManager [] - Closing JPA EntityManager after transaction
2026-05-16 18:43:41.445 [pool-3-thread-1] TRACE o.s.t.i.TransactionInterceptor [] - Completing transaction for [org.springframework.data.jpa.repository.support.SimpleJpaRepository.saveAndFlush] after exception: jakarta.persistence.OptimisticLockException: Unexpected row count (expected row count 1 but was 0) [update tasks set project_id=?,status=?,tenant_id=?,title=?,version=? where id=? and version=?] for entity [com.example.WorkHub.models.Task with id '25']
2026-05-16 18:43:41.445 [pool-3-thread-1] TRACE o.s.t.i.TransactionInterceptor [] - MethodRollbackEvent: org.springframework.data.jpa.repository.JpaRepository.saveAndFlush [jakarta.persistence.OptimisticLockException: Unexpected row count (expected row count 1 but was 0) [update tasks set project_id=?,status=?,tenant_id=?,title=?,version=? where id=? and version=?] for entity [com.example.WorkHub.models.Task with id '25']]
jakarta.persistence.OptimisticLockException: Unexpected row count (expected row count 1 but was 0) [update tasks set project_id=?,status=?,tenant_id=?,title=?,version=? where id=? and version=?] for entity [com.example.WorkHub.models.Task with id '25']
	at org.hibernate.internal.ExceptionConverterImpl.wrapStaleStateException(ExceptionConverterImpl.java:215)
	at org.hibernate.internal.ExceptionConverterImpl.convert(ExceptionConverterImpl.java:83)
	at org.hibernate.internal.ExceptionConverterImpl.convert(ExceptionConverterImpl.java:168)
	at org.hibernate.internal.ExceptionConverterImpl.convert(ExceptionConverterImpl.java:174)
	at org.hibernate.internal.SessionImpl.fireFlush(SessionImpl.java:1489)
	at org.hibernate.internal.SessionImpl.flush(SessionImpl.java:1472)
	at java.base/jdk.internal.reflect.DirectMethodHandleAccessor.invoke(DirectMethodHandleAccessor.java:103)
	at java.base/java.lang.reflect.Method.invoke(Method.java:580)
	at org.springframework.orm.jpa.SharedEntityManagerCreator$SharedEntityHandlerInvocationHandler.invokeMethod(SharedEntityManagerCreator.java:240)
	at org.springframework.orm.jpa.SharedEntityManagerCreator$SharedEntityManagerInvocationHandler.invoke(SharedEntityManagerCreator.java:386)
	at jdk.proxy2/jdk.proxy2.$Proxy220.flush(Unknown Source)
	at org.springframework.data.jpa.repository.support.SimpleJpaRepository.flush(SimpleJpaRepository.java:709)
	at org.springframework.data.jpa.repository.support.SimpleJpaRepository.saveAndFlush(SimpleJpaRepository.java:676)
	at java.base/jdk.internal.reflect.DirectMethodHandleAccessor.invoke(DirectMethodHandleAccessor.java:103)
	at java.base/java.lang.reflect.Method.invoke(Method.java:580)
	at org.springframework.aop.support.AopUtils.invokeJoinpointUsingReflection(AopUtils.java:359)
	at org.springframework.data.repository.core.support.RepositoryMethodInvoker$RepositoryFragmentMethodInvoker.lambda$new$0(RepositoryMethodInvoker.java:278)
	at org.springframework.data.repository.core.support.RepositoryMethodInvoker.doInvoke(RepositoryMethodInvoker.java:169)
	at org.springframework.data.repository.core.support.RepositoryMethodInvoker.invoke(RepositoryMethodInvoker.java:158)
	at org.springframework.data.repository.core.support.RepositoryComposition$RepositoryFragments.invoke(RepositoryComposition.java:545)
	at org.springframework.data.repository.core.support.RepositoryComposition.invoke(RepositoryComposition.java:290)
	at org.springframework.data.repository.core.support.RepositoryFactorySupport$ImplementationMethodExecutionInterceptor.invoke(RepositoryFactorySupport.java:690)
	at org.springframework.aop.framework.ReflectiveMethodInvocation.proceed(ReflectiveMethodInvocation.java:179)
	at org.springframework.data.repository.core.support.QueryExecutorMethodInterceptor.doInvoke(QueryExecutorMethodInterceptor.java:171)
	at org.springframework.data.repository.core.support.QueryExecutorMethodInterceptor.invoke(QueryExecutorMethodInterceptor.java:146)
	at org.springframework.aop.framework.ReflectiveMethodInvocation.proceed(ReflectiveMethodInvocation.java:179)
	at org.springframework.data.projection.DefaultMethodInvokingMethodInterceptor.invoke(DefaultMethodInvokingMethodInterceptor.java:69)
	at org.springframework.aop.framework.ReflectiveMethodInvocation.proceed(ReflectiveMethodInvocation.java:179)
	at org.springframework.transaction.interceptor.TransactionInterceptor$1.proceedWithInvocation(TransactionInterceptor.java:133)
	at org.springframework.transaction.interceptor.TransactionAspectSupport.invokeWithinTransaction(TransactionAspectSupport.java:371)
	at org.springframework.transaction.interceptor.TransactionInterceptor.invoke(TransactionInterceptor.java:130)
	at org.springframework.aop.framework.ReflectiveMethodInvocation.proceed(ReflectiveMethodInvocation.java:179)
	at org.springframework.dao.support.PersistenceExceptionTranslationInterceptor.invoke(PersistenceExceptionTranslationInterceptor.java:135)
	at org.springframework.aop.framework.ReflectiveMethodInvocation.proceed(ReflectiveMethodInvocation.java:179)
	at org.springframework.data.jpa.repository.support.CrudMethodMetadataPostProcessor$CrudMethodMetadataPopulatingMethodInterceptor.invoke(CrudMethodMetadataPostProcessor.java:166)
	at org.springframework.aop.framework.ReflectiveMethodInvocation.proceed(ReflectiveMethodInvocation.java:179)
	at org.springframework.aop.framework.JdkDynamicAopProxy.invoke(JdkDynamicAopProxy.java:222)
	at jdk.proxy2/jdk.proxy2.$Proxy232.saveAndFlush(Unknown Source)
	at com.example.WorkHub.services.ConcurrencySafetyIntegrationTest.lambda$concurrentUpdates_optimisticLockingPreventsLostUpdates$1(Concurrencysafetyintegrationtest.java:84)
	at java.base/java.util.concurrent.Executors$RunnableAdapter.call(Executors.java:572)
	at java.base/java.util.concurrent.FutureTask.run(FutureTask.java:317)
	at java.base/java.util.concurrent.ThreadPoolExecutor.runWorker(ThreadPoolExecutor.java:1144)
	at java.base/java.util.concurrent.ThreadPoolExecutor$Worker.run(ThreadPoolExecutor.java:642)
	at java.base/java.lang.Thread.run(Thread.java:1583)
Caused by: org.hibernate.StaleObjectStateException: Unexpected row count (expected row count 1 but was 0) [update tasks set project_id=?,status=?,tenant_id=?,title=?,version=? where id=? and version=?] for entity [com.example.WorkHub.models.Task with id '25']
	at org.hibernate.engine.jdbc.mutation.internal.ModelMutationHelper.identifiedResultsCheck(ModelMutationHelper.java:73)
	at org.hibernate.persister.entity.mutation.UpdateCoordinatorStandard.resultCheck(UpdateCoordinatorStandard.java:1025)
	at org.hibernate.persister.entity.mutation.UpdateCoordinatorStandard.lambda$doStaticUpdate$1(UpdateCoordinatorStandard.java:781)
	at org.hibernate.engine.jdbc.mutation.internal.ModelMutationHelper.checkResults(ModelMutationHelper.java:48)
	at org.hibernate.engine.jdbc.mutation.internal.AbstractMutationExecutor.performNonBatchedMutation(AbstractMutationExecutor.java:152)
	at org.hibernate.engine.jdbc.mutation.internal.MutationExecutorSingleNonBatched.performNonBatchedOperations(MutationExecutorSingleNonBatched.java:53)
	at org.hibernate.engine.jdbc.mutation.internal.AbstractMutationExecutor.execute(AbstractMutationExecutor.java:66)
	at org.hibernate.persister.entity.mutation.UpdateCoordinatorStandard.doStaticUpdate(UpdateCoordinatorStandard.java:776)
	at org.hibernate.persister.entity.mutation.UpdateCoordinatorStandard.performUpdate(UpdateCoordinatorStandard.java:313)
	at org.hibernate.persister.entity.mutation.UpdateCoordinatorStandard.update(UpdateCoordinatorStandard.java:231)
	at org.hibernate.action.internal.EntityUpdateAction.execute(EntityUpdateAction.java:161)
	at org.hibernate.engine.spi.ActionQueue.executeActions(ActionQueue.java:634)
	at org.hibernate.engine.spi.ActionQueue.executeActions(ActionQueue.java:505)
	at org.hibernate.event.internal.AbstractFlushingEventListener.performExecutions(AbstractFlushingEventListener.java:381)
	at org.hibernate.event.internal.DefaultFlushEventListener.onFlush(DefaultFlushEventListener.java:40)
	at org.hibernate.event.service.internal.EventListenerGroupImpl.fireEventOnEachListener(EventListenerGroupImpl.java:138)
	at org.hibernate.internal.SessionImpl.fireFlush(SessionImpl.java:1484)
	... 39 common frames omitted
Caused by: org.hibernate.StaleStateException: Unexpected row count (expected row count 1 but was 0) [update tasks set project_id=?,status=?,tenant_id=?,title=?,version=? where id=? and version=?]
	at org.hibernate.jdbc.Expectations.checkNonBatched(Expectations.java:93)
	at org.hibernate.jdbc.Expectation$RowCount.verifyOutcome(Expectation.java:170)
	at org.hibernate.engine.jdbc.mutation.internal.ModelMutationHelper.identifiedResultsCheck(ModelMutationHelper.java:60)
	... 55 common frames omitted
2026-05-16 18:43:41.445 [pool-3-thread-1] DEBUG o.s.orm.jpa.JpaTransactionManager [] - Initiating transaction rollback
2026-05-16 18:43:41.445 [pool-3-thread-1] DEBUG o.s.orm.jpa.JpaTransactionManager [] - Rolling back JPA transaction on EntityManager [SessionImpl(1050724942<open>)]
2026-05-16 18:43:41.448 [pool-3-thread-1] DEBUG o.s.orm.jpa.JpaTransactionManager [] - Closing JPA EntityManager after transaction
2026-05-16 18:43:41.449 [pool-3-thread-6] TRACE o.s.t.i.TransactionInterceptor [] - Completing transaction for [org.springframework.data.jpa.repository.support.SimpleJpaRepository.saveAndFlush] after exception: jakarta.persistence.OptimisticLockException: Unexpected row count (expected row count 1 but was 0) [update tasks set project_id=?,status=?,tenant_id=?,title=?,version=? where id=? and version=?] for entity [com.example.WorkHub.models.Task with id '25']
2026-05-16 18:43:41.449 [pool-3-thread-6] TRACE o.s.t.i.TransactionInterceptor [] - MethodRollbackEvent: org.springframework.data.jpa.repository.JpaRepository.saveAndFlush [jakarta.persistence.OptimisticLockException: Unexpected row count (expected row count 1 but was 0) [update tasks set project_id=?,status=?,tenant_id=?,title=?,version=? where id=? and version=?] for entity [com.example.WorkHub.models.Task with id '25']]
jakarta.persistence.OptimisticLockException: Unexpected row count (expected row count 1 but was 0) [update tasks set project_id=?,status=?,tenant_id=?,title=?,version=? where id=? and version=?] for entity [com.example.WorkHub.models.Task with id '25']
	at org.hibernate.internal.ExceptionConverterImpl.wrapStaleStateException(ExceptionConverterImpl.java:215)
	at org.hibernate.internal.ExceptionConverterImpl.convert(ExceptionConverterImpl.java:83)
	at org.hibernate.internal.ExceptionConverterImpl.convert(ExceptionConverterImpl.java:168)
	at org.hibernate.internal.ExceptionConverterImpl.convert(ExceptionConverterImpl.java:174)
	at org.hibernate.internal.SessionImpl.fireFlush(SessionImpl.java:1489)
	at org.hibernate.internal.SessionImpl.flush(SessionImpl.java:1472)
	at java.base/jdk.internal.reflect.DirectMethodHandleAccessor.invoke(DirectMethodHandleAccessor.java:103)
	at java.base/java.lang.reflect.Method.invoke(Method.java:580)
	at org.springframework.orm.jpa.SharedEntityManagerCreator$SharedEntityHandlerInvocationHandler.invokeMethod(SharedEntityManagerCreator.java:240)
	at org.springframework.orm.jpa.SharedEntityManagerCreator$SharedEntityManagerInvocationHandler.invoke(SharedEntityManagerCreator.java:386)
	at jdk.proxy2/jdk.proxy2.$Proxy220.flush(Unknown Source)
	at org.springframework.data.jpa.repository.support.SimpleJpaRepository.flush(SimpleJpaRepository.java:709)
	at org.springframework.data.jpa.repository.support.SimpleJpaRepository.saveAndFlush(SimpleJpaRepository.java:676)
	at java.base/jdk.internal.reflect.DirectMethodHandleAccessor.invoke(DirectMethodHandleAccessor.java:103)
	at java.base/java.lang.reflect.Method.invoke(Method.java:580)
	at org.springframework.aop.support.AopUtils.invokeJoinpointUsingReflection(AopUtils.java:359)
	at org.springframework.data.repository.core.support.RepositoryMethodInvoker$RepositoryFragmentMethodInvoker.lambda$new$0(RepositoryMethodInvoker.java:278)
	at org.springframework.data.repository.core.support.RepositoryMethodInvoker.doInvoke(RepositoryMethodInvoker.java:169)
	at org.springframework.data.repository.core.support.RepositoryMethodInvoker.invoke(RepositoryMethodInvoker.java:158)
	at org.springframework.data.repository.core.support.RepositoryComposition$RepositoryFragments.invoke(RepositoryComposition.java:545)
	at org.springframework.data.repository.core.support.RepositoryComposition.invoke(RepositoryComposition.java:290)
	at org.springframework.data.repository.core.support.RepositoryFactorySupport$ImplementationMethodExecutionInterceptor.invoke(RepositoryFactorySupport.java:690)
	at org.springframework.aop.framework.ReflectiveMethodInvocation.proceed(ReflectiveMethodInvocation.java:179)
	at org.springframework.data.repository.core.support.QueryExecutorMethodInterceptor.doInvoke(QueryExecutorMethodInterceptor.java:171)
	at org.springframework.data.repository.core.support.QueryExecutorMethodInterceptor.invoke(QueryExecutorMethodInterceptor.java:146)
	at org.springframework.aop.framework.ReflectiveMethodInvocation.proceed(ReflectiveMethodInvocation.java:179)
	at org.springframework.data.projection.DefaultMethodInvokingMethodInterceptor.invoke(DefaultMethodInvokingMethodInterceptor.java:69)
	at org.springframework.aop.framework.ReflectiveMethodInvocation.proceed(ReflectiveMethodInvocation.java:179)
	at org.springframework.transaction.interceptor.TransactionInterceptor$1.proceedWithInvocation(TransactionInterceptor.java:133)
	at org.springframework.transaction.interceptor.TransactionAspectSupport.invokeWithinTransaction(TransactionAspectSupport.java:371)
	at org.springframework.transaction.interceptor.TransactionInterceptor.invoke(TransactionInterceptor.java:130)
	at org.springframework.aop.framework.ReflectiveMethodInvocation.proceed(ReflectiveMethodInvocation.java:179)
	at org.springframework.dao.support.PersistenceExceptionTranslationInterceptor.invoke(PersistenceExceptionTranslationInterceptor.java:135)
	at org.springframework.aop.framework.ReflectiveMethodInvocation.proceed(ReflectiveMethodInvocation.java:179)
	at org.springframework.data.jpa.repository.support.CrudMethodMetadataPostProcessor$CrudMethodMetadataPopulatingMethodInterceptor.invoke(CrudMethodMetadataPostProcessor.java:166)
	at org.springframework.aop.framework.ReflectiveMethodInvocation.proceed(ReflectiveMethodInvocation.java:179)
	at org.springframework.aop.framework.JdkDynamicAopProxy.invoke(JdkDynamicAopProxy.java:222)
	at jdk.proxy2/jdk.proxy2.$Proxy232.saveAndFlush(Unknown Source)
	at com.example.WorkHub.services.ConcurrencySafetyIntegrationTest.lambda$concurrentUpdates_optimisticLockingPreventsLostUpdates$1(Concurrencysafetyintegrationtest.java:84)
	at java.base/java.util.concurrent.Executors$RunnableAdapter.call(Executors.java:572)
	at java.base/java.util.concurrent.FutureTask.run(FutureTask.java:317)
	at java.base/java.util.concurrent.ThreadPoolExecutor.runWorker(ThreadPoolExecutor.java:1144)
	at java.base/java.util.concurrent.ThreadPoolExecutor$Worker.run(ThreadPoolExecutor.java:642)
	at java.base/java.lang.Thread.run(Thread.java:1583)
Caused by: org.hibernate.StaleObjectStateException: Unexpected row count (expected row count 1 but was 0) [update tasks set project_id=?,status=?,tenant_id=?,title=?,version=? where id=? and version=?] for entity [com.example.WorkHub.models.Task with id '25']
	at org.hibernate.engine.jdbc.mutation.internal.ModelMutationHelper.identifiedResultsCheck(ModelMutationHelper.java:73)
	at org.hibernate.persister.entity.mutation.UpdateCoordinatorStandard.resultCheck(UpdateCoordinatorStandard.java:1025)
	at org.hibernate.persister.entity.mutation.UpdateCoordinatorStandard.lambda$doStaticUpdate$1(UpdateCoordinatorStandard.java:781)
	at org.hibernate.engine.jdbc.mutation.internal.ModelMutationHelper.checkResults(ModelMutationHelper.java:48)
	at org.hibernate.engine.jdbc.mutation.internal.AbstractMutationExecutor.performNonBatchedMutation(AbstractMutationExecutor.java:152)
	at org.hibernate.engine.jdbc.mutation.internal.MutationExecutorSingleNonBatched.performNonBatchedOperations(MutationExecutorSingleNonBatched.java:53)
	at org.hibernate.engine.jdbc.mutation.internal.AbstractMutationExecutor.execute(AbstractMutationExecutor.java:66)
	at org.hibernate.persister.entity.mutation.UpdateCoordinatorStandard.doStaticUpdate(UpdateCoordinatorStandard.java:776)
	at org.hibernate.persister.entity.mutation.UpdateCoordinatorStandard.performUpdate(UpdateCoordinatorStandard.java:313)
	at org.hibernate.persister.entity.mutation.UpdateCoordinatorStandard.update(UpdateCoordinatorStandard.java:231)
	at org.hibernate.action.internal.EntityUpdateAction.execute(EntityUpdateAction.java:161)
	at org.hibernate.engine.spi.ActionQueue.executeActions(ActionQueue.java:634)
	at org.hibernate.engine.spi.ActionQueue.executeActions(ActionQueue.java:505)
	at org.hibernate.event.internal.AbstractFlushingEventListener.performExecutions(AbstractFlushingEventListener.java:381)
	at org.hibernate.event.internal.DefaultFlushEventListener.onFlush(DefaultFlushEventListener.java:40)
	at org.hibernate.event.service.internal.EventListenerGroupImpl.fireEventOnEachListener(EventListenerGroupImpl.java:138)
	at org.hibernate.internal.SessionImpl.fireFlush(SessionImpl.java:1484)
	... 39 common frames omitted
Caused by: org.hibernate.StaleStateException: Unexpected row count (expected row count 1 but was 0) [update tasks set project_id=?,status=?,tenant_id=?,title=?,version=? where id=? and version=?]
	at org.hibernate.jdbc.Expectations.checkNonBatched(Expectations.java:93)
	at org.hibernate.jdbc.Expectation$RowCount.verifyOutcome(Expectation.java:170)
	at org.hibernate.engine.jdbc.mutation.internal.ModelMutationHelper.identifiedResultsCheck(ModelMutationHelper.java:60)
	... 55 common frames omitted
2026-05-16 18:43:41.451 [pool-3-thread-6] DEBUG o.s.orm.jpa.JpaTransactionManager [] - Initiating transaction rollback
2026-05-16 18:43:41.451 [pool-3-thread-6] DEBUG o.s.orm.jpa.JpaTransactionManager [] - Rolling back JPA transaction on EntityManager [SessionImpl(1569379090<open>)]
2026-05-16 18:43:41.453 [pool-3-thread-6] DEBUG o.s.orm.jpa.JpaTransactionManager [] - Closing JPA EntityManager after transaction
2026-05-16 18:43:41.453 [pool-3-thread-4] TRACE o.s.t.i.TransactionInterceptor [] - Completing transaction for [org.springframework.data.jpa.repository.support.SimpleJpaRepository.saveAndFlush] after exception: jakarta.persistence.OptimisticLockException: Unexpected row count (expected row count 1 but was 0) [update tasks set project_id=?,status=?,tenant_id=?,title=?,version=? where id=? and version=?] for entity [com.example.WorkHub.models.Task with id '25']
2026-05-16 18:43:41.453 [pool-3-thread-4] TRACE o.s.t.i.TransactionInterceptor [] - MethodRollbackEvent: org.springframework.data.jpa.repository.JpaRepository.saveAndFlush [jakarta.persistence.OptimisticLockException: Unexpected row count (expected row count 1 but was 0) [update tasks set project_id=?,status=?,tenant_id=?,title=?,version=? where id=? and version=?] for entity [com.example.WorkHub.models.Task with id '25']]
jakarta.persistence.OptimisticLockException: Unexpected row count (expected row count 1 but was 0) [update tasks set project_id=?,status=?,tenant_id=?,title=?,version=? where id=? and version=?] for entity [com.example.WorkHub.models.Task with id '25']
	at org.hibernate.internal.ExceptionConverterImpl.wrapStaleStateException(ExceptionConverterImpl.java:215)
	at org.hibernate.internal.ExceptionConverterImpl.convert(ExceptionConverterImpl.java:83)
	at org.hibernate.internal.ExceptionConverterImpl.convert(ExceptionConverterImpl.java:168)
	at org.hibernate.internal.ExceptionConverterImpl.convert(ExceptionConverterImpl.java:174)
	at org.hibernate.internal.SessionImpl.fireFlush(SessionImpl.java:1489)
	at org.hibernate.internal.SessionImpl.flush(SessionImpl.java:1472)
	at java.base/jdk.internal.reflect.DirectMethodHandleAccessor.invoke(DirectMethodHandleAccessor.java:103)
	at java.base/java.lang.reflect.Method.invoke(Method.java:580)
	at org.springframework.orm.jpa.SharedEntityManagerCreator$SharedEntityHandlerInvocationHandler.invokeMethod(SharedEntityManagerCreator.java:240)
	at org.springframework.orm.jpa.SharedEntityManagerCreator$SharedEntityManagerInvocationHandler.invoke(SharedEntityManagerCreator.java:386)
	at jdk.proxy2/jdk.proxy2.$Proxy220.flush(Unknown Source)
	at org.springframework.data.jpa.repository.support.SimpleJpaRepository.flush(SimpleJpaRepository.java:709)
	at org.springframework.data.jpa.repository.support.SimpleJpaRepository.saveAndFlush(SimpleJpaRepository.java:676)
	at java.base/jdk.internal.reflect.DirectMethodHandleAccessor.invoke(DirectMethodHandleAccessor.java:103)
	at java.base/java.lang.reflect.Method.invoke(Method.java:580)
	at org.springframework.aop.support.AopUtils.invokeJoinpointUsingReflection(AopUtils.java:359)
	at org.springframework.data.repository.core.support.RepositoryMethodInvoker$RepositoryFragmentMethodInvoker.lambda$new$0(RepositoryMethodInvoker.java:278)
	at org.springframework.data.repository.core.support.RepositoryMethodInvoker.doInvoke(RepositoryMethodInvoker.java:169)
	at org.springframework.data.repository.core.support.RepositoryMethodInvoker.invoke(RepositoryMethodInvoker.java:158)
	at org.springframework.data.repository.core.support.RepositoryComposition$RepositoryFragments.invoke(RepositoryComposition.java:545)
	at org.springframework.data.repository.core.support.RepositoryComposition.invoke(RepositoryComposition.java:290)
	at org.springframework.data.repository.core.support.RepositoryFactorySupport$ImplementationMethodExecutionInterceptor.invoke(RepositoryFactorySupport.java:690)
	at org.springframework.aop.framework.ReflectiveMethodInvocation.proceed(ReflectiveMethodInvocation.java:179)
	at org.springframework.data.repository.core.support.QueryExecutorMethodInterceptor.doInvoke(QueryExecutorMethodInterceptor.java:171)
	at org.springframework.data.repository.core.support.QueryExecutorMethodInterceptor.invoke(QueryExecutorMethodInterceptor.java:146)
	at org.springframework.aop.framework.ReflectiveMethodInvocation.proceed(ReflectiveMethodInvocation.java:179)
	at org.springframework.data.projection.DefaultMethodInvokingMethodInterceptor.invoke(DefaultMethodInvokingMethodInterceptor.java:69)
	at org.springframework.aop.framework.ReflectiveMethodInvocation.proceed(ReflectiveMethodInvocation.java:179)
	at org.springframework.transaction.interceptor.TransactionInterceptor$1.proceedWithInvocation(TransactionInterceptor.java:133)
	at org.springframework.transaction.interceptor.TransactionAspectSupport.invokeWithinTransaction(TransactionAspectSupport.java:371)
	at org.springframework.transaction.interceptor.TransactionInterceptor.invoke(TransactionInterceptor.java:130)
	at org.springframework.aop.framework.ReflectiveMethodInvocation.proceed(ReflectiveMethodInvocation.java:179)
	at org.springframework.dao.support.PersistenceExceptionTranslationInterceptor.invoke(PersistenceExceptionTranslationInterceptor.java:135)
	at org.springframework.aop.framework.ReflectiveMethodInvocation.proceed(ReflectiveMethodInvocation.java:179)
	at org.springframework.data.jpa.repository.support.CrudMethodMetadataPostProcessor$CrudMethodMetadataPopulatingMethodInterceptor.invoke(CrudMethodMetadataPostProcessor.java:166)
	at org.springframework.aop.framework.ReflectiveMethodInvocation.proceed(ReflectiveMethodInvocation.java:179)
	at org.springframework.aop.framework.JdkDynamicAopProxy.invoke(JdkDynamicAopProxy.java:222)
	at jdk.proxy2/jdk.proxy2.$Proxy232.saveAndFlush(Unknown Source)
	at com.example.WorkHub.services.ConcurrencySafetyIntegrationTest.lambda$concurrentUpdates_optimisticLockingPreventsLostUpdates$1(Concurrencysafetyintegrationtest.java:84)
	at java.base/java.util.concurrent.Executors$RunnableAdapter.call(Executors.java:572)
	at java.base/java.util.concurrent.FutureTask.run(FutureTask.java:317)
	at java.base/java.util.concurrent.ThreadPoolExecutor.runWorker(ThreadPoolExecutor.java:1144)
	at java.base/java.util.concurrent.ThreadPoolExecutor$Worker.run(ThreadPoolExecutor.java:642)
	at java.base/java.lang.Thread.run(Thread.java:1583)
Caused by: org.hibernate.StaleObjectStateException: Unexpected row count (expected row count 1 but was 0) [update tasks set project_id=?,status=?,tenant_id=?,title=?,version=? where id=? and version=?] for entity [com.example.WorkHub.models.Task with id '25']
	at org.hibernate.engine.jdbc.mutation.internal.ModelMutationHelper.identifiedResultsCheck(ModelMutationHelper.java:73)
	at org.hibernate.persister.entity.mutation.UpdateCoordinatorStandard.resultCheck(UpdateCoordinatorStandard.java:1025)
	at org.hibernate.persister.entity.mutation.UpdateCoordinatorStandard.lambda$doStaticUpdate$1(UpdateCoordinatorStandard.java:781)
	at org.hibernate.engine.jdbc.mutation.internal.ModelMutationHelper.checkResults(ModelMutationHelper.java:48)
	at org.hibernate.engine.jdbc.mutation.internal.AbstractMutationExecutor.performNonBatchedMutation(AbstractMutationExecutor.java:152)
	at org.hibernate.engine.jdbc.mutation.internal.MutationExecutorSingleNonBatched.performNonBatchedOperations(MutationExecutorSingleNonBatched.java:53)
	at org.hibernate.engine.jdbc.mutation.internal.AbstractMutationExecutor.execute(AbstractMutationExecutor.java:66)
	at org.hibernate.persister.entity.mutation.UpdateCoordinatorStandard.doStaticUpdate(UpdateCoordinatorStandard.java:776)
	at org.hibernate.persister.entity.mutation.UpdateCoordinatorStandard.performUpdate(UpdateCoordinatorStandard.java:313)
	at org.hibernate.persister.entity.mutation.UpdateCoordinatorStandard.update(UpdateCoordinatorStandard.java:231)
	at org.hibernate.action.internal.EntityUpdateAction.execute(EntityUpdateAction.java:161)
	at org.hibernate.engine.spi.ActionQueue.executeActions(ActionQueue.java:634)
	at org.hibernate.engine.spi.ActionQueue.executeActions(ActionQueue.java:505)
	at org.hibernate.event.internal.AbstractFlushingEventListener.performExecutions(AbstractFlushingEventListener.java:381)
	at org.hibernate.event.internal.DefaultFlushEventListener.onFlush(DefaultFlushEventListener.java:40)
	at org.hibernate.event.service.internal.EventListenerGroupImpl.fireEventOnEachListener(EventListenerGroupImpl.java:138)
	at org.hibernate.internal.SessionImpl.fireFlush(SessionImpl.java:1484)
	... 39 common frames omitted
Caused by: org.hibernate.StaleStateException: Unexpected row count (expected row count 1 but was 0) [update tasks set project_id=?,status=?,tenant_id=?,title=?,version=? where id=? and version=?]
	at org.hibernate.jdbc.Expectations.checkNonBatched(Expectations.java:93)
	at org.hibernate.jdbc.Expectation$RowCount.verifyOutcome(Expectation.java:170)
	at org.hibernate.engine.jdbc.mutation.internal.ModelMutationHelper.identifiedResultsCheck(ModelMutationHelper.java:60)
	... 55 common frames omitted
2026-05-16 18:43:41.454 [pool-3-thread-4] DEBUG o.s.orm.jpa.JpaTransactionManager [] - Initiating transaction rollback
2026-05-16 18:43:41.454 [pool-3-thread-4] DEBUG o.s.orm.jpa.JpaTransactionManager [] - Rolling back JPA transaction on EntityManager [SessionImpl(451506633<open>)]
2026-05-16 18:43:41.456 [pool-3-thread-4] DEBUG o.s.orm.jpa.JpaTransactionManager [] - Closing JPA EntityManager after transaction
2026-05-16 18:43:41.457 [pool-3-thread-7] TRACE o.s.t.i.TransactionInterceptor [] - Completing transaction for [org.springframework.data.jpa.repository.support.SimpleJpaRepository.saveAndFlush] after exception: jakarta.persistence.OptimisticLockException: Unexpected row count (expected row count 1 but was 0) [update tasks set project_id=?,status=?,tenant_id=?,title=?,version=? where id=? and version=?] for entity [com.example.WorkHub.models.Task with id '25']
2026-05-16 18:43:41.457 [pool-3-thread-7] TRACE o.s.t.i.TransactionInterceptor [] - MethodRollbackEvent: org.springframework.data.jpa.repository.JpaRepository.saveAndFlush [jakarta.persistence.OptimisticLockException: Unexpected row count (expected row count 1 but was 0) [update tasks set project_id=?,status=?,tenant_id=?,title=?,version=? where id=? and version=?] for entity [com.example.WorkHub.models.Task with id '25']]
jakarta.persistence.OptimisticLockException: Unexpected row count (expected row count 1 but was 0) [update tasks set project_id=?,status=?,tenant_id=?,title=?,version=? where id=? and version=?] for entity [com.example.WorkHub.models.Task with id '25']
	at org.hibernate.internal.ExceptionConverterImpl.wrapStaleStateException(ExceptionConverterImpl.java:215)
	at org.hibernate.internal.ExceptionConverterImpl.convert(ExceptionConverterImpl.java:83)
	at org.hibernate.internal.ExceptionConverterImpl.convert(ExceptionConverterImpl.java:168)
	at org.hibernate.internal.ExceptionConverterImpl.convert(ExceptionConverterImpl.java:174)
	at org.hibernate.internal.SessionImpl.fireFlush(SessionImpl.java:1489)
	at org.hibernate.internal.SessionImpl.flush(SessionImpl.java:1472)
	at java.base/jdk.internal.reflect.DirectMethodHandleAccessor.invoke(DirectMethodHandleAccessor.java:103)
	at java.base/java.lang.reflect.Method.invoke(Method.java:580)
	at org.springframework.orm.jpa.SharedEntityManagerCreator$SharedEntityHandlerInvocationHandler.invokeMethod(SharedEntityManagerCreator.java:240)
	at org.springframework.orm.jpa.SharedEntityManagerCreator$SharedEntityManagerInvocationHandler.invoke(SharedEntityManagerCreator.java:386)
	at jdk.proxy2/jdk.proxy2.$Proxy220.flush(Unknown Source)
	at org.springframework.data.jpa.repository.support.SimpleJpaRepository.flush(SimpleJpaRepository.java:709)
	at org.springframework.data.jpa.repository.support.SimpleJpaRepository.saveAndFlush(SimpleJpaRepository.java:676)
	at java.base/jdk.internal.reflect.DirectMethodHandleAccessor.invoke(DirectMethodHandleAccessor.java:103)
	at java.base/java.lang.reflect.Method.invoke(Method.java:580)
	at org.springframework.aop.support.AopUtils.invokeJoinpointUsingReflection(AopUtils.java:359)
	at org.springframework.data.repository.core.support.RepositoryMethodInvoker$RepositoryFragmentMethodInvoker.lambda$new$0(RepositoryMethodInvoker.java:278)
	at org.springframework.data.repository.core.support.RepositoryMethodInvoker.doInvoke(RepositoryMethodInvoker.java:169)
	at org.springframework.data.repository.core.support.RepositoryMethodInvoker.invoke(RepositoryMethodInvoker.java:158)
	at org.springframework.data.repository.core.support.RepositoryComposition$RepositoryFragments.invoke(RepositoryComposition.java:545)
	at org.springframework.data.repository.core.support.RepositoryComposition.invoke(RepositoryComposition.java:290)
	at org.springframework.data.repository.core.support.RepositoryFactorySupport$ImplementationMethodExecutionInterceptor.invoke(RepositoryFactorySupport.java:690)
	at org.springframework.aop.framework.ReflectiveMethodInvocation.proceed(ReflectiveMethodInvocation.java:179)
	at org.springframework.data.repository.core.support.QueryExecutorMethodInterceptor.doInvoke(QueryExecutorMethodInterceptor.java:171)
	at org.springframework.data.repository.core.support.QueryExecutorMethodInterceptor.invoke(QueryExecutorMethodInterceptor.java:146)
	at org.springframework.aop.framework.ReflectiveMethodInvocation.proceed(ReflectiveMethodInvocation.java:179)
	at org.springframework.data.projection.DefaultMethodInvokingMethodInterceptor.invoke(DefaultMethodInvokingMethodInterceptor.java:69)
	at org.springframework.aop.framework.ReflectiveMethodInvocation.proceed(ReflectiveMethodInvocation.java:179)
	at org.springframework.transaction.interceptor.TransactionInterceptor$1.proceedWithInvocation(TransactionInterceptor.java:133)
	at org.springframework.transaction.interceptor.TransactionAspectSupport.invokeWithinTransaction(TransactionAspectSupport.java:371)
	at org.springframework.transaction.interceptor.TransactionInterceptor.invoke(TransactionInterceptor.java:130)
	at org.springframework.aop.framework.ReflectiveMethodInvocation.proceed(ReflectiveMethodInvocation.java:179)
	at org.springframework.dao.support.PersistenceExceptionTranslationInterceptor.invoke(PersistenceExceptionTranslationInterceptor.java:135)
	at org.springframework.aop.framework.ReflectiveMethodInvocation.proceed(ReflectiveMethodInvocation.java:179)
	at org.springframework.data.jpa.repository.support.CrudMethodMetadataPostProcessor$CrudMethodMetadataPopulatingMethodInterceptor.invoke(CrudMethodMetadataPostProcessor.java:166)
	at org.springframework.aop.framework.ReflectiveMethodInvocation.proceed(ReflectiveMethodInvocation.java:179)
	at org.springframework.aop.framework.JdkDynamicAopProxy.invoke(JdkDynamicAopProxy.java:222)
	at jdk.proxy2/jdk.proxy2.$Proxy232.saveAndFlush(Unknown Source)
	at com.example.WorkHub.services.ConcurrencySafetyIntegrationTest.lambda$concurrentUpdates_optimisticLockingPreventsLostUpdates$1(Concurrencysafetyintegrationtest.java:84)
	at java.base/java.util.concurrent.Executors$RunnableAdapter.call(Executors.java:572)
	at java.base/java.util.concurrent.FutureTask.run(FutureTask.java:317)
	at java.base/java.util.concurrent.ThreadPoolExecutor.runWorker(ThreadPoolExecutor.java:1144)
	at java.base/java.util.concurrent.ThreadPoolExecutor$Worker.run(ThreadPoolExecutor.java:642)
	at java.base/java.lang.Thread.run(Thread.java:1583)
Caused by: org.hibernate.StaleObjectStateException: Unexpected row count (expected row count 1 but was 0) [update tasks set project_id=?,status=?,tenant_id=?,title=?,version=? where id=? and version=?] for entity [com.example.WorkHub.models.Task with id '25']
	at org.hibernate.engine.jdbc.mutation.internal.ModelMutationHelper.identifiedResultsCheck(ModelMutationHelper.java:73)
	at org.hibernate.persister.entity.mutation.UpdateCoordinatorStandard.resultCheck(UpdateCoordinatorStandard.java:1025)
	at org.hibernate.persister.entity.mutation.UpdateCoordinatorStandard.lambda$doStaticUpdate$1(UpdateCoordinatorStandard.java:781)
	at org.hibernate.engine.jdbc.mutation.internal.ModelMutationHelper.checkResults(ModelMutationHelper.java:48)
	at org.hibernate.engine.jdbc.mutation.internal.AbstractMutationExecutor.performNonBatchedMutation(AbstractMutationExecutor.java:152)
	at org.hibernate.engine.jdbc.mutation.internal.MutationExecutorSingleNonBatched.performNonBatchedOperations(MutationExecutorSingleNonBatched.java:53)
	at org.hibernate.engine.jdbc.mutation.internal.AbstractMutationExecutor.execute(AbstractMutationExecutor.java:66)
	at org.hibernate.persister.entity.mutation.UpdateCoordinatorStandard.doStaticUpdate(UpdateCoordinatorStandard.java:776)
	at org.hibernate.persister.entity.mutation.UpdateCoordinatorStandard.performUpdate(UpdateCoordinatorStandard.java:313)
	at org.hibernate.persister.entity.mutation.UpdateCoordinatorStandard.update(UpdateCoordinatorStandard.java:231)
	at org.hibernate.action.internal.EntityUpdateAction.execute(EntityUpdateAction.java:161)
	at org.hibernate.engine.spi.ActionQueue.executeActions(ActionQueue.java:634)
	at org.hibernate.engine.spi.ActionQueue.executeActions(ActionQueue.java:505)
	at org.hibernate.event.internal.AbstractFlushingEventListener.performExecutions(AbstractFlushingEventListener.java:381)
	at org.hibernate.event.internal.DefaultFlushEventListener.onFlush(DefaultFlushEventListener.java:40)
	at org.hibernate.event.service.internal.EventListenerGroupImpl.fireEventOnEachListener(EventListenerGroupImpl.java:138)
	at org.hibernate.internal.SessionImpl.fireFlush(SessionImpl.java:1484)
	... 39 common frames omitted
Caused by: org.hibernate.StaleStateException: Unexpected row count (expected row count 1 but was 0) [update tasks set project_id=?,status=?,tenant_id=?,title=?,version=? where id=? and version=?]
	at org.hibernate.jdbc.Expectations.checkNonBatched(Expectations.java:93)
	at org.hibernate.jdbc.Expectation$RowCount.verifyOutcome(Expectation.java:170)
	at org.hibernate.engine.jdbc.mutation.internal.ModelMutationHelper.identifiedResultsCheck(ModelMutationHelper.java:60)
	... 55 common frames omitted
2026-05-16 18:43:41.458 [pool-3-thread-7] DEBUG o.s.orm.jpa.JpaTransactionManager [] - Initiating transaction rollback
2026-05-16 18:43:41.458 [pool-3-thread-7] DEBUG o.s.orm.jpa.JpaTransactionManager [] - Rolling back JPA transaction on EntityManager [SessionImpl(1689709093<open>)]
2026-05-16 18:43:41.461 [pool-3-thread-7] DEBUG o.s.orm.jpa.JpaTransactionManager [] - Closing JPA EntityManager after transaction
2026-05-16 18:43:41.475 [main] DEBUG o.s.orm.jpa.JpaTransactionManager [] - Creating new transaction with name [org.springframework.data.jpa.repository.support.SimpleJpaRepository.findById]: PROPAGATION_REQUIRED,ISOLATION_DEFAULT,readOnly
2026-05-16 18:43:41.475 [main] DEBUG o.s.orm.jpa.JpaTransactionManager [] - Opened new EntityManager [SessionImpl(269637942<open>)] for JPA transaction
2026-05-16 18:43:41.475 [main] DEBUG o.s.orm.jpa.JpaTransactionManager [] - Exposing JPA transaction as JDBC [org.springframework.orm.jpa.vendor.HibernateJpaDialect$HibernateConnectionHandle@67b2bcbd]
2026-05-16 18:43:41.475 [main] TRACE o.s.t.i.TransactionInterceptor [] - Getting transaction for [org.springframework.data.jpa.repository.support.SimpleJpaRepository.findById]
Hibernate: select t1_0.id,t1_0.created_at,t1_0.project_id,t1_0.status,t1_0.tenant_id,t1_0.title,t1_0.version from tasks t1_0 where t1_0.id=?
2026-05-16 18:43:41.479 [main] TRACE o.s.t.i.TransactionInterceptor [] - Completing transaction for [org.springframework.data.jpa.repository.support.SimpleJpaRepository.findById]
2026-05-16 18:43:41.479 [main] DEBUG o.s.orm.jpa.JpaTransactionManager [] - Initiating transaction commit
2026-05-16 18:43:41.479 [main] DEBUG o.s.orm.jpa.JpaTransactionManager [] - Committing JPA transaction on EntityManager [SessionImpl(269637942<open>)]
2026-05-16 18:43:41.482 [main] DEBUG o.s.orm.jpa.JpaTransactionManager [] - Closing JPA EntityManager after transaction
]]></system-out>
    <system-err><![CDATA[18:43:39,890 |-WARN in ch.qos.logback.core.model.processor.AppenderRefModelHandler - Appender named [DEBUG_FILE] could not be found. Skipping attachment to Logger[ROOT].
18:43:39,890 |-WARN in ch.qos.logback.core.model.processor.AppenderRefModelHandler - Appender named [WARN_FILE] could not be found. Skipping attachment to Logger[ROOT].
18:43:39,890 |-WARN in ch.qos.logback.core.model.processor.AppenderRefModelHandler - Appender named [ERROR_FILE] could not be found. Skipping attachment to Logger[ROOT].
]]></system-err>
  </testcase>
</testsuite>